[ 2013-08-13T15:53:20+08:00 ] 127.0.0.1 /hello/index.php/Public/login
INFO: [ route_check ] --START--
INFO: CheckRoute Behavior ::run [ RunTime:0.014874s ]
INFO: [ route_check ] --END-- [ RunTime:0.014997s ]
INFO: [ app_begin ] --START--
INFO: ReadHtmlCache Behavior ::run [ RunTime:0.006192s ]
INFO: [ app_begin ] --END-- [ RunTime:0.006274s ]
INFO: [ view_parse ] --START--
INFO: ParseTemplate Behavior ::run [ RunTime:0.093895s ]
INFO: [ view_parse ] --END-- [ RunTime:0.094023s ]
INFO: [ view_filter ] --START--
INFO: ContentReplace Behavior ::run [ RunTime:0.001596s ]
INFO: TokenBuild Behavior ::run [ RunTime:0.008368s ]
INFO: WriteHtmlCache Behavior ::run [ RunTime:0.001133s ]
INFO: ShowRuntime Behavior ::run [ RunTime:0.001435s ]
INFO: [ view_filter ] --END-- [ RunTime:0.012773s ]
INFO: [ view_end ] --START--
INFO: ShowPageTrace Behavior ::run [ RunTime:0.010661s ]
INFO: [ view_end ] --END-- [ RunTime:0.010754s ]

[ 2013-08-13T15:53:21+08:00 ] 127.0.0.1 /hello/index.php/Public/verify/
INFO: [ route_check ] --START--
INFO: CheckRoute Behavior ::run [ RunTime:0.001723s ]
INFO: [ route_check ] --END-- [ RunTime:0.001835s ]
INFO: [ app_begin ] --START--
INFO: ReadHtmlCache Behavior ::run [ RunTime:0.001372s ]
INFO: [ app_begin ] --END-- [ RunTime:0.001469s ]

[ 2013-08-13T15:53:47+08:00 ] 127.0.0.1 /hello/index.php/Public/registerIn
INFO: [ route_check ] --START--
INFO: CheckRoute Behavior ::run [ RunTime:0.001896s ]
INFO: [ route_check ] --END-- [ RunTime:0.002014s ]
INFO: [ app_begin ] --START--
INFO: ReadHtmlCache Behavior ::run [ RunTime:0.001086s ]
INFO: [ app_begin ] --END-- [ RunTime:0.001160s ]
SQL: SHOW COLUMNS FROM `hello_user` [ RunTime:0.036905s ]
SQL: SELECT * FROM `hello_user` WHERE ( `email` = '3938679136@qq.com' ) LIMIT 1   [ RunTime:0.033024s ]
SQL: INSERT INTO `hello_user` (`uname`,`email`,`password`,`phonenumber`) VALUES ('王凯','3938679136@qq.com','33a173a86a3c0bd6ff8a84f32432e6e6ff652888','15820781327') [ RunTime:0.000678s ]
NOTIC: [2] mail() [<a href='function.mail'>function.mail</a>]: Failed to connect to mailserver at &quot;localhost&quot; port 25, verify your &quot;SMTP&quot; and &quot;smtp_port&quot; setting in php.ini or use ini_set() D:\wamp\www\hello\Lib\Action\PublicAction.class.php 第 133 行.

[ 2013-08-13T15:53:47+08:00 ] 127.0.0.1 /hello/index.php/Index/index
INFO: [ route_check ] --START--
INFO: CheckRoute Behavior ::run [ RunTime:0.001302s ]
INFO: [ route_check ] --END-- [ RunTime:0.001416s ]
INFO: [ app_begin ] --START--
INFO: ReadHtmlCache Behavior ::run [ RunTime:0.000923s ]
INFO: [ app_begin ] --END-- [ RunTime:0.001006s ]

[ 2013-08-13T15:53:47+08:00 ] 127.0.0.1 /hello/index.php/Public/login
INFO: [ route_check ] --START--
INFO: CheckRoute Behavior ::run [ RunTime:0.001263s ]
INFO: [ route_check ] --END-- [ RunTime:0.001367s ]
INFO: [ app_begin ] --START--
INFO: ReadHtmlCache Behavior ::run [ RunTime:0.000912s ]
INFO: [ app_begin ] --END-- [ RunTime:0.000990s ]
INFO: [ view_parse ] --START--
INFO: ParseTemplate Behavior ::run [ RunTime:0.024242s ]
INFO: [ view_parse ] --END-- [ RunTime:0.024366s ]
INFO: [ view_filter ] --START--
INFO: ContentReplace Behavior ::run [ RunTime:0.001005s ]
INFO: TokenBuild Behavior ::run [ RunTime:0.000874s ]
INFO: WriteHtmlCache Behavior ::run [ RunTime:0.000700s ]
INFO: ShowRuntime Behavior ::run [ RunTime:0.000964s ]
INFO: [ view_filter ] --END-- [ RunTime:0.003760s ]
INFO: [ view_end ] --START--
INFO: ShowPageTrace Behavior ::run [ RunTime:0.001157s ]
INFO: [ view_end ] --END-- [ RunTime:0.001233s ]

[ 2013-08-13T15:53:47+08:00 ] 127.0.0.1 /hello/index.php/Public/verify/
INFO: [ route_check ] --START--
INFO: CheckRoute Behavior ::run [ RunTime:0.001254s ]
INFO: [ route_check ] --END-- [ RunTime:0.001359s ]
INFO: [ app_begin ] --START--
INFO: ReadHtmlCache Behavior ::run [ RunTime:0.000917s ]
INFO: [ app_begin ] --END-- [ RunTime:0.001001s ]

[ 2013-08-13T15:59:36+08:00 ] 127.0.0.1 /hello/index.php/Public/login
INFO: [ route_check ] --START--
INFO: CheckRoute Behavior ::run [ RunTime:0.001831s ]
INFO: [ route_check ] --END-- [ RunTime:0.001945s ]
INFO: [ app_begin ] --START--
INFO: ReadHtmlCache Behavior ::run [ RunTime:0.001164s ]
INFO: [ app_begin ] --END-- [ RunTime:0.001259s ]
INFO: [ view_parse ] --START--
INFO: ParseTemplate Behavior ::run [ RunTime:0.025849s ]
INFO: [ view_parse ] --END-- [ RunTime:0.025968s ]
INFO: [ view_filter ] --START--
INFO: ContentReplace Behavior ::run [ RunTime:0.000996s ]
INFO: TokenBuild Behavior ::run [ RunTime:0.000938s ]
INFO: WriteHtmlCache Behavior ::run [ RunTime:0.000740s ]
INFO: ShowRuntime Behavior ::run [ RunTime:0.001010s ]
INFO: [ view_filter ] --END-- [ RunTime:0.003923s ]
INFO: [ view_end ] --START--
INFO: ShowPageTrace Behavior ::run [ RunTime:0.001270s ]
INFO: [ view_end ] --END-- [ RunTime:0.001348s ]

[ 2013-08-13T15:59:36+08:00 ] 127.0.0.1 /hello/index.php/Public/verify/
INFO: [ route_check ] --START--
INFO: CheckRoute Behavior ::run [ RunTime:0.001732s ]
INFO: [ route_check ] --END-- [ RunTime:0.001845s ]
INFO: [ app_begin ] --START--
INFO: ReadHtmlCache Behavior ::run [ RunTime:0.001311s ]
INFO: [ app_begin ] --END-- [ RunTime:0.001440s ]

[ 2013-08-13T15:59:55+08:00 ] 127.0.0.1 /hello/index.php/Public/registerIn
INFO: [ route_check ] --START--
INFO: CheckRoute Behavior ::run [ RunTime:0.001380s ]
INFO: [ route_check ] --END-- [ RunTime:0.001505s ]
INFO: [ app_begin ] --START--
INFO: ReadHtmlCache Behavior ::run [ RunTime:0.001073s ]
INFO: [ app_begin ] --END-- [ RunTime:0.001152s ]
SQL: SHOW COLUMNS FROM `hello_user` [ RunTime:0.025959s ]
SQL: SELECT * FROM `hello_user` WHERE ( `email` = '393867916@qq.com' ) LIMIT 1   [ RunTime:0.000628s ]

[ 2013-08-13T16:06:47+08:00 ] 127.0.0.1 /hello/index.php/Public/login
INFO: [ route_check ] --START--
INFO: CheckRoute Behavior ::run [ RunTime:0.002035s ]
INFO: [ route_check ] --END-- [ RunTime:0.002172s ]
INFO: [ app_begin ] --START--
INFO: ReadHtmlCache Behavior ::run [ RunTime:0.001188s ]
INFO: [ app_begin ] --END-- [ RunTime:0.001300s ]
INFO: [ view_parse ] --START--
INFO: ParseTemplate Behavior ::run [ RunTime:0.025736s ]
INFO: [ view_parse ] --END-- [ RunTime:0.025860s ]
INFO: [ view_filter ] --START--
INFO: ContentReplace Behavior ::run [ RunTime:0.001091s ]
INFO: TokenBuild Behavior ::run [ RunTime:0.000899s ]
INFO: WriteHtmlCache Behavior ::run [ RunTime:0.000703s ]
INFO: ShowRuntime Behavior ::run [ RunTime:0.000997s ]
INFO: [ view_filter ] --END-- [ RunTime:0.003916s ]
INFO: [ view_end ] --START--
INFO: ShowPageTrace Behavior ::run [ RunTime:0.001157s ]
INFO: [ view_end ] --END-- [ RunTime:0.001234s ]

[ 2013-08-13T16:06:47+08:00 ] 127.0.0.1 /hello/index.php/Public/verify/
INFO: [ route_check ] --START--
INFO: CheckRoute Behavior ::run [ RunTime:0.001723s ]
INFO: [ route_check ] --END-- [ RunTime:0.001844s ]
INFO: [ app_begin ] --START--
INFO: ReadHtmlCache Behavior ::run [ RunTime:0.001121s ]
INFO: [ app_begin ] --END-- [ RunTime:0.001213s ]

[ 2013-08-13T16:07:07+08:00 ] 127.0.0.1 /hello/index.php/Public/registerIn
INFO: [ route_check ] --START--
INFO: CheckRoute Behavior ::run [ RunTime:0.001251s ]
INFO: [ route_check ] --END-- [ RunTime:0.001355s ]
INFO: [ app_begin ] --START--
INFO: ReadHtmlCache Behavior ::run [ RunTime:0.000947s ]
INFO: [ app_begin ] --END-- [ RunTime:0.001030s ]
SQL: SHOW COLUMNS FROM `hello_user` [ RunTime:0.007300s ]
SQL: SELECT * FROM `hello_user` WHERE ( `email` = '393867916@qq.com' ) LIMIT 1   [ RunTime:0.000531s ]

[ 2013-08-13T16:18:49+08:00 ] 127.0.0.1 /hello/
INFO: [ app_begin ] --START--
INFO: ReadHtmlCache Behavior ::run [ RunTime:0.001340s ]
INFO: [ app_begin ] --END-- [ RunTime:0.001449s ]

[ 2013-08-13T16:19:17+08:00 ] 127.0.0.1 /hello/index.php/Public/login
INFO: [ route_check ] --START--
INFO: CheckRoute Behavior ::run [ RunTime:0.001740s ]
INFO: [ route_check ] --END-- [ RunTime:0.001847s ]
INFO: [ app_begin ] --START--
INFO: ReadHtmlCache Behavior ::run [ RunTime:0.001089s ]
INFO: [ app_begin ] --END-- [ RunTime:0.001185s ]
INFO: [ view_parse ] --START--
INFO: ParseTemplate Behavior ::run [ RunTime:0.024694s ]
INFO: [ view_parse ] --END-- [ RunTime:0.024812s ]
INFO: [ view_filter ] --START--
INFO: ContentReplace Behavior ::run [ RunTime:0.000979s ]
INFO: TokenBuild Behavior ::run [ RunTime:0.000865s ]
INFO: WriteHtmlCache Behavior ::run [ RunTime:0.000703s ]
INFO: ShowRuntime Behavior ::run [ RunTime:0.000964s ]
INFO: [ view_filter ] --END-- [ RunTime:0.003808s ]
INFO: [ view_end ] --START--
INFO: ShowPageTrace Behavior ::run [ RunTime:0.001353s ]
INFO: [ view_end ] --END-- [ RunTime:0.001436s ]

[ 2013-08-13T16:19:17+08:00 ] 127.0.0.1 /hello/index.php/Public/verify/
INFO: [ route_check ] --START--
INFO: CheckRoute Behavior ::run [ RunTime:0.001839s ]
INFO: [ route_check ] --END-- [ RunTime:0.002023s ]
INFO: [ app_begin ] --START--
INFO: ReadHtmlCache Behavior ::run [ RunTime:0.001049s ]
INFO: [ app_begin ] --END-- [ RunTime:0.001137s ]

[ 2013-08-13T16:21:10+08:00 ] 127.0.0.1 /hello/index.php/Public/registerIn
INFO: [ route_check ] --START--
INFO: CheckRoute Behavior ::run [ RunTime:0.001279s ]
INFO: [ route_check ] --END-- [ RunTime:0.001386s ]
INFO: [ app_begin ] --START--
INFO: ReadHtmlCache Behavior ::run [ RunTime:0.000933s ]
INFO: [ app_begin ] --END-- [ RunTime:0.001005s ]
SQL: SHOW COLUMNS FROM `hello_user` [ RunTime:0.008504s ]
SQL: SELECT * FROM `hello_user` WHERE ( `email` = '393867916@qq.com' ) LIMIT 1   [ RunTime:0.000628s ]

[ 2013-08-13T16:21:17+08:00 ] 127.0.0.1 /hello/index.php/Public/login
INFO: [ route_check ] --START--
INFO: CheckRoute Behavior ::run [ RunTime:0.001637s ]
INFO: [ route_check ] --END-- [ RunTime:0.001745s ]
INFO: [ app_begin ] --START--
INFO: ReadHtmlCache Behavior ::run [ RunTime:0.001070s ]
INFO: [ app_begin ] --END-- [ RunTime:0.001157s ]
INFO: [ view_parse ] --START--
INFO: ParseTemplate Behavior ::run [ RunTime:0.015438s ]
INFO: [ view_parse ] --END-- [ RunTime:0.015561s ]
INFO: [ view_filter ] --START--
INFO: ContentReplace Behavior ::run [ RunTime:0.000825s ]
INFO: TokenBuild Behavior ::run [ RunTime:0.000767s ]
INFO: WriteHtmlCache Behavior ::run [ RunTime:0.000565s ]
INFO: ShowRuntime Behavior ::run [ RunTime:0.000806s ]
INFO: [ view_filter ] --END-- [ RunTime:0.003178s ]
INFO: [ view_end ] --START--
INFO: ShowPageTrace Behavior ::run [ RunTime:0.000969s ]
INFO: [ view_end ] --END-- [ RunTime:0.001041s ]

[ 2013-08-13T16:21:17+08:00 ] 127.0.0.1 /hello/index.php/Public/verify/
INFO: [ route_check ] --START--
INFO: CheckRoute Behavior ::run [ RunTime:0.001364s ]
INFO: [ route_check ] --END-- [ RunTime:0.001484s ]
INFO: [ app_begin ] --START--
INFO: ReadHtmlCache Behavior ::run [ RunTime:0.000961s ]
INFO: [ app_begin ] --END-- [ RunTime:0.001041s ]

[ 2013-08-13T16:21:25+08:00 ] 127.0.0.1 /hello/index.php/Public/register
INFO: [ route_check ] --START--
INFO: CheckRoute Behavior ::run [ RunTime:0.001236s ]
INFO: [ route_check ] --END-- [ RunTime:0.001338s ]
INFO: [ app_begin ] --START--
INFO: ReadHtmlCache Behavior ::run [ RunTime:0.000901s ]
INFO: [ app_begin ] --END-- [ RunTime:0.000969s ]
SQL: SHOW COLUMNS FROM `hello_user` [ RunTime:0.006139s ]
NOTIC: [8] Undefined index: password D:\wamp\www\hello\Lib\Action\PublicAction.class.php 第 20 行.

[ 2013-08-13T16:41:45+08:00 ] 127.0.0.1 /hello/index.php/Public/register
INFO: [ route_check ] --START--
INFO: CheckRoute Behavior ::run [ RunTime:0.001981s ]
INFO: [ route_check ] --END-- [ RunTime:0.002091s ]
INFO: [ app_begin ] --START--
INFO: ReadHtmlCache Behavior ::run [ RunTime:0.001312s ]
INFO: [ app_begin ] --END-- [ RunTime:0.001386s ]
SQL: SHOW COLUMNS FROM `hello_user` [ RunTime:0.006295s ]
NOTIC: [8] Undefined index: password D:\wamp\www\hello\Lib\Action\PublicAction.class.php 第 20 行.

[ 2013-08-13T16:41:46+08:00 ] 127.0.0.1 /hello/index.php/Public/register
INFO: [ route_check ] --START--
INFO: CheckRoute Behavior ::run [ RunTime:0.001559s ]
INFO: [ route_check ] --END-- [ RunTime:0.001663s ]
INFO: [ app_begin ] --START--
INFO: ReadHtmlCache Behavior ::run [ RunTime:0.001211s ]
INFO: [ app_begin ] --END-- [ RunTime:0.001284s ]
SQL: SHOW COLUMNS FROM `hello_user` [ RunTime:0.006691s ]
NOTIC: [8] Undefined index: password D:\wamp\www\hello\Lib\Action\PublicAction.class.php 第 20 行.

[ 2013-08-13T16:41:50+08:00 ] 127.0.0.1 /hello/index.php/Public/login
INFO: [ route_check ] --START--
INFO: CheckRoute Behavior ::run [ RunTime:0.001654s ]
INFO: [ route_check ] --END-- [ RunTime:0.001762s ]
INFO: [ app_begin ] --START--
INFO: ReadHtmlCache Behavior ::run [ RunTime:0.001258s ]
INFO: [ app_begin ] --END-- [ RunTime:0.001341s ]
INFO: [ view_parse ] --START--
INFO: ParseTemplate Behavior ::run [ RunTime:0.017464s ]
INFO: [ view_parse ] --END-- [ RunTime:0.017577s ]
INFO: [ view_filter ] --START--
INFO: ContentReplace Behavior ::run [ RunTime:0.001136s ]
INFO: TokenBuild Behavior ::run [ RunTime:0.001066s ]
INFO: WriteHtmlCache Behavior ::run [ RunTime:0.001023s ]
INFO: ShowRuntime Behavior ::run [ RunTime:0.001153s ]
INFO: [ view_filter ] --END-- [ RunTime:0.004612s ]
INFO: [ view_end ] --START--
INFO: ShowPageTrace Behavior ::run [ RunTime:0.001186s ]
INFO: [ view_end ] --END-- [ RunTime:0.001264s ]

[ 2013-08-13T16:41:50+08:00 ] 127.0.0.1 /hello/index.php/Public/verify/
INFO: [ route_check ] --START--
INFO: CheckRoute Behavior ::run [ RunTime:0.002292s ]
INFO: [ route_check ] --END-- [ RunTime:0.002469s ]
INFO: [ app_begin ] --START--
INFO: ReadHtmlCache Behavior ::run [ RunTime:0.001752s ]
INFO: [ app_begin ] --END-- [ RunTime:0.001957s ]

[ 2013-08-13T16:52:36+08:00 ] 127.0.0.1 /hello/index.php/Public/login
INFO: [ route_check ] --START--
INFO: CheckRoute Behavior ::run [ RunTime:0.001715s ]
INFO: [ route_check ] --END-- [ RunTime:0.001826s ]
INFO: [ app_begin ] --START--
INFO: ReadHtmlCache Behavior ::run [ RunTime:0.001116s ]
INFO: [ app_begin ] --END-- [ RunTime:0.001200s ]
INFO: [ view_parse ] --START--
INFO: ParseTemplate Behavior ::run [ RunTime:0.024488s ]
INFO: [ view_parse ] --END-- [ RunTime:0.024605s ]
INFO: [ view_filter ] --START--
INFO: ContentReplace Behavior ::run [ RunTime:0.001153s ]
INFO: TokenBuild Behavior ::run [ RunTime:0.001056s ]
INFO: WriteHtmlCache Behavior ::run [ RunTime:0.000897s ]
INFO: ShowRuntime Behavior ::run [ RunTime:0.001128s ]
INFO: [ view_filter ] --END-- [ RunTime:0.004454s ]
INFO: [ view_end ] --START--
INFO: ShowPageTrace Behavior ::run [ RunTime:0.001321s ]
INFO: [ view_end ] --END-- [ RunTime:0.001397s ]

[ 2013-08-13T16:52:36+08:00 ] 127.0.0.1 /hello/index.php/Public/verify/
INFO: [ route_check ] --START--
INFO: CheckRoute Behavior ::run [ RunTime:0.001923s ]
INFO: [ route_check ] --END-- [ RunTime:0.002058s ]
INFO: [ app_begin ] --START--
INFO: ReadHtmlCache Behavior ::run [ RunTime:0.001900s ]
INFO: [ app_begin ] --END-- [ RunTime:0.002100s ]

[ 2013-08-13T18:09:03+08:00 ] 127.0.0.1 /hello/index.php/Public/verify/
INFO: [ route_check ] --START--
INFO: CheckRoute Behavior ::run [ RunTime:0.002675s ]
INFO: [ route_check ] --END-- [ RunTime:0.002809s ]
INFO: [ app_begin ] --START--
INFO: ReadHtmlCache Behavior ::run [ RunTime:0.001802s ]
INFO: [ app_begin ] --END-- [ RunTime:0.001911s ]

