[ 2013-08-14T10:19:13+08:00 ] 127.0.0.1 /hello/
INFO: [ app_begin ] --START--
INFO: ReadHtmlCache Behavior ::run [ RunTime:0.012712s ]
INFO: [ app_begin ] --END-- [ RunTime:0.012811s ]

[ 2013-08-14T10:19:22+08:00 ] 127.0.0.1 /hello/index.php/Public/login
INFO: [ route_check ] --START--
INFO: CheckRoute Behavior ::run [ RunTime:0.023430s ]
INFO: [ route_check ] --END-- [ RunTime:0.023530s ]
INFO: [ app_begin ] --START--
INFO: ReadHtmlCache Behavior ::run [ RunTime:0.000825s ]
INFO: [ app_begin ] --END-- [ RunTime:0.000889s ]
INFO: [ view_parse ] --START--
INFO: ParseTemplate Behavior ::run [ RunTime:0.091295s ]
INFO: [ view_parse ] --END-- [ RunTime:0.091424s ]
INFO: [ view_filter ] --START--
INFO: ContentReplace Behavior ::run [ RunTime:0.001222s ]
INFO: TokenBuild Behavior ::run [ RunTime:0.011137s ]
INFO: WriteHtmlCache Behavior ::run [ RunTime:0.000986s ]
INFO: ShowRuntime Behavior ::run [ RunTime:0.001188s ]
INFO: [ view_filter ] --END-- [ RunTime:0.014759s ]
INFO: [ view_end ] --START--
INFO: ShowPageTrace Behavior ::run [ RunTime:0.010917s ]
INFO: [ view_end ] --END-- [ RunTime:0.011016s ]

[ 2013-08-14T10:19:22+08:00 ] 127.0.0.1 /hello/index.php/Public/verify/
INFO: [ route_check ] --START--
INFO: CheckRoute Behavior ::run [ RunTime:0.001275s ]
INFO: [ route_check ] --END-- [ RunTime:0.001415s ]
INFO: [ app_begin ] --START--
INFO: ReadHtmlCache Behavior ::run [ RunTime:0.000892s ]
INFO: [ app_begin ] --END-- [ RunTime:0.000980s ]

