[ 2013-09-23T22:15:16+08:00 ] 127.0.0.1 /hello/
INFO: [ app_begin ] --START--
INFO: ReadHtmlCache Behavior ::run [ RunTime:0.027049s ]
INFO: [ app_begin ] --END-- [ RunTime:0.027426s ]

[ 2013-09-23T22:15:22+08:00 ] 127.0.0.1 /hello/index.php/Public/login
INFO: [ route_check ] --START--
INFO: CheckRoute Behavior ::run [ RunTime:0.033425s ]
INFO: [ route_check ] --END-- [ RunTime:0.033517s ]
INFO: [ app_begin ] --START--
INFO: ReadHtmlCache Behavior ::run [ RunTime:0.000705s ]
INFO: [ app_begin ] --END-- [ RunTime:0.000768s ]
INFO: [ view_parse ] --START--
INFO: ParseTemplate Behavior ::run [ RunTime:0.215303s ]
INFO: [ view_parse ] --END-- [ RunTime:0.215468s ]
INFO: [ view_filter ] --START--
INFO: ContentReplace Behavior ::run [ RunTime:0.025832s ]
INFO: TokenBuild Behavior ::run [ RunTime:0.032772s ]
INFO: WriteHtmlCache Behavior ::run [ RunTime:0.023007s ]
INFO: ShowRuntime Behavior ::run [ RunTime:0.024296s ]
INFO: [ view_filter ] --END-- [ RunTime:0.106233s ]
INFO: [ view_end ] --START--
INFO: ShowPageTrace Behavior ::run [ RunTime:0.033615s ]
INFO: [ view_end ] --END-- [ RunTime:0.033713s ]

[ 2013-09-23T22:15:24+08:00 ] 127.0.0.1 /hello/index.php/Public/verify/
INFO: [ route_check ] --START--
INFO: CheckRoute Behavior ::run [ RunTime:0.002091s ]
INFO: [ route_check ] --END-- [ RunTime:0.002179s ]
INFO: [ app_begin ] --START--
INFO: ReadHtmlCache Behavior ::run [ RunTime:0.000766s ]
INFO: [ app_begin ] --END-- [ RunTime:0.000840s ]

[ 2013-09-23T22:15:33+08:00 ] 127.0.0.1 /hello/index.php/Public/register
INFO: [ route_check ] --START--
INFO: CheckRoute Behavior ::run [ RunTime:0.001208s ]
INFO: [ route_check ] --END-- [ RunTime:0.001296s ]
INFO: [ app_begin ] --START--
INFO: ReadHtmlCache Behavior ::run [ RunTime:0.000770s ]
INFO: [ app_begin ] --END-- [ RunTime:0.000831s ]
SQL: SHOW COLUMNS FROM `hello_user` [ RunTime:0.028012s ]
NOTIC: [8] Undefined index: password E:\wamp\www\hello\Lib\Action\PublicAction.class.php 第 19 行.
SQL: SELECT `uname` FROM `hello_user` WHERE ( `email` = '393867916@qq.com' ) LIMIT 1   [ RunTime:0.000988s ]

[ 2013-09-23T22:15:38+08:00 ] 127.0.0.1 /hello/index.php/Public/register
INFO: [ route_check ] --START--
INFO: CheckRoute Behavior ::run [ RunTime:0.001465s ]
INFO: [ route_check ] --END-- [ RunTime:0.001577s ]
INFO: [ app_begin ] --START--
INFO: ReadHtmlCache Behavior ::run [ RunTime:0.000862s ]
INFO: [ app_begin ] --END-- [ RunTime:0.000928s ]
SQL: SHOW COLUMNS FROM `hello_user` [ RunTime:0.002907s ]
SQL: SELECT * FROM `hello_user` WHERE ( `email` = '393867916@qq.com' ) AND ( `password` = 0 )  [ RunTime:0.000555s ]

[ 2013-09-23T22:15:38+08:00 ] 127.0.0.1 /hello/index.php/Index/index
INFO: [ route_check ] --START--
INFO: CheckRoute Behavior ::run [ RunTime:0.000880s ]
INFO: [ route_check ] --END-- [ RunTime:0.000957s ]
INFO: [ app_begin ] --START--
INFO: ReadHtmlCache Behavior ::run [ RunTime:0.000622s ]
INFO: [ app_begin ] --END-- [ RunTime:0.000679s ]
SQL: SHOW COLUMNS FROM `hello_user` [ RunTime:0.002940s ]
SQL: SELECT * FROM `hello_user` WHERE ( `email` = '393867916@qq.com' ) LIMIT 1   [ RunTime:0.000315s ]
SQL: SHOW COLUMNS FROM `hello_friend` [ RunTime:0.032494s ]
SQL: SELECT `femail` FROM `hello_friend`  [ RunTime:0.000262s ]
NOTIC: [2] implode() [<a href='function.implode'>function.implode</a>]: Invalid arguments passed E:\wamp\www\hello\ThinkPHP\Lib\Core\Db.class.php 第 497 行.
SQL: SELECT * FROM `hello_user` WHERE ( `email` IN () )  [ RunTime:0.000189s ]
ERR: 1064:You have an error in your SQL syntax; check the manual that corresponds to your MySQL server version for the right syntax to use near ') )' at line 1
 [ SQL语句 ] : SELECT * FROM `hello_user` WHERE ( `email` IN () ) 
INFO: [ view_parse ] --START--
NOTIC: [8] Undefined variable: slide1 E:\wamp\www\hello\Runtime\Cache\b42df3d294fe8fb76fbe1db7ccd52452.php 第 458 行.
INFO: ParseTemplate Behavior ::run [ RunTime:0.036882s ]
INFO: [ view_parse ] --END-- [ RunTime:0.036954s ]
INFO: [ view_filter ] --START--
INFO: ContentReplace Behavior ::run [ RunTime:0.000823s ]
INFO: TokenBuild Behavior ::run [ RunTime:0.000736s ]
INFO: WriteHtmlCache Behavior ::run [ RunTime:0.000615s ]
INFO: ShowRuntime Behavior ::run [ RunTime:0.000805s ]
INFO: [ view_filter ] --END-- [ RunTime:0.003166s ]
INFO: [ view_end ] --START--
INFO: ShowPageTrace Behavior ::run [ RunTime:0.000948s ]
INFO: [ view_end ] --END-- [ RunTime:0.001014s ]

[ 2013-09-23T22:15:49+08:00 ] 127.0.0.1 /hello/index.php/Index/doCircle
INFO: [ route_check ] --START--
INFO: CheckRoute Behavior ::run [ RunTime:0.000886s ]
INFO: [ route_check ] --END-- [ RunTime:0.000965s ]
INFO: [ app_begin ] --START--
INFO: ReadHtmlCache Behavior ::run [ RunTime:0.000628s ]
INFO: [ app_begin ] --END-- [ RunTime:0.000680s ]
NOTIC: [8] Undefined variable: dataInfo E:\wamp\www\hello\Lib\Action\IndexAction.class.php 第 106 行.

[ 2013-09-23T22:16:17+08:00 ] 127.0.0.1 /hello/index.php/Index/index
INFO: [ route_check ] --START--
INFO: CheckRoute Behavior ::run [ RunTime:0.001024s ]
INFO: [ route_check ] --END-- [ RunTime:0.001107s ]
INFO: [ app_begin ] --START--
INFO: ReadHtmlCache Behavior ::run [ RunTime:0.000671s ]
INFO: [ app_begin ] --END-- [ RunTime:0.000728s ]
SQL: SHOW COLUMNS FROM `hello_user` [ RunTime:0.002941s ]
SQL: SELECT * FROM `hello_user` WHERE ( `email` = '393867916@qq.com' ) LIMIT 1   [ RunTime:0.000302s ]
SQL: SHOW COLUMNS FROM `hello_friend` [ RunTime:0.002427s ]
SQL: SELECT `femail` FROM `hello_friend`  [ RunTime:0.000163s ]
NOTIC: [2] implode() [<a href='function.implode'>function.implode</a>]: Invalid arguments passed E:\wamp\www\hello\ThinkPHP\Lib\Core\Db.class.php 第 497 行.
SQL: SELECT * FROM `hello_user` WHERE ( `email` IN () )  [ RunTime:0.000108s ]
ERR: 1064:You have an error in your SQL syntax; check the manual that corresponds to your MySQL server version for the right syntax to use near ') )' at line 1
 [ SQL语句 ] : SELECT * FROM `hello_user` WHERE ( `email` IN () ) 
INFO: [ view_parse ] --START--
NOTIC: [8] Undefined variable: slide1 E:\wamp\www\hello\Runtime\Cache\b42df3d294fe8fb76fbe1db7ccd52452.php 第 458 行.
INFO: ParseTemplate Behavior ::run [ RunTime:0.011948s ]
INFO: [ view_parse ] --END-- [ RunTime:0.012015s ]
INFO: [ view_filter ] --START--
INFO: ContentReplace Behavior ::run [ RunTime:0.000543s ]
INFO: TokenBuild Behavior ::run [ RunTime:0.000491s ]
INFO: WriteHtmlCache Behavior ::run [ RunTime:0.000375s ]
INFO: ShowRuntime Behavior ::run [ RunTime:0.000565s ]
INFO: [ view_filter ] --END-- [ RunTime:0.002124s ]
INFO: [ view_end ] --START--
INFO: ShowPageTrace Behavior ::run [ RunTime:0.000808s ]
INFO: [ view_end ] --END-- [ RunTime:0.000876s ]

[ 2013-09-23T22:16:25+08:00 ] 127.0.0.1 /hello/index.php/Index/doCircle
INFO: [ route_check ] --START--
INFO: CheckRoute Behavior ::run [ RunTime:0.001233s ]
INFO: [ route_check ] --END-- [ RunTime:0.001316s ]
INFO: [ app_begin ] --START--
INFO: ReadHtmlCache Behavior ::run [ RunTime:0.000758s ]
INFO: [ app_begin ] --END-- [ RunTime:0.000815s ]

[ 2013-09-23T22:41:28+08:00 ] 127.0.0.1 /hello/index.php/Public/login
INFO: [ route_check ] --START--
INFO: CheckRoute Behavior ::run [ RunTime:0.188573s ]
INFO: [ route_check ] --END-- [ RunTime:0.188753s ]
INFO: [ app_begin ] --START--
INFO: ReadHtmlCache Behavior ::run [ RunTime:0.039455s ]
INFO: [ app_begin ] --END-- [ RunTime:0.039603s ]
INFO: [ view_parse ] --START--
INFO: ParseTemplate Behavior ::run [ RunTime:0.101289s ]
INFO: [ view_parse ] --END-- [ RunTime:0.101466s ]
INFO: [ view_filter ] --START--
INFO: ContentReplace Behavior ::run [ RunTime:0.062041s ]
INFO: TokenBuild Behavior ::run [ RunTime:0.032924s ]
INFO: WriteHtmlCache Behavior ::run [ RunTime:0.001639s ]
INFO: ShowRuntime Behavior ::run [ RunTime:0.012365s ]
INFO: [ view_filter ] --END-- [ RunTime:0.109331s ]
INFO: [ view_end ] --START--
INFO: ShowPageTrace Behavior ::run [ RunTime:0.011378s ]
INFO: [ view_end ] --END-- [ RunTime:0.011506s ]

[ 2013-09-23T22:41:29+08:00 ] 127.0.0.1 /hello/index.php
INFO: [ app_begin ] --START--
INFO: ReadHtmlCache Behavior ::run [ RunTime:0.000639s ]
INFO: [ app_begin ] --END-- [ RunTime:0.000718s ]
SQL: SHOW COLUMNS FROM `hello_user` [ RunTime:0.003748s ]
SQL: SELECT * FROM `hello_user` WHERE ( `email` = '393867916@qq.com' ) LIMIT 1   [ RunTime:0.000447s ]
SQL: SHOW COLUMNS FROM `hello_friend` [ RunTime:0.002953s ]
SQL: SELECT `femail` FROM `hello_friend`  [ RunTime:0.000314s ]
NOTIC: [2] implode() [<a href='function.implode'>function.implode</a>]: Invalid arguments passed E:\wamp\www\hello\ThinkPHP\Lib\Core\Db.class.php 第 497 行.
SQL: SELECT * FROM `hello_user` WHERE ( `email` IN () )  [ RunTime:0.000234s ]
ERR: 1064:You have an error in your SQL syntax; check the manual that corresponds to your MySQL server version for the right syntax to use near ') )' at line 1
 [ SQL语句 ] : SELECT * FROM `hello_user` WHERE ( `email` IN () ) 
INFO: [ view_parse ] --START--
NOTIC: [8] Undefined variable: slide1 E:\wamp\www\hello\Runtime\Cache\b42df3d294fe8fb76fbe1db7ccd52452.php 第 458 行.
INFO: ParseTemplate Behavior ::run [ RunTime:0.012996s ]
INFO: [ view_parse ] --END-- [ RunTime:0.013075s ]
INFO: [ view_filter ] --START--
INFO: ContentReplace Behavior ::run [ RunTime:0.000626s ]
INFO: TokenBuild Behavior ::run [ RunTime:0.000529s ]
INFO: WriteHtmlCache Behavior ::run [ RunTime:0.000399s ]
INFO: ShowRuntime Behavior ::run [ RunTime:0.000599s ]
INFO: [ view_filter ] --END-- [ RunTime:0.002326s ]
INFO: [ view_end ] --START--
INFO: ShowPageTrace Behavior ::run [ RunTime:0.000808s ]
INFO: [ view_end ] --END-- [ RunTime:0.000865s ]

[ 2013-09-23T22:44:18+08:00 ] 127.0.0.1 /hello/index.php
INFO: [ app_begin ] --START--
INFO: ReadHtmlCache Behavior ::run [ RunTime:0.001028s ]
INFO: [ app_begin ] --END-- [ RunTime:0.001113s ]
SQL: SHOW COLUMNS FROM `hello_user` [ RunTime:0.003428s ]
SQL: SELECT * FROM `hello_user` WHERE ( `email` = '393867916@qq.com' ) LIMIT 1   [ RunTime:0.000351s ]
SQL: SHOW COLUMNS FROM `hello_friend` [ RunTime:0.002766s ]
SQL: SELECT `femail` FROM `hello_friend`  [ RunTime:0.000187s ]
NOTIC: [2] implode() [<a href='function.implode'>function.implode</a>]: Invalid arguments passed E:\wamp\www\hello\ThinkPHP\Lib\Core\Db.class.php 第 497 行.
SQL: SELECT * FROM `hello_user` WHERE ( `email` IN () )  [ RunTime:0.000147s ]
ERR: 1064:You have an error in your SQL syntax; check the manual that corresponds to your MySQL server version for the right syntax to use near ') )' at line 1
 [ SQL语句 ] : SELECT * FROM `hello_user` WHERE ( `email` IN () ) 
INFO: [ view_parse ] --START--
NOTIC: [8] Undefined variable: slide1 E:\wamp\www\hello\Runtime\Cache\b42df3d294fe8fb76fbe1db7ccd52452.php 第 458 行.
INFO: ParseTemplate Behavior ::run [ RunTime:0.022507s ]
INFO: [ view_parse ] --END-- [ RunTime:0.022578s ]
INFO: [ view_filter ] --START--
INFO: ContentReplace Behavior ::run [ RunTime:0.001189s ]
INFO: TokenBuild Behavior ::run [ RunTime:0.000885s ]
INFO: WriteHtmlCache Behavior ::run [ RunTime:0.000746s ]
INFO: ShowRuntime Behavior ::run [ RunTime:0.000931s ]
INFO: [ view_filter ] --END-- [ RunTime:0.003923s ]
INFO: [ view_end ] --START--
INFO: ShowPageTrace Behavior ::run [ RunTime:0.001041s ]
INFO: [ view_end ] --END-- [ RunTime:0.001117s ]

[ 2013-09-23T22:44:26+08:00 ] 127.0.0.1 /hello/index.php/Index/doCircle
INFO: [ route_check ] --START--
INFO: CheckRoute Behavior ::run [ RunTime:0.001820s ]
INFO: [ route_check ] --END-- [ RunTime:0.001943s ]
INFO: [ app_begin ] --START--
INFO: ReadHtmlCache Behavior ::run [ RunTime:0.001267s ]
INFO: [ app_begin ] --END-- [ RunTime:0.001332s ]

[ 2013-09-23T22:47:55+08:00 ] 127.0.0.1 /hello/index.php/Index/doCircle
INFO: [ route_check ] --START--
INFO: CheckRoute Behavior ::run [ RunTime:0.001489s ]
INFO: [ route_check ] --END-- [ RunTime:0.001584s ]
INFO: [ app_begin ] --START--
INFO: ReadHtmlCache Behavior ::run [ RunTime:0.001192s ]
INFO: [ app_begin ] --END-- [ RunTime:0.001260s ]
SQL: SHOW COLUMNS FROM `hello_group` [ RunTime:0.003509s ]
SQL: INSERT INTO `hello_group` (`name`,`count`,`type`,`createuser`,`location`,`fcircle`) VALUES ('393867916',1,0,'393867916@qq.com',null,0) [ RunTime:0.051205s ]
NOTIC: [8] Undefined variable: dataInfo E:\wamp\www\hello\Lib\Action\IndexAction.class.php 第 109 行.

[ 2013-09-23T22:48:39+08:00 ] 127.0.0.1 /hello/index.php
INFO: [ app_begin ] --START--
INFO: ReadHtmlCache Behavior ::run [ RunTime:0.001012s ]
INFO: [ app_begin ] --END-- [ RunTime:0.001096s ]
SQL: SHOW COLUMNS FROM `hello_user` [ RunTime:0.003051s ]
SQL: SELECT * FROM `hello_user` WHERE ( `email` = '393867916@qq.com' ) LIMIT 1   [ RunTime:0.000349s ]
SQL: SHOW COLUMNS FROM `hello_friend` [ RunTime:0.002647s ]
SQL: SELECT `femail` FROM `hello_friend`  [ RunTime:0.000186s ]
NOTIC: [2] implode() [<a href='function.implode'>function.implode</a>]: Invalid arguments passed E:\wamp\www\hello\ThinkPHP\Lib\Core\Db.class.php 第 497 行.
SQL: SELECT * FROM `hello_user` WHERE ( `email` IN () )  [ RunTime:0.000164s ]
ERR: 1064:You have an error in your SQL syntax; check the manual that corresponds to your MySQL server version for the right syntax to use near ') )' at line 1
 [ SQL语句 ] : SELECT * FROM `hello_user` WHERE ( `email` IN () ) 
INFO: [ view_parse ] --START--
NOTIC: [8] Undefined variable: slide1 E:\wamp\www\hello\Runtime\Cache\b42df3d294fe8fb76fbe1db7ccd52452.php 第 458 行.
INFO: ParseTemplate Behavior ::run [ RunTime:0.013931s ]
INFO: [ view_parse ] --END-- [ RunTime:0.014003s ]
INFO: [ view_filter ] --START--
INFO: ContentReplace Behavior ::run [ RunTime:0.000896s ]
INFO: TokenBuild Behavior ::run [ RunTime:0.000834s ]
INFO: WriteHtmlCache Behavior ::run [ RunTime:0.000726s ]
INFO: ShowRuntime Behavior ::run [ RunTime:0.000913s ]
INFO: [ view_filter ] --END-- [ RunTime:0.003535s ]
INFO: [ view_end ] --START--
INFO: ShowPageTrace Behavior ::run [ RunTime:0.001280s ]
INFO: [ view_end ] --END-- [ RunTime:0.001360s ]

[ 2013-09-23T22:48:48+08:00 ] 127.0.0.1 /hello/index.php/Index/doCircle
INFO: [ route_check ] --START--
INFO: CheckRoute Behavior ::run [ RunTime:0.001386s ]
INFO: [ route_check ] --END-- [ RunTime:0.001469s ]
INFO: [ app_begin ] --START--
INFO: ReadHtmlCache Behavior ::run [ RunTime:0.001119s ]
INFO: [ app_begin ] --END-- [ RunTime:0.001206s ]
SQL: SHOW COLUMNS FROM `hello_group` [ RunTime:0.002915s ]

[ 2013-09-23T22:49:00+08:00 ] 127.0.0.1 /hello/index.php/Index/doCircle
INFO: [ route_check ] --START--
INFO: CheckRoute Behavior ::run [ RunTime:0.001297s ]
INFO: [ route_check ] --END-- [ RunTime:0.001381s ]
INFO: [ app_begin ] --START--
INFO: ReadHtmlCache Behavior ::run [ RunTime:0.001016s ]
INFO: [ app_begin ] --END-- [ RunTime:0.001070s ]
SQL: SHOW COLUMNS FROM `hello_group` [ RunTime:0.002984s ]

[ 2013-09-23T22:55:52+08:00 ] 127.0.0.1 /hello/index.php/Index/doCircle
INFO: [ route_check ] --START--
INFO: CheckRoute Behavior ::run [ RunTime:0.001291s ]
INFO: [ route_check ] --END-- [ RunTime:0.001373s ]
INFO: [ app_begin ] --START--
INFO: ReadHtmlCache Behavior ::run [ RunTime:0.001023s ]
INFO: [ app_begin ] --END-- [ RunTime:0.001079s ]
SQL: SHOW COLUMNS FROM `hello_group` [ RunTime:0.003019s ]

[ 2013-09-23T22:56:10+08:00 ] 127.0.0.1 /hello/index.php/Index/doCircle
INFO: [ route_check ] --START--
INFO: CheckRoute Behavior ::run [ RunTime:0.001756s ]
INFO: [ route_check ] --END-- [ RunTime:0.001862s ]
INFO: [ app_begin ] --START--
INFO: ReadHtmlCache Behavior ::run [ RunTime:0.001338s ]
INFO: [ app_begin ] --END-- [ RunTime:0.001409s ]
SQL: SHOW COLUMNS FROM `hello_group` [ RunTime:0.002991s ]
SQL: INSERT INTO `hello_group` (`name`,`count`,`type`,`createuser`,`location`,`fcircle`) VALUES ('23456',1,0,'393867916@qq.com',null,0) [ RunTime:0.000417s ]

[ 2013-09-23T22:56:15+08:00 ] 127.0.0.1 /hello/index.php/Index/doCircle
INFO: [ route_check ] --START--
INFO: CheckRoute Behavior ::run [ RunTime:0.002644s ]
INFO: [ route_check ] --END-- [ RunTime:0.002805s ]
INFO: [ app_begin ] --START--
INFO: ReadHtmlCache Behavior ::run [ RunTime:0.001062s ]
INFO: [ app_begin ] --END-- [ RunTime:0.001123s ]
SQL: SHOW COLUMNS FROM `hello_group` [ RunTime:0.003007s ]
SQL: INSERT INTO `hello_group` (`name`,`count`,`type`,`createuser`,`location`,`fcircle`) VALUES ('23456',1,0,'393867916@qq.com',null,0) [ RunTime:0.000294s ]

[ 2013-09-23T22:58:34+08:00 ] 127.0.0.1 /hello/index.php/Index/doCircle
INFO: [ route_check ] --START--
INFO: CheckRoute Behavior ::run [ RunTime:0.001427s ]
INFO: [ route_check ] --END-- [ RunTime:0.001516s ]
INFO: [ app_begin ] --START--
INFO: ReadHtmlCache Behavior ::run [ RunTime:0.001056s ]
INFO: [ app_begin ] --END-- [ RunTime:0.001115s ]

[ 2013-09-23T22:58:47+08:00 ] 127.0.0.1 /hello/index.php/Index/doCircle
INFO: [ route_check ] --START--
INFO: CheckRoute Behavior ::run [ RunTime:0.001633s ]
INFO: [ route_check ] --END-- [ RunTime:0.001735s ]
INFO: [ app_begin ] --START--
INFO: ReadHtmlCache Behavior ::run [ RunTime:0.001755s ]
INFO: [ app_begin ] --END-- [ RunTime:0.001834s ]
SQL: SHOW COLUMNS FROM `hello_group` [ RunTime:0.003159s ]

[ 2013-09-23T22:58:59+08:00 ] 127.0.0.1 /hello/index.php/Index/doCircle
INFO: [ route_check ] --START--
INFO: CheckRoute Behavior ::run [ RunTime:0.001282s ]
INFO: [ route_check ] --END-- [ RunTime:0.001361s ]
INFO: [ app_begin ] --START--
INFO: ReadHtmlCache Behavior ::run [ RunTime:0.001049s ]
INFO: [ app_begin ] --END-- [ RunTime:0.001103s ]
SQL: SHOW COLUMNS FROM `hello_group` [ RunTime:0.003103s ]

[ 2013-09-23T22:59:02+08:00 ] 127.0.0.1 /hello/index.php/Index/doCircle
INFO: [ route_check ] --START--
INFO: CheckRoute Behavior ::run [ RunTime:0.002271s ]
INFO: [ route_check ] --END-- [ RunTime:0.002402s ]
INFO: [ app_begin ] --START--
INFO: ReadHtmlCache Behavior ::run [ RunTime:0.001772s ]
INFO: [ app_begin ] --END-- [ RunTime:0.001865s ]
SQL: SHOW COLUMNS FROM `hello_group` [ RunTime:0.008444s ]
SQL: INSERT INTO `hello_group` (`name`,`count`,`type`,`createuser`,`location`,`fcircle`) VALUES ('123123',1,0,'393867916@qq.com',null,0) [ RunTime:0.000328s ]

[ 2013-09-23T23:00:44+08:00 ] 127.0.0.1 /hello/index.php/Index/doCircle
INFO: [ route_check ] --START--
INFO: CheckRoute Behavior ::run [ RunTime:0.001282s ]
INFO: [ route_check ] --END-- [ RunTime:0.001364s ]
INFO: [ app_begin ] --START--
INFO: ReadHtmlCache Behavior ::run [ RunTime:0.000891s ]
INFO: [ app_begin ] --END-- [ RunTime:0.000947s ]
SQL: SHOW COLUMNS FROM `hello_group` [ RunTime:0.003118s ]
NOTIC: [2] preg_match() [<a href='function.preg-match'>function.preg-match</a>]: Compilation failed: character value in \x{...} sequence is too large at offset 15 E:\wamp\www\hello\Lib\Action\IndexAction.class.php 第 97 行.

[ 2013-09-23T23:01:04+08:00 ] 127.0.0.1 /hello/index.php/Index/doCircle
INFO: [ route_check ] --START--
INFO: CheckRoute Behavior ::run [ RunTime:0.001162s ]
INFO: [ route_check ] --END-- [ RunTime:0.001240s ]
INFO: [ app_begin ] --START--
INFO: ReadHtmlCache Behavior ::run [ RunTime:0.000860s ]
INFO: [ app_begin ] --END-- [ RunTime:0.000913s ]
SQL: SHOW COLUMNS FROM `hello_group` [ RunTime:0.003092s ]
NOTIC: [2] preg_match() [<a href='function.preg-match'>function.preg-match</a>]: Compilation failed: range out of order in character class at offset 16 E:\wamp\www\hello\Lib\Action\IndexAction.class.php 第 97 行.

[ 2013-09-23T23:01:14+08:00 ] 127.0.0.1 /hello/index.php/Index/doCircle
INFO: [ route_check ] --START--
INFO: CheckRoute Behavior ::run [ RunTime:0.001130s ]
INFO: [ route_check ] --END-- [ RunTime:0.001209s ]
INFO: [ app_begin ] --START--
INFO: ReadHtmlCache Behavior ::run [ RunTime:0.000851s ]
INFO: [ app_begin ] --END-- [ RunTime:0.000904s ]
SQL: SHOW COLUMNS FROM `hello_group` [ RunTime:0.003093s ]

[ 2013-09-23T23:02:33+08:00 ] 127.0.0.1 /hello/index.php/Index/doCircle
INFO: [ route_check ] --START--
INFO: CheckRoute Behavior ::run [ RunTime:0.001187s ]
INFO: [ route_check ] --END-- [ RunTime:0.001269s ]
INFO: [ app_begin ] --START--
INFO: ReadHtmlCache Behavior ::run [ RunTime:0.000890s ]
INFO: [ app_begin ] --END-- [ RunTime:0.000945s ]
SQL: SHOW COLUMNS FROM `hello_group` [ RunTime:0.003082s ]

[ 2013-09-23T23:02:39+08:00 ] 127.0.0.1 /hello/index.php/Index/doCircle
INFO: [ route_check ] --START--
INFO: CheckRoute Behavior ::run [ RunTime:0.001117s ]
INFO: [ route_check ] --END-- [ RunTime:0.001196s ]
INFO: [ app_begin ] --START--
INFO: ReadHtmlCache Behavior ::run [ RunTime:0.000866s ]
INFO: [ app_begin ] --END-- [ RunTime:0.000919s ]
SQL: SHOW COLUMNS FROM `hello_group` [ RunTime:0.003107s ]

[ 2013-09-23T23:02:43+08:00 ] 127.0.0.1 /hello/index.php/Index/doCircle
INFO: [ route_check ] --START--
INFO: CheckRoute Behavior ::run [ RunTime:0.002278s ]
INFO: [ route_check ] --END-- [ RunTime:0.002428s ]
INFO: [ app_begin ] --START--
INFO: ReadHtmlCache Behavior ::run [ RunTime:0.002029s ]
INFO: [ app_begin ] --END-- [ RunTime:0.002155s ]
SQL: SHOW COLUMNS FROM `hello_group` [ RunTime:0.005895s ]
SQL: INSERT INTO `hello_group` (`name`,`count`,`type`,`createuser`,`location`,`fcircle`) VALUES ('adad',1,0,'393867916@qq.com',null,0) [ RunTime:0.000673s ]

[ 2013-09-23T23:03:02+08:00 ] 127.0.0.1 /hello/index.php/Index/doCircle
INFO: [ route_check ] --START--
INFO: CheckRoute Behavior ::run [ RunTime:0.001370s ]
INFO: [ route_check ] --END-- [ RunTime:0.001463s ]
INFO: [ app_begin ] --START--
INFO: ReadHtmlCache Behavior ::run [ RunTime:0.001298s ]
INFO: [ app_begin ] --END-- [ RunTime:0.001367s ]
SQL: SHOW COLUMNS FROM `hello_group` [ RunTime:0.003233s ]
SQL: INSERT INTO `hello_group` (`name`,`count`,`type`,`createuser`,`location`,`fcircle`) VALUES ('adad',1,0,'393867916@qq.com',null,0) [ RunTime:0.000305s ]

[ 2013-09-23T23:03:10+08:00 ] 127.0.0.1 /hello/index.php/Index/doCircle
INFO: [ route_check ] --START--
INFO: CheckRoute Behavior ::run [ RunTime:0.001088s ]
INFO: [ route_check ] --END-- [ RunTime:0.001165s ]
INFO: [ app_begin ] --START--
INFO: ReadHtmlCache Behavior ::run [ RunTime:0.000781s ]
INFO: [ app_begin ] --END-- [ RunTime:0.000835s ]
SQL: SHOW COLUMNS FROM `hello_group` [ RunTime:0.003393s ]

[ 2013-09-23T23:03:36+08:00 ] 127.0.0.1 /hello/index.php/Index/doCircle
INFO: [ route_check ] --START--
INFO: CheckRoute Behavior ::run [ RunTime:0.001164s ]
INFO: [ route_check ] --END-- [ RunTime:0.001247s ]
INFO: [ app_begin ] --START--
INFO: ReadHtmlCache Behavior ::run [ RunTime:0.000802s ]
INFO: [ app_begin ] --END-- [ RunTime:0.000857s ]
SQL: SHOW COLUMNS FROM `hello_group` [ RunTime:0.003289s ]

[ 2013-09-23T23:03:44+08:00 ] 127.0.0.1 /hello/index.php/Index/doCircle
INFO: [ route_check ] --START--
INFO: CheckRoute Behavior ::run [ RunTime:0.001723s ]
INFO: [ route_check ] --END-- [ RunTime:0.001842s ]
INFO: [ app_begin ] --START--
INFO: ReadHtmlCache Behavior ::run [ RunTime:0.001277s ]
INFO: [ app_begin ] --END-- [ RunTime:0.001370s ]
SQL: SHOW COLUMNS FROM `hello_group` [ RunTime:0.003208s ]

[ 2013-09-23T23:03:53+08:00 ] 127.0.0.1 /hello/index.php/Index/doCircle
INFO: [ route_check ] --START--
INFO: CheckRoute Behavior ::run [ RunTime:0.001357s ]
INFO: [ route_check ] --END-- [ RunTime:0.001455s ]
INFO: [ app_begin ] --START--
INFO: ReadHtmlCache Behavior ::run [ RunTime:0.001179s ]
INFO: [ app_begin ] --END-- [ RunTime:0.001256s ]
SQL: SHOW COLUMNS FROM `hello_group` [ RunTime:0.003169s ]
SQL: INSERT INTO `hello_group` (`name`,`count`,`type`,`createuser`,`location`,`fcircle`) VALUES ('123123',1,0,'393867916@qq.com',null,0) [ RunTime:0.000302s ]

[ 2013-09-23T23:04:24+08:00 ] 127.0.0.1 /hello/index.php/Index/doCircle
INFO: [ route_check ] --START--
INFO: CheckRoute Behavior ::run [ RunTime:0.001096s ]
INFO: [ route_check ] --END-- [ RunTime:0.001182s ]
INFO: [ app_begin ] --START--
INFO: ReadHtmlCache Behavior ::run [ RunTime:0.000782s ]
INFO: [ app_begin ] --END-- [ RunTime:0.000837s ]
SQL: SHOW COLUMNS FROM `hello_group` [ RunTime:0.003147s ]

[ 2013-09-23T23:05:07+08:00 ] 127.0.0.1 /hello/index.php/Index/doCircle
INFO: [ route_check ] --START--
INFO: CheckRoute Behavior ::run [ RunTime:0.001336s ]
INFO: [ route_check ] --END-- [ RunTime:0.001424s ]
INFO: [ app_begin ] --START--
INFO: ReadHtmlCache Behavior ::run [ RunTime:0.001031s ]
INFO: [ app_begin ] --END-- [ RunTime:0.001094s ]
SQL: SHOW COLUMNS FROM `hello_group` [ RunTime:0.003027s ]

[ 2013-09-23T23:05:19+08:00 ] 127.0.0.1 /hello/index.php/Index/doCircle
INFO: [ route_check ] --START--
INFO: CheckRoute Behavior ::run [ RunTime:0.001091s ]
INFO: [ route_check ] --END-- [ RunTime:0.001436s ]
INFO: [ app_begin ] --START--
INFO: ReadHtmlCache Behavior ::run [ RunTime:0.000728s ]
INFO: [ app_begin ] --END-- [ RunTime:0.000792s ]
SQL: SHOW COLUMNS FROM `hello_group` [ RunTime:0.003007s ]
SQL: INSERT INTO `hello_group` (`name`,`count`,`type`,`createuser`,`location`,`fcircle`) VALUES ('ceshi',1,0,'393867916@qq.com',null,0) [ RunTime:0.000328s ]

[ 2013-09-23T23:05:28+08:00 ] 127.0.0.1 /hello/index.php/Index/doCircle
INFO: [ route_check ] --START--
INFO: CheckRoute Behavior ::run [ RunTime:0.001066s ]
INFO: [ route_check ] --END-- [ RunTime:0.001149s ]
INFO: [ app_begin ] --START--
INFO: ReadHtmlCache Behavior ::run [ RunTime:0.000637s ]
INFO: [ app_begin ] --END-- [ RunTime:0.000690s ]
SQL: SHOW COLUMNS FROM `hello_group` [ RunTime:0.003149s ]

[ 2013-09-23T23:12:32+08:00 ] 127.0.0.1 /hello/index.php/Index/doCircle
INFO: [ route_check ] --START--
INFO: CheckRoute Behavior ::run [ RunTime:0.010953s ]
INFO: [ route_check ] --END-- [ RunTime:0.011065s ]
INFO: [ app_begin ] --START--
INFO: ReadHtmlCache Behavior ::run [ RunTime:0.029172s ]
INFO: [ app_begin ] --END-- [ RunTime:0.029247s ]
SQL: SHOW COLUMNS FROM `hello_group` [ RunTime:0.005759s ]
NOTIC: [2] preg_match() [<a href='function.preg-match'>function.preg-match</a>]: Unknown modifier 'g' E:\wamp\www\hello\Lib\Action\IndexAction.class.php 第 97 行.

[ 2013-09-23T23:12:56+08:00 ] 127.0.0.1 /hello/index.php/Index/doCircle
INFO: [ route_check ] --START--
INFO: CheckRoute Behavior ::run [ RunTime:0.001709s ]
INFO: [ route_check ] --END-- [ RunTime:0.001833s ]
INFO: [ app_begin ] --START--
INFO: ReadHtmlCache Behavior ::run [ RunTime:0.001052s ]
INFO: [ app_begin ] --END-- [ RunTime:0.001136s ]
SQL: SHOW COLUMNS FROM `hello_group` [ RunTime:0.003399s ]
NOTIC: [2] preg_match() [<a href='function.preg-match'>function.preg-match</a>]: Unknown modifier 'g' E:\wamp\www\hello\Lib\Action\IndexAction.class.php 第 97 行.

[ 2013-09-23T23:13:16+08:00 ] 127.0.0.1 /hello/index.php/Index/doCircle
INFO: [ route_check ] --START--
INFO: CheckRoute Behavior ::run [ RunTime:0.001561s ]
INFO: [ route_check ] --END-- [ RunTime:0.001673s ]
INFO: [ app_begin ] --START--
INFO: ReadHtmlCache Behavior ::run [ RunTime:0.001133s ]
INFO: [ app_begin ] --END-- [ RunTime:0.001214s ]
SQL: SHOW COLUMNS FROM `hello_group` [ RunTime:0.003365s ]
NOTIC: [2] preg_match() [<a href='function.preg-match'>function.preg-match</a>]: Unknown modifier 'g' E:\wamp\www\hello\Lib\Action\IndexAction.class.php 第 97 行.

[ 2013-09-23T23:13:22+08:00 ] 127.0.0.1 /hello/index.php/Index/doCircle
INFO: [ route_check ] --START--
INFO: CheckRoute Behavior ::run [ RunTime:0.001392s ]
INFO: [ route_check ] --END-- [ RunTime:0.001493s ]
INFO: [ app_begin ] --START--
INFO: ReadHtmlCache Behavior ::run [ RunTime:0.000845s ]
INFO: [ app_begin ] --END-- [ RunTime:0.000916s ]
SQL: SHOW COLUMNS FROM `hello_group` [ RunTime:0.003059s ]
NOTIC: [2] preg_match() [<a href='function.preg-match'>function.preg-match</a>]: Unknown modifier 'g' E:\wamp\www\hello\Lib\Action\IndexAction.class.php 第 97 行.

[ 2013-09-23T23:13:33+08:00 ] 127.0.0.1 /hello/index.php/Index/doCircle
INFO: [ route_check ] --START--
INFO: CheckRoute Behavior ::run [ RunTime:0.001231s ]
INFO: [ route_check ] --END-- [ RunTime:0.001325s ]
INFO: [ app_begin ] --START--
INFO: ReadHtmlCache Behavior ::run [ RunTime:0.000654s ]
INFO: [ app_begin ] --END-- [ RunTime:0.000710s ]
SQL: SHOW COLUMNS FROM `hello_group` [ RunTime:0.003219s ]

[ 2013-09-23T23:13:37+08:00 ] 127.0.0.1 /hello/index.php/Index/doCircle
INFO: [ route_check ] --START--
INFO: CheckRoute Behavior ::run [ RunTime:0.001572s ]
INFO: [ route_check ] --END-- [ RunTime:0.001682s ]
INFO: [ app_begin ] --START--
INFO: ReadHtmlCache Behavior ::run [ RunTime:0.001007s ]
INFO: [ app_begin ] --END-- [ RunTime:0.001097s ]
SQL: SHOW COLUMNS FROM `hello_group` [ RunTime:0.049057s ]

[ 2013-09-23T23:14:38+08:00 ] 127.0.0.1 /hello/index.php/Index/doCircle
INFO: [ route_check ] --START--
INFO: CheckRoute Behavior ::run [ RunTime:0.001373s ]
INFO: [ route_check ] --END-- [ RunTime:0.001457s ]
INFO: [ app_begin ] --START--
INFO: ReadHtmlCache Behavior ::run [ RunTime:0.000781s ]
INFO: [ app_begin ] --END-- [ RunTime:0.000838s ]
SQL: SHOW COLUMNS FROM `hello_group` [ RunTime:0.003018s ]

[ 2013-09-23T23:14:51+08:00 ] 127.0.0.1 /hello/index.php/Index/doCircle
INFO: [ route_check ] --START--
INFO: CheckRoute Behavior ::run [ RunTime:0.001164s ]
INFO: [ route_check ] --END-- [ RunTime:0.001287s ]
INFO: [ app_begin ] --START--
INFO: ReadHtmlCache Behavior ::run [ RunTime:0.000755s ]
INFO: [ app_begin ] --END-- [ RunTime:0.000862s ]
SQL: SHOW COLUMNS FROM `hello_group` [ RunTime:0.003075s ]
NOTIC: [2] preg_match() [<a href='function.preg-match'>function.preg-match</a>]: Unknown modifier 'a' E:\wamp\www\hello\Lib\Action\IndexAction.class.php 第 96 行.

[ 2013-09-23T23:16:14+08:00 ] 127.0.0.1 /hello/index.php/Index/doCircle
INFO: [ route_check ] --START--
INFO: CheckRoute Behavior ::run [ RunTime:0.002139s ]
INFO: [ route_check ] --END-- [ RunTime:0.002294s ]
INFO: [ app_begin ] --START--
INFO: ReadHtmlCache Behavior ::run [ RunTime:0.001336s ]
INFO: [ app_begin ] --END-- [ RunTime:0.001446s ]
SQL: SHOW COLUMNS FROM `hello_group` [ RunTime:0.332008s ]
SQL: INSERT INTO `hello_group` (`name`,`count`,`type`,`createuser`,`location`,`fcircle`) VALUES ('你好吗',1,0,'393867916@qq.com',null,0) [ RunTime:0.000640s ]

[ 2013-09-23T23:16:23+08:00 ] 127.0.0.1 /hello/index.php/Index/doCircle
INFO: [ route_check ] --START--
INFO: CheckRoute Behavior ::run [ RunTime:0.001046s ]
INFO: [ route_check ] --END-- [ RunTime:0.001123s ]
INFO: [ app_begin ] --START--
INFO: ReadHtmlCache Behavior ::run [ RunTime:0.000633s ]
INFO: [ app_begin ] --END-- [ RunTime:0.000685s ]
SQL: SHOW COLUMNS FROM `hello_group` [ RunTime:0.002926s ]

[ 2013-09-23T23:16:32+08:00 ] 127.0.0.1 /hello/index.php/Index/doCircle
INFO: [ route_check ] --START--
INFO: CheckRoute Behavior ::run [ RunTime:0.001404s ]
INFO: [ route_check ] --END-- [ RunTime:0.001500s ]
INFO: [ app_begin ] --START--
INFO: ReadHtmlCache Behavior ::run [ RunTime:0.000825s ]
INFO: [ app_begin ] --END-- [ RunTime:0.000892s ]
SQL: SHOW COLUMNS FROM `hello_group` [ RunTime:0.003048s ]

[ 2013-09-23T23:16:36+08:00 ] 127.0.0.1 /hello/index.php/Index/doCircle
INFO: [ route_check ] --START--
INFO: CheckRoute Behavior ::run [ RunTime:0.001086s ]
INFO: [ route_check ] --END-- [ RunTime:0.001171s ]
INFO: [ app_begin ] --START--
INFO: ReadHtmlCache Behavior ::run [ RunTime:0.000644s ]
INFO: [ app_begin ] --END-- [ RunTime:0.000698s ]
SQL: SHOW COLUMNS FROM `hello_group` [ RunTime:0.003271s ]
SQL: INSERT INTO `hello_group` (`name`,`count`,`type`,`createuser`,`location`,`fcircle`) VALUES ('nihao',1,0,'393867916@qq.com',null,0) [ RunTime:0.000324s ]

[ 2013-09-23T23:22:54+08:00 ] 127.0.0.1 /hello/index.php/Index/doCircle
INFO: [ route_check ] --START--
INFO: CheckRoute Behavior ::run [ RunTime:0.001434s ]
INFO: [ route_check ] --END-- [ RunTime:0.001530s ]
INFO: [ app_begin ] --START--
INFO: ReadHtmlCache Behavior ::run [ RunTime:0.000961s ]
INFO: [ app_begin ] --END-- [ RunTime:0.001026s ]
SQL: SHOW COLUMNS FROM `hello_group` [ RunTime:0.003325s ]
SQL: SELECT * FROM `hello_group` WHERE ( `name` = 'nihao' ) LIMIT 1   [ RunTime:0.000372s ]

[ 2013-09-23T23:23:13+08:00 ] 127.0.0.1 /hello/index.php/Index/doCircle
INFO: [ route_check ] --START--
INFO: CheckRoute Behavior ::run [ RunTime:0.000906s ]
INFO: [ route_check ] --END-- [ RunTime:0.000986s ]
INFO: [ app_begin ] --START--
INFO: ReadHtmlCache Behavior ::run [ RunTime:0.000628s ]
INFO: [ app_begin ] --END-- [ RunTime:0.000680s ]
SQL: SHOW COLUMNS FROM `hello_group` [ RunTime:0.002954s ]

[ 2013-09-23T23:23:26+08:00 ] 127.0.0.1 /hello/index.php/Index/doCircle
INFO: [ route_check ] --START--
INFO: CheckRoute Behavior ::run [ RunTime:0.001536s ]
INFO: [ route_check ] --END-- [ RunTime:0.001672s ]
INFO: [ app_begin ] --START--
INFO: ReadHtmlCache Behavior ::run [ RunTime:0.001594s ]
INFO: [ app_begin ] --END-- [ RunTime:0.001745s ]
SQL: SHOW COLUMNS FROM `hello_group` [ RunTime:0.006123s ]

[ 2013-09-23T23:24:28+08:00 ] 127.0.0.1 /hello/index.php/Index/doCircle
INFO: [ route_check ] --START--
INFO: CheckRoute Behavior ::run [ RunTime:0.000972s ]
INFO: [ route_check ] --END-- [ RunTime:0.001052s ]
INFO: [ app_begin ] --START--
INFO: ReadHtmlCache Behavior ::run [ RunTime:0.000654s ]
INFO: [ app_begin ] --END-- [ RunTime:0.000706s ]
SQL: SHOW COLUMNS FROM `hello_group` [ RunTime:0.003013s ]
SQL: SELECT * FROM `hello_group` WHERE ( `name` = '你好吗' ) LIMIT 1   [ RunTime:0.000366s ]

[ 2013-09-23T23:24:33+08:00 ] 127.0.0.1 /hello/index.php/Index/doCircle
INFO: [ route_check ] --START--
INFO: CheckRoute Behavior ::run [ RunTime:0.000942s ]
INFO: [ route_check ] --END-- [ RunTime:0.001021s ]
INFO: [ app_begin ] --START--
INFO: ReadHtmlCache Behavior ::run [ RunTime:0.000629s ]
INFO: [ app_begin ] --END-- [ RunTime:0.000683s ]
SQL: SHOW COLUMNS FROM `hello_group` [ RunTime:0.002985s ]
SQL: SELECT * FROM `hello_group` WHERE ( `name` = '你好吧' ) LIMIT 1   [ RunTime:0.000322s ]
SQL: INSERT INTO `hello_group` (`name`,`count`,`type`,`createuser`,`location`,`fcircle`) VALUES ('你好吧',1,0,'393867916@qq.com',null,0) [ RunTime:0.000282s ]

[ 2013-09-23T23:24:44+08:00 ] 127.0.0.1 /hello/index.php/Index/doCircle
INFO: [ route_check ] --START--
INFO: CheckRoute Behavior ::run [ RunTime:0.001443s ]
INFO: [ route_check ] --END-- [ RunTime:0.001580s ]
INFO: [ app_begin ] --START--
INFO: ReadHtmlCache Behavior ::run [ RunTime:0.001058s ]
INFO: [ app_begin ] --END-- [ RunTime:0.001173s ]
SQL: SHOW COLUMNS FROM `hello_group` [ RunTime:0.002927s ]

[ 2013-09-23T23:24:49+08:00 ] 127.0.0.1 /hello/index.php/Index/doCircle
INFO: [ route_check ] --START--
INFO: CheckRoute Behavior ::run [ RunTime:0.002402s ]
INFO: [ route_check ] --END-- [ RunTime:0.002528s ]
INFO: [ app_begin ] --START--
INFO: ReadHtmlCache Behavior ::run [ RunTime:0.001119s ]
INFO: [ app_begin ] --END-- [ RunTime:0.001202s ]
SQL: SHOW COLUMNS FROM `hello_group` [ RunTime:0.003049s ]
SQL: SELECT * FROM `hello_group` WHERE ( `name` = '你好' ) LIMIT 1   [ RunTime:0.000352s ]
SQL: INSERT INTO `hello_group` (`name`,`count`,`type`,`createuser`,`location`,`fcircle`) VALUES ('你好',1,0,'393867916@qq.com',null,0) [ RunTime:0.000336s ]

[ 2013-09-23T23:24:53+08:00 ] 127.0.0.1 /hello/index.php/Index/doCircle
INFO: [ route_check ] --START--
INFO: CheckRoute Behavior ::run [ RunTime:0.001545s ]
INFO: [ route_check ] --END-- [ RunTime:0.001680s ]
INFO: [ app_begin ] --START--
INFO: ReadHtmlCache Behavior ::run [ RunTime:0.001107s ]
INFO: [ app_begin ] --END-- [ RunTime:0.001205s ]
SQL: SHOW COLUMNS FROM `hello_group` [ RunTime:0.002929s ]
SQL: SELECT * FROM `hello_group` WHERE ( `name` = '你' ) LIMIT 1   [ RunTime:0.000295s ]
SQL: INSERT INTO `hello_group` (`name`,`count`,`type`,`createuser`,`location`,`fcircle`) VALUES ('你',1,0,'393867916@qq.com',null,0) [ RunTime:0.000247s ]

[ 2013-09-23T23:25:00+08:00 ] 127.0.0.1 /hello/index.php/Index/doCircle
INFO: [ route_check ] --START--
INFO: CheckRoute Behavior ::run [ RunTime:0.001416s ]
INFO: [ route_check ] --END-- [ RunTime:0.001503s ]
INFO: [ app_begin ] --START--
INFO: ReadHtmlCache Behavior ::run [ RunTime:0.000757s ]
INFO: [ app_begin ] --END-- [ RunTime:0.000814s ]
SQL: SHOW COLUMNS FROM `hello_group` [ RunTime:0.002954s ]
SQL: SELECT * FROM `hello_group` WHERE ( `name` = '在吗' ) LIMIT 1   [ RunTime:0.000335s ]
SQL: INSERT INTO `hello_group` (`name`,`count`,`type`,`createuser`,`location`,`fcircle`) VALUES ('在吗',1,0,'393867916@qq.com',null,0) [ RunTime:0.000260s ]

[ 2013-09-23T23:25:06+08:00 ] 127.0.0.1 /hello/index.php/Index/doCircle
INFO: [ route_check ] --START--
INFO: CheckRoute Behavior ::run [ RunTime:0.001363s ]
INFO: [ route_check ] --END-- [ RunTime:0.001479s ]
INFO: [ app_begin ] --START--
INFO: ReadHtmlCache Behavior ::run [ RunTime:0.000958s ]
INFO: [ app_begin ] --END-- [ RunTime:0.001035s ]
SQL: SHOW COLUMNS FROM `hello_group` [ RunTime:0.003014s ]

[ 2013-09-23T23:27:36+08:00 ] 127.0.0.1 /hello/index.php/Index/doCircle
INFO: [ route_check ] --START--
INFO: CheckRoute Behavior ::run [ RunTime:0.001211s ]
INFO: [ route_check ] --END-- [ RunTime:0.001291s ]
INFO: [ app_begin ] --START--
INFO: ReadHtmlCache Behavior ::run [ RunTime:0.000747s ]
INFO: [ app_begin ] --END-- [ RunTime:0.000800s ]
SQL: SHOW COLUMNS FROM `hello_group` [ RunTime:0.003050s ]

[ 2013-09-23T23:27:50+08:00 ] 127.0.0.1 /hello/index.php/Index/doCircle
INFO: [ route_check ] --START--
INFO: CheckRoute Behavior ::run [ RunTime:0.001425s ]
INFO: [ route_check ] --END-- [ RunTime:0.001543s ]
INFO: [ app_begin ] --START--
INFO: ReadHtmlCache Behavior ::run [ RunTime:0.001009s ]
INFO: [ app_begin ] --END-- [ RunTime:0.001091s ]
SQL: SHOW COLUMNS FROM `hello_group` [ RunTime:0.002985s ]

[ 2013-09-23T23:27:54+08:00 ] 127.0.0.1 /hello/index.php/Index/doCircle
INFO: [ route_check ] --START--
INFO: CheckRoute Behavior ::run [ RunTime:0.000888s ]
INFO: [ route_check ] --END-- [ RunTime:0.000965s ]
INFO: [ app_begin ] --START--
INFO: ReadHtmlCache Behavior ::run [ RunTime:0.000629s ]
INFO: [ app_begin ] --END-- [ RunTime:0.000681s ]
SQL: SHOW COLUMNS FROM `hello_group` [ RunTime:0.445368s ]

[ 2013-09-23T23:28:08+08:00 ] 127.0.0.1 /hello/index.php/Index/doCircle
INFO: [ route_check ] --START--
INFO: CheckRoute Behavior ::run [ RunTime:0.001008s ]
INFO: [ route_check ] --END-- [ RunTime:0.001128s ]
INFO: [ app_begin ] --START--
INFO: ReadHtmlCache Behavior ::run [ RunTime:0.000841s ]
INFO: [ app_begin ] --END-- [ RunTime:0.000902s ]
SQL: SHOW COLUMNS FROM `hello_group` [ RunTime:0.003105s ]

[ 2013-09-23T23:28:16+08:00 ] 127.0.0.1 /hello/index.php/Index/doCircle
INFO: [ route_check ] --START--
INFO: CheckRoute Behavior ::run [ RunTime:0.000902s ]
INFO: [ route_check ] --END-- [ RunTime:0.000978s ]
INFO: [ app_begin ] --START--
INFO: ReadHtmlCache Behavior ::run [ RunTime:0.000624s ]
INFO: [ app_begin ] --END-- [ RunTime:0.000674s ]
SQL: SHOW COLUMNS FROM `hello_group` [ RunTime:0.151817s ]

[ 2013-09-23T23:28:47+08:00 ] 127.0.0.1 /hello/index.php/Index/doCircle
INFO: [ route_check ] --START--
INFO: CheckRoute Behavior ::run [ RunTime:0.001178s ]
INFO: [ route_check ] --END-- [ RunTime:0.001293s ]
INFO: [ app_begin ] --START--
INFO: ReadHtmlCache Behavior ::run [ RunTime:0.000898s ]
INFO: [ app_begin ] --END-- [ RunTime:0.000966s ]
SQL: SHOW COLUMNS FROM `hello_group` [ RunTime:0.003267s ]

[ 2013-09-23T23:28:59+08:00 ] 127.0.0.1 /hello/index.php/Index/doCircle
INFO: [ route_check ] --START--
INFO: CheckRoute Behavior ::run [ RunTime:0.001166s ]
INFO: [ route_check ] --END-- [ RunTime:0.001263s ]
INFO: [ app_begin ] --START--
INFO: ReadHtmlCache Behavior ::run [ RunTime:0.000845s ]
INFO: [ app_begin ] --END-- [ RunTime:0.000910s ]
SQL: SHOW COLUMNS FROM `hello_group` [ RunTime:0.002961s ]

[ 2013-09-23T23:29:04+08:00 ] 127.0.0.1 /hello/index.php/Index/doCircle
INFO: [ route_check ] --START--
INFO: CheckRoute Behavior ::run [ RunTime:0.001220s ]
INFO: [ route_check ] --END-- [ RunTime:0.001319s ]
INFO: [ app_begin ] --START--
INFO: ReadHtmlCache Behavior ::run [ RunTime:0.000896s ]
INFO: [ app_begin ] --END-- [ RunTime:0.000968s ]
SQL: SHOW COLUMNS FROM `hello_group` [ RunTime:0.003167s ]
SQL: SELECT * FROM `hello_group` WHERE ( `name` = 'ni' ) LIMIT 1   [ RunTime:0.000364s ]
SQL: INSERT INTO `hello_group` (`name`,`count`,`type`,`createuser`,`location`,`fcircle`) VALUES ('ni',1,0,'393867916@qq.com',null,0) [ RunTime:0.000336s ]

[ 2013-09-23T23:29:07+08:00 ] 127.0.0.1 /hello/index.php/Index/doCircle
INFO: [ route_check ] --START--
INFO: CheckRoute Behavior ::run [ RunTime:0.000963s ]
INFO: [ route_check ] --END-- [ RunTime:0.001043s ]
INFO: [ app_begin ] --START--
INFO: ReadHtmlCache Behavior ::run [ RunTime:0.000640s ]
INFO: [ app_begin ] --END-- [ RunTime:0.000690s ]
SQL: SHOW COLUMNS FROM `hello_group` [ RunTime:0.002943s ]

[ 2013-09-23T23:44:23+08:00 ] 127.0.0.1 /hello/index.php/Index/doCircle
INFO: [ route_check ] --START--
INFO: CheckRoute Behavior ::run [ RunTime:0.001267s ]
INFO: [ route_check ] --END-- [ RunTime:0.001365s ]
INFO: [ app_begin ] --START--
INFO: ReadHtmlCache Behavior ::run [ RunTime:0.000786s ]
INFO: [ app_begin ] --END-- [ RunTime:0.000859s ]
SQL: SHOW COLUMNS FROM `hello_group` [ RunTime:0.003178s ]

[ 2013-09-23T23:44:36+08:00 ] 127.0.0.1 /hello/index.php/Index/doCircle
INFO: [ route_check ] --START--
INFO: CheckRoute Behavior ::run [ RunTime:0.000947s ]
INFO: [ route_check ] --END-- [ RunTime:0.001031s ]
INFO: [ app_begin ] --START--
INFO: ReadHtmlCache Behavior ::run [ RunTime:0.000641s ]
INFO: [ app_begin ] --END-- [ RunTime:0.000692s ]
SQL: SHOW COLUMNS FROM `hello_group` [ RunTime:0.002958s ]

[ 2013-09-23T23:48:29+08:00 ] 127.0.0.1 /hello/index.php/Index/doCircle
INFO: [ route_check ] --START--
INFO: CheckRoute Behavior ::run [ RunTime:0.001381s ]
INFO: [ route_check ] --END-- [ RunTime:0.001478s ]
INFO: [ app_begin ] --START--
INFO: ReadHtmlCache Behavior ::run [ RunTime:0.000833s ]
INFO: [ app_begin ] --END-- [ RunTime:0.000897s ]
SQL: SHOW COLUMNS FROM `hello_group` [ RunTime:0.003534s ]

[ 2013-09-23T23:48:58+08:00 ] 127.0.0.1 /hello/index.php/Index/doCircle
INFO: [ route_check ] --START--
INFO: CheckRoute Behavior ::run [ RunTime:0.000994s ]
INFO: [ route_check ] --END-- [ RunTime:0.001075s ]
INFO: [ app_begin ] --START--
INFO: ReadHtmlCache Behavior ::run [ RunTime:0.000655s ]
INFO: [ app_begin ] --END-- [ RunTime:0.000706s ]
SQL: SHOW COLUMNS FROM `hello_group` [ RunTime:0.003195s ]

[ 2013-09-23T23:49:04+08:00 ] 127.0.0.1 /hello/index.php/Index/doCircle
INFO: [ route_check ] --START--
INFO: CheckRoute Behavior ::run [ RunTime:0.001677s ]
INFO: [ route_check ] --END-- [ RunTime:0.001817s ]
INFO: [ app_begin ] --START--
INFO: ReadHtmlCache Behavior ::run [ RunTime:0.001241s ]
INFO: [ app_begin ] --END-- [ RunTime:0.001343s ]
SQL: SHOW COLUMNS FROM `hello_group` [ RunTime:0.002947s ]

[ 2013-09-23T23:51:03+08:00 ] 127.0.0.1 /hello/index.php/Index/doCircle
INFO: [ route_check ] --START--
INFO: CheckRoute Behavior ::run [ RunTime:0.001239s ]
INFO: [ route_check ] --END-- [ RunTime:0.001325s ]
INFO: [ app_begin ] --START--
INFO: ReadHtmlCache Behavior ::run [ RunTime:0.000744s ]
INFO: [ app_begin ] --END-- [ RunTime:0.000797s ]
SQL: SHOW COLUMNS FROM `hello_group` [ RunTime:0.003134s ]
SQL: SELECT * FROM `hello_group` WHERE ( `name` = '1' ) LIMIT 1   [ RunTime:0.000352s ]
SQL: INSERT INTO `hello_group` (`name`,`count`,`type`,`createuser`,`location`,`fcircle`) VALUES ('1',1,0,'393867916@qq.com',null,0) [ RunTime:0.000302s ]

[ 2013-09-23T23:51:14+08:00 ] 127.0.0.1 /hello/index.php/Index/doCircle
INFO: [ route_check ] --START--
INFO: CheckRoute Behavior ::run [ RunTime:0.000906s ]
INFO: [ route_check ] --END-- [ RunTime:0.000987s ]
INFO: [ app_begin ] --START--
INFO: ReadHtmlCache Behavior ::run [ RunTime:0.000632s ]
INFO: [ app_begin ] --END-- [ RunTime:0.000685s ]
SQL: SHOW COLUMNS FROM `hello_group` [ RunTime:0.002956s ]
SQL: SELECT * FROM `hello_group` WHERE ( `name` = '22' ) LIMIT 1   [ RunTime:0.000318s ]
SQL: INSERT INTO `hello_group` (`name`,`count`,`type`,`createuser`,`location`,`fcircle`) VALUES ('22',1,0,'393867916@qq.com',null,0) [ RunTime:0.000259s ]

[ 2013-09-23T23:51:20+08:00 ] 127.0.0.1 /hello/index.php/Index/doCircle
INFO: [ route_check ] --START--
INFO: CheckRoute Behavior ::run [ RunTime:0.001032s ]
INFO: [ route_check ] --END-- [ RunTime:0.001119s ]
INFO: [ app_begin ] --START--
INFO: ReadHtmlCache Behavior ::run [ RunTime:0.000664s ]
INFO: [ app_begin ] --END-- [ RunTime:0.000720s ]
SQL: SHOW COLUMNS FROM `hello_group` [ RunTime:0.003101s ]
SQL: SELECT * FROM `hello_group` WHERE ( `name` = '你好吗' ) LIMIT 1   [ RunTime:0.000345s ]

[ 2013-09-23T23:51:31+08:00 ] 127.0.0.1 /hello/index.php/Index/doCircle
INFO: [ route_check ] --START--
INFO: CheckRoute Behavior ::run [ RunTime:0.001339s ]
INFO: [ route_check ] --END-- [ RunTime:0.001454s ]
INFO: [ app_begin ] --START--
INFO: ReadHtmlCache Behavior ::run [ RunTime:0.001212s ]
INFO: [ app_begin ] --END-- [ RunTime:0.001322s ]
SQL: SHOW COLUMNS FROM `hello_group` [ RunTime:0.002989s ]

[ 2013-09-23T23:51:46+08:00 ] 127.0.0.1 /hello/index.php/Index/doCircle
INFO: [ route_check ] --START--
INFO: CheckRoute Behavior ::run [ RunTime:0.000891s ]
INFO: [ route_check ] --END-- [ RunTime:0.000968s ]
INFO: [ app_begin ] --START--
INFO: ReadHtmlCache Behavior ::run [ RunTime:0.000657s ]
INFO: [ app_begin ] --END-- [ RunTime:0.000709s ]
SQL: SHOW COLUMNS FROM `hello_group` [ RunTime:0.056545s ]

[ 2013-09-23T23:52:00+08:00 ] 127.0.0.1 /hello/index.php/Index/doCircle
INFO: [ route_check ] --START--
INFO: CheckRoute Behavior ::run [ RunTime:0.000898s ]
INFO: [ route_check ] --END-- [ RunTime:0.000988s ]
INFO: [ app_begin ] --START--
INFO: ReadHtmlCache Behavior ::run [ RunTime:0.000686s ]
INFO: [ app_begin ] --END-- [ RunTime:0.000742s ]
SQL: SHOW COLUMNS FROM `hello_group` [ RunTime:0.003155s ]
SQL: SELECT * FROM `hello_group` WHERE ( `name` = '猜猜我是谁12312' ) LIMIT 1   [ RunTime:0.000362s ]
SQL: INSERT INTO `hello_group` (`name`,`count`,`type`,`createuser`,`location`,`fcircle`) VALUES ('猜猜我是谁12312',1,0,'393867916@qq.com',null,0) [ RunTime:0.000361s ]

[ 2013-09-23T23:52:02+08:00 ] 127.0.0.1 /hello/index.php/Index/doCircle
INFO: [ route_check ] --START--
INFO: CheckRoute Behavior ::run [ RunTime:0.000910s ]
INFO: [ route_check ] --END-- [ RunTime:0.000988s ]
INFO: [ app_begin ] --START--
INFO: ReadHtmlCache Behavior ::run [ RunTime:0.000659s ]
INFO: [ app_begin ] --END-- [ RunTime:0.000711s ]
SQL: SHOW COLUMNS FROM `hello_group` [ RunTime:0.002944s ]

