[ 2013-10-08T21:03:44+08:00 ] 127.0.0.1 /hello/index.php/Public/login
INFO: [ route_check ] --START--
INFO: CheckRoute Behavior ::run [ RunTime:0.047163s ]
INFO: [ route_check ] --END-- [ RunTime:0.047352s ]
INFO: [ app_begin ] --START--
INFO: ReadHtmlCache Behavior ::run [ RunTime:0.027597s ]
INFO: [ app_begin ] --END-- [ RunTime:0.027754s ]
INFO: [ view_parse ] --START--
INFO: ParseTemplate Behavior ::run [ RunTime:0.188548s ]
INFO: [ view_parse ] --END-- [ RunTime:0.188718s ]
INFO: [ view_filter ] --START--
INFO: ContentReplace Behavior ::run [ RunTime:0.026009s ]
INFO: TokenBuild Behavior ::run [ RunTime:0.010516s ]
INFO: WriteHtmlCache Behavior ::run [ RunTime:0.001615s ]
INFO: ShowRuntime Behavior ::run [ RunTime:0.012300s ]
INFO: [ view_filter ] --END-- [ RunTime:0.050864s ]
INFO: [ view_end ] --START--
INFO: ShowPageTrace Behavior ::run [ RunTime:0.012005s ]
INFO: [ view_end ] --END-- [ RunTime:0.012170s ]

[ 2013-10-08T21:03:45+08:00 ] 127.0.0.1 /hello/index.php/Public/verify/
INFO: [ route_check ] --START--
INFO: CheckRoute Behavior ::run [ RunTime:0.002735s ]
INFO: [ route_check ] --END-- [ RunTime:0.002923s ]
INFO: [ app_begin ] --START--
INFO: ReadHtmlCache Behavior ::run [ RunTime:0.002104s ]
INFO: [ app_begin ] --END-- [ RunTime:0.002244s ]

[ 2013-10-08T21:04:10+08:00 ] 127.0.0.1 /hello/index.php/Public/register
INFO: [ route_check ] --START--
INFO: CheckRoute Behavior ::run [ RunTime:0.005392s ]
INFO: [ route_check ] --END-- [ RunTime:0.005577s ]
INFO: [ app_begin ] --START--
INFO: ReadHtmlCache Behavior ::run [ RunTime:0.001604s ]
INFO: [ app_begin ] --END-- [ RunTime:0.001736s ]
SQL: SHOW COLUMNS FROM `hello_user` [ RunTime:0.039424s ]
NOTIC: [8] Undefined index: password E:\wamp\www\hello\Lib\Action\PublicAction.class.php 第 19 行.
SQL: SELECT `uname` FROM `hello_user` WHERE ( `email` = '393867916@qq.com' ) LIMIT 1   [ RunTime:0.008310s ]

[ 2013-10-08T21:04:15+08:00 ] 127.0.0.1 /hello/index.php/Public/register
INFO: [ route_check ] --START--
INFO: CheckRoute Behavior ::run [ RunTime:0.001815s ]
INFO: [ route_check ] --END-- [ RunTime:0.001973s ]
INFO: [ app_begin ] --START--
INFO: ReadHtmlCache Behavior ::run [ RunTime:0.001288s ]
INFO: [ app_begin ] --END-- [ RunTime:0.001398s ]
SQL: SHOW COLUMNS FROM `hello_user` [ RunTime:0.006107s ]
SQL: SELECT * FROM `hello_user` WHERE ( `email` = '393867916@qq.com' ) AND ( `password` = 33 )  [ RunTime:0.000856s ]

[ 2013-10-08T21:04:21+08:00 ] 127.0.0.1 /hello/index.php/Public/register
INFO: [ route_check ] --START--
INFO: CheckRoute Behavior ::run [ RunTime:0.001847s ]
INFO: [ route_check ] --END-- [ RunTime:0.002008s ]
INFO: [ app_begin ] --START--
INFO: ReadHtmlCache Behavior ::run [ RunTime:0.001433s ]
INFO: [ app_begin ] --END-- [ RunTime:0.001551s ]
SQL: SHOW COLUMNS FROM `hello_user` [ RunTime:0.007255s ]
SQL: SELECT * FROM `hello_user` WHERE ( `email` = '393867916@qq.com' ) AND ( `password` = 0 )  [ RunTime:0.000769s ]

[ 2013-10-08T21:04:22+08:00 ] 127.0.0.1 /hello/index.php/Index/index
INFO: [ route_check ] --START--
INFO: CheckRoute Behavior ::run [ RunTime:0.001746s ]
INFO: [ route_check ] --END-- [ RunTime:0.001906s ]
INFO: [ app_begin ] --START--
INFO: ReadHtmlCache Behavior ::run [ RunTime:0.001167s ]
INFO: [ app_begin ] --END-- [ RunTime:0.001278s ]
SQL: SHOW COLUMNS FROM `hello_user` [ RunTime:0.005972s ]
SQL: SELECT * FROM `hello_user` WHERE ( `email` = '393867916@qq.com' ) LIMIT 1   [ RunTime:0.000655s ]
SQL: SHOW COLUMNS FROM `hello_friend` [ RunTime:0.036776s ]
SQL: SELECT `femail` FROM `hello_friend`  [ RunTime:0.000448s ]
NOTIC: [2] implode() [<a href='function.implode'>function.implode</a>]: Invalid arguments passed E:\wamp\www\hello\ThinkPHP\Lib\Core\Db.class.php 第 497 行.
SQL: SELECT * FROM `hello_user` WHERE ( `email` IN () )  [ RunTime:0.000389s ]
ERR: 1064:You have an error in your SQL syntax; check the manual that corresponds to your MySQL server version for the right syntax to use near ') )' at line 1
 [ SQL语句 ] : SELECT * FROM `hello_user` WHERE ( `email` IN () ) 
INFO: [ view_parse ] --START--
NOTIC: [8] Undefined variable: slide1 E:\wamp\www\hello\Runtime\Cache\b42df3d294fe8fb76fbe1db7ccd52452.php 第 495 行.
INFO: ParseTemplate Behavior ::run [ RunTime:0.044753s ]
INFO: [ view_parse ] --END-- [ RunTime:0.044882s ]
INFO: [ view_filter ] --START--
INFO: ContentReplace Behavior ::run [ RunTime:0.001290s ]
INFO: TokenBuild Behavior ::run [ RunTime:0.001201s ]
INFO: WriteHtmlCache Behavior ::run [ RunTime:0.000921s ]
INFO: ShowRuntime Behavior ::run [ RunTime:0.001281s ]
INFO: [ view_filter ] --END-- [ RunTime:0.004993s ]
INFO: [ view_end ] --START--
INFO: ShowPageTrace Behavior ::run [ RunTime:0.001456s ]
INFO: [ view_end ] --END-- [ RunTime:0.001556s ]

[ 2013-10-08T21:09:28+08:00 ] 127.0.0.1 /hello/index.php/Index/index
INFO: [ route_check ] --START--
INFO: CheckRoute Behavior ::run [ RunTime:0.002062s ]
INFO: [ route_check ] --END-- [ RunTime:0.002210s ]
INFO: [ app_begin ] --START--
INFO: ReadHtmlCache Behavior ::run [ RunTime:0.001608s ]
INFO: [ app_begin ] --END-- [ RunTime:0.001734s ]
SQL: SHOW COLUMNS FROM `hello_user` [ RunTime:0.007023s ]
SQL: SELECT * FROM `hello_user` WHERE ( `email` = '393867916@qq.com' ) LIMIT 1   [ RunTime:0.000679s ]
SQL: SHOW COLUMNS FROM `hello_friend` [ RunTime:0.005532s ]
SQL: SELECT `femail` FROM `hello_friend`  [ RunTime:0.000433s ]
NOTIC: [2] implode() [<a href='function.implode'>function.implode</a>]: Invalid arguments passed E:\wamp\www\hello\ThinkPHP\Lib\Core\Db.class.php 第 497 行.
SQL: SELECT * FROM `hello_user` WHERE ( `email` IN () )  [ RunTime:0.000351s ]
ERR: 1064:You have an error in your SQL syntax; check the manual that corresponds to your MySQL server version for the right syntax to use near ') )' at line 1
 [ SQL语句 ] : SELECT * FROM `hello_user` WHERE ( `email` IN () ) 
INFO: [ view_parse ] --START--
NOTIC: [8] Undefined variable: slide1 E:\wamp\www\hello\Runtime\Cache\b42df3d294fe8fb76fbe1db7ccd52452.php 第 495 行.
INFO: ParseTemplate Behavior ::run [ RunTime:0.027876s ]
INFO: [ view_parse ] --END-- [ RunTime:0.028002s ]
INFO: [ view_filter ] --START--
INFO: ContentReplace Behavior ::run [ RunTime:0.001336s ]
INFO: TokenBuild Behavior ::run [ RunTime:0.001153s ]
INFO: WriteHtmlCache Behavior ::run [ RunTime:0.000928s ]
INFO: ShowRuntime Behavior ::run [ RunTime:0.001337s ]
INFO: [ view_filter ] --END-- [ RunTime:0.005049s ]
INFO: [ view_end ] --START--
INFO: ShowPageTrace Behavior ::run [ RunTime:0.001487s ]
INFO: [ view_end ] --END-- [ RunTime:0.001591s ]

[ 2013-10-08T21:09:46+08:00 ] 127.0.0.1 /hello/index.php/Index/index
INFO: [ route_check ] --START--
INFO: CheckRoute Behavior ::run [ RunTime:0.002425s ]
INFO: [ route_check ] --END-- [ RunTime:0.002582s ]
INFO: [ app_begin ] --START--
INFO: ReadHtmlCache Behavior ::run [ RunTime:0.001507s ]
INFO: [ app_begin ] --END-- [ RunTime:0.001627s ]
SQL: SHOW COLUMNS FROM `hello_user` [ RunTime:0.005926s ]
SQL: SELECT * FROM `hello_user` WHERE ( `email` = '393867916@qq.com' ) LIMIT 1   [ RunTime:0.000888s ]
SQL: SHOW COLUMNS FROM `hello_friend` [ RunTime:0.005946s ]
SQL: SELECT `femail` FROM `hello_friend`  [ RunTime:0.000464s ]
NOTIC: [2] implode() [<a href='function.implode'>function.implode</a>]: Invalid arguments passed E:\wamp\www\hello\ThinkPHP\Lib\Core\Db.class.php 第 497 行.
SQL: SELECT * FROM `hello_user` WHERE ( `email` IN () )  [ RunTime:0.000383s ]
ERR: 1064:You have an error in your SQL syntax; check the manual that corresponds to your MySQL server version for the right syntax to use near ') )' at line 1
 [ SQL语句 ] : SELECT * FROM `hello_user` WHERE ( `email` IN () ) 
INFO: [ view_parse ] --START--
NOTIC: [8] Undefined variable: slide1 E:\wamp\www\hello\Runtime\Cache\b42df3d294fe8fb76fbe1db7ccd52452.php 第 495 行.
INFO: ParseTemplate Behavior ::run [ RunTime:0.028568s ]
INFO: [ view_parse ] --END-- [ RunTime:0.028706s ]
INFO: [ view_filter ] --START--
INFO: ContentReplace Behavior ::run [ RunTime:0.001980s ]
INFO: TokenBuild Behavior ::run [ RunTime:0.001308s ]
INFO: WriteHtmlCache Behavior ::run [ RunTime:0.001452s ]
INFO: ShowRuntime Behavior ::run [ RunTime:0.001424s ]
INFO: [ view_filter ] --END-- [ RunTime:0.006513s ]
INFO: [ view_end ] --START--
INFO: ShowPageTrace Behavior ::run [ RunTime:0.001626s ]
INFO: [ view_end ] --END-- [ RunTime:0.001742s ]

[ 2013-10-08T21:10:31+08:00 ] 127.0.0.1 /hello/index.php/Index/index
INFO: [ route_check ] --START--
INFO: CheckRoute Behavior ::run [ RunTime:0.001757s ]
INFO: [ route_check ] --END-- [ RunTime:0.001907s ]
INFO: [ app_begin ] --START--
INFO: ReadHtmlCache Behavior ::run [ RunTime:0.001846s ]
INFO: [ app_begin ] --END-- [ RunTime:0.001969s ]
SQL: SHOW COLUMNS FROM `hello_user` [ RunTime:0.006323s ]
SQL: SELECT * FROM `hello_user` WHERE ( `email` = '393867916@qq.com' ) LIMIT 1   [ RunTime:0.000715s ]
SQL: SHOW COLUMNS FROM `hello_friend` [ RunTime:0.005615s ]
SQL: SELECT `femail` FROM `hello_friend`  [ RunTime:0.000489s ]
NOTIC: [2] implode() [<a href='function.implode'>function.implode</a>]: Invalid arguments passed E:\wamp\www\hello\ThinkPHP\Lib\Core\Db.class.php 第 497 行.
SQL: SELECT * FROM `hello_user` WHERE ( `email` IN () )  [ RunTime:0.001082s ]
ERR: 1064:You have an error in your SQL syntax; check the manual that corresponds to your MySQL server version for the right syntax to use near ') )' at line 1
 [ SQL语句 ] : SELECT * FROM `hello_user` WHERE ( `email` IN () ) 
INFO: [ view_parse ] --START--
NOTIC: [8] Undefined variable: slide1 E:\wamp\www\hello\Runtime\Cache\b42df3d294fe8fb76fbe1db7ccd52452.php 第 495 行.
INFO: ParseTemplate Behavior ::run [ RunTime:0.027896s ]
INFO: [ view_parse ] --END-- [ RunTime:0.028026s ]
INFO: [ view_filter ] --START--
INFO: ContentReplace Behavior ::run [ RunTime:0.001173s ]
INFO: TokenBuild Behavior ::run [ RunTime:0.001125s ]
INFO: WriteHtmlCache Behavior ::run [ RunTime:0.000843s ]
INFO: ShowRuntime Behavior ::run [ RunTime:0.001233s ]
INFO: [ view_filter ] --END-- [ RunTime:0.004693s ]
INFO: [ view_end ] --START--
INFO: ShowPageTrace Behavior ::run [ RunTime:0.001404s ]
INFO: [ view_end ] --END-- [ RunTime:0.001513s ]

[ 2013-10-08T21:12:09+08:00 ] 127.0.0.1 /hello/index.php/Index/index
INFO: [ route_check ] --START--
INFO: CheckRoute Behavior ::run [ RunTime:0.002604s ]
INFO: [ route_check ] --END-- [ RunTime:0.002803s ]
INFO: [ app_begin ] --START--
INFO: ReadHtmlCache Behavior ::run [ RunTime:0.001460s ]
INFO: [ app_begin ] --END-- [ RunTime:0.001589s ]
SQL: SHOW COLUMNS FROM `hello_user` [ RunTime:0.005882s ]
SQL: SELECT * FROM `hello_user` WHERE ( `email` = '393867916@qq.com' ) LIMIT 1   [ RunTime:0.000819s ]
SQL: SHOW COLUMNS FROM `hello_friend` [ RunTime:0.005945s ]
SQL: SELECT `femail` FROM `hello_friend`  [ RunTime:0.000419s ]
NOTIC: [2] implode() [<a href='function.implode'>function.implode</a>]: Invalid arguments passed E:\wamp\www\hello\ThinkPHP\Lib\Core\Db.class.php 第 497 行.
SQL: SELECT * FROM `hello_user` WHERE ( `email` IN () )  [ RunTime:0.000336s ]
ERR: 1064:You have an error in your SQL syntax; check the manual that corresponds to your MySQL server version for the right syntax to use near ') )' at line 1
 [ SQL语句 ] : SELECT * FROM `hello_user` WHERE ( `email` IN () ) 
INFO: [ view_parse ] --START--
NOTIC: [8] Undefined variable: slide1 E:\wamp\www\hello\Runtime\Cache\b42df3d294fe8fb76fbe1db7ccd52452.php 第 498 行.
INFO: ParseTemplate Behavior ::run [ RunTime:0.025625s ]
INFO: [ view_parse ] --END-- [ RunTime:0.025750s ]
INFO: [ view_filter ] --START--
INFO: ContentReplace Behavior ::run [ RunTime:0.001304s ]
INFO: TokenBuild Behavior ::run [ RunTime:0.001175s ]
INFO: WriteHtmlCache Behavior ::run [ RunTime:0.000916s ]
INFO: ShowRuntime Behavior ::run [ RunTime:0.001353s ]
INFO: [ view_filter ] --END-- [ RunTime:0.005053s ]
INFO: [ view_end ] --START--
INFO: ShowPageTrace Behavior ::run [ RunTime:0.001517s ]
INFO: [ view_end ] --END-- [ RunTime:0.001622s ]

[ 2013-10-08T21:12:41+08:00 ] 127.0.0.1 /hello/index.php/Index/index
INFO: [ route_check ] --START--
INFO: CheckRoute Behavior ::run [ RunTime:0.002254s ]
INFO: [ route_check ] --END-- [ RunTime:0.002470s ]
INFO: [ app_begin ] --START--
INFO: ReadHtmlCache Behavior ::run [ RunTime:0.001633s ]
INFO: [ app_begin ] --END-- [ RunTime:0.001758s ]
SQL: SHOW COLUMNS FROM `hello_user` [ RunTime:0.006144s ]
SQL: SELECT * FROM `hello_user` WHERE ( `email` = '393867916@qq.com' ) LIMIT 1   [ RunTime:0.000708s ]
SQL: SHOW COLUMNS FROM `hello_friend` [ RunTime:0.005614s ]
SQL: SELECT `femail` FROM `hello_friend`  [ RunTime:0.000587s ]
NOTIC: [2] implode() [<a href='function.implode'>function.implode</a>]: Invalid arguments passed E:\wamp\www\hello\ThinkPHP\Lib\Core\Db.class.php 第 497 行.
SQL: SELECT * FROM `hello_user` WHERE ( `email` IN () )  [ RunTime:0.000369s ]
ERR: 1064:You have an error in your SQL syntax; check the manual that corresponds to your MySQL server version for the right syntax to use near ') )' at line 1
 [ SQL语句 ] : SELECT * FROM `hello_user` WHERE ( `email` IN () ) 
INFO: [ view_parse ] --START--
NOTIC: [8] Undefined variable: slide1 E:\wamp\www\hello\Runtime\Cache\b42df3d294fe8fb76fbe1db7ccd52452.php 第 498 行.
INFO: ParseTemplate Behavior ::run [ RunTime:0.028882s ]
INFO: [ view_parse ] --END-- [ RunTime:0.029017s ]
INFO: [ view_filter ] --START--
INFO: ContentReplace Behavior ::run [ RunTime:0.001420s ]
INFO: TokenBuild Behavior ::run [ RunTime:0.001218s ]
INFO: WriteHtmlCache Behavior ::run [ RunTime:0.001080s ]
INFO: ShowRuntime Behavior ::run [ RunTime:0.001457s ]
INFO: [ view_filter ] --END-- [ RunTime:0.005536s ]
INFO: [ view_end ] --START--
INFO: ShowPageTrace Behavior ::run [ RunTime:0.001793s ]
INFO: [ view_end ] --END-- [ RunTime:0.001911s ]

[ 2013-10-08T21:12:56+08:00 ] 127.0.0.1 /hello/index.php/Index/index
INFO: [ route_check ] --START--
INFO: CheckRoute Behavior ::run [ RunTime:0.002393s ]
INFO: [ route_check ] --END-- [ RunTime:0.002547s ]
INFO: [ app_begin ] --START--
INFO: ReadHtmlCache Behavior ::run [ RunTime:0.001521s ]
INFO: [ app_begin ] --END-- [ RunTime:0.001645s ]
SQL: SHOW COLUMNS FROM `hello_user` [ RunTime:0.006253s ]
SQL: SELECT * FROM `hello_user` WHERE ( `email` = '393867916@qq.com' ) LIMIT 1   [ RunTime:0.000709s ]
SQL: SHOW COLUMNS FROM `hello_friend` [ RunTime:0.006176s ]
SQL: SELECT `femail` FROM `hello_friend`  [ RunTime:0.000952s ]
NOTIC: [2] implode() [<a href='function.implode'>function.implode</a>]: Invalid arguments passed E:\wamp\www\hello\ThinkPHP\Lib\Core\Db.class.php 第 497 行.
SQL: SELECT * FROM `hello_user` WHERE ( `email` IN () )  [ RunTime:0.004917s ]
ERR: 1064:You have an error in your SQL syntax; check the manual that corresponds to your MySQL server version for the right syntax to use near ') )' at line 1
 [ SQL语句 ] : SELECT * FROM `hello_user` WHERE ( `email` IN () ) 
INFO: [ view_parse ] --START--
NOTIC: [8] Undefined variable: slide1 E:\wamp\www\hello\Runtime\Cache\b42df3d294fe8fb76fbe1db7ccd52452.php 第 498 行.
INFO: ParseTemplate Behavior ::run [ RunTime:0.042068s ]
INFO: [ view_parse ] --END-- [ RunTime:0.042238s ]
INFO: [ view_filter ] --START--
INFO: ContentReplace Behavior ::run [ RunTime:0.001464s ]
INFO: TokenBuild Behavior ::run [ RunTime:0.001350s ]
INFO: WriteHtmlCache Behavior ::run [ RunTime:0.001036s ]
INFO: ShowRuntime Behavior ::run [ RunTime:0.001405s ]
INFO: [ view_filter ] --END-- [ RunTime:0.005578s ]
INFO: [ view_end ] --START--
INFO: ShowPageTrace Behavior ::run [ RunTime:0.002208s ]
INFO: [ view_end ] --END-- [ RunTime:0.002339s ]

[ 2013-10-08T21:15:25+08:00 ] 127.0.0.1 /hello/index.php/Index/index
INFO: [ route_check ] --START--
INFO: CheckRoute Behavior ::run [ RunTime:0.002674s ]
INFO: [ route_check ] --END-- [ RunTime:0.002865s ]
INFO: [ app_begin ] --START--
INFO: ReadHtmlCache Behavior ::run [ RunTime:0.001638s ]
INFO: [ app_begin ] --END-- [ RunTime:0.001771s ]
SQL: SHOW COLUMNS FROM `hello_user` [ RunTime:0.006563s ]
SQL: SELECT * FROM `hello_user` WHERE ( `email` = '393867916@qq.com' ) LIMIT 1   [ RunTime:0.000700s ]
SQL: SHOW COLUMNS FROM `hello_friend` [ RunTime:0.006027s ]
SQL: SELECT `femail` FROM `hello_friend`  [ RunTime:0.000407s ]
NOTIC: [2] implode() [<a href='function.implode'>function.implode</a>]: Invalid arguments passed E:\wamp\www\hello\ThinkPHP\Lib\Core\Db.class.php 第 497 行.
SQL: SELECT * FROM `hello_user` WHERE ( `email` IN () )  [ RunTime:0.000335s ]
ERR: 1064:You have an error in your SQL syntax; check the manual that corresponds to your MySQL server version for the right syntax to use near ') )' at line 1
 [ SQL语句 ] : SELECT * FROM `hello_user` WHERE ( `email` IN () ) 
INFO: [ view_parse ] --START--
NOTIC: [8] Undefined variable: slide1 E:\wamp\www\hello\Runtime\Cache\b42df3d294fe8fb76fbe1db7ccd52452.php 第 495 行.
INFO: ParseTemplate Behavior ::run [ RunTime:0.043574s ]
INFO: [ view_parse ] --END-- [ RunTime:0.043704s ]
INFO: [ view_filter ] --START--
INFO: ContentReplace Behavior ::run [ RunTime:0.001820s ]
INFO: TokenBuild Behavior ::run [ RunTime:0.001276s ]
INFO: WriteHtmlCache Behavior ::run [ RunTime:0.000988s ]
INFO: ShowRuntime Behavior ::run [ RunTime:0.001377s ]
INFO: [ view_filter ] --END-- [ RunTime:0.005809s ]
INFO: [ view_end ] --START--
INFO: ShowPageTrace Behavior ::run [ RunTime:0.001674s ]
INFO: [ view_end ] --END-- [ RunTime:0.001785s ]

[ 2013-10-08T21:15:38+08:00 ] 127.0.0.1 /hello/index.php/Index/index
INFO: [ route_check ] --START--
INFO: CheckRoute Behavior ::run [ RunTime:0.002206s ]
INFO: [ route_check ] --END-- [ RunTime:0.002354s ]
INFO: [ app_begin ] --START--
INFO: ReadHtmlCache Behavior ::run [ RunTime:0.001489s ]
INFO: [ app_begin ] --END-- [ RunTime:0.001608s ]
SQL: SHOW COLUMNS FROM `hello_user` [ RunTime:0.005825s ]
SQL: SELECT * FROM `hello_user` WHERE ( `email` = '393867916@qq.com' ) LIMIT 1   [ RunTime:0.000603s ]
SQL: SHOW COLUMNS FROM `hello_friend` [ RunTime:0.005523s ]
SQL: SELECT `femail` FROM `hello_friend`  [ RunTime:0.000393s ]
NOTIC: [2] implode() [<a href='function.implode'>function.implode</a>]: Invalid arguments passed E:\wamp\www\hello\ThinkPHP\Lib\Core\Db.class.php 第 497 行.
SQL: SELECT * FROM `hello_user` WHERE ( `email` IN () )  [ RunTime:0.000302s ]
ERR: 1064:You have an error in your SQL syntax; check the manual that corresponds to your MySQL server version for the right syntax to use near ') )' at line 1
 [ SQL语句 ] : SELECT * FROM `hello_user` WHERE ( `email` IN () ) 
INFO: [ view_parse ] --START--
NOTIC: [8] Undefined variable: slide1 E:\wamp\www\hello\Runtime\Cache\b42df3d294fe8fb76fbe1db7ccd52452.php 第 495 行.
INFO: ParseTemplate Behavior ::run [ RunTime:0.027492s ]
INFO: [ view_parse ] --END-- [ RunTime:0.027651s ]
INFO: [ view_filter ] --START--
INFO: ContentReplace Behavior ::run [ RunTime:0.001396s ]
INFO: TokenBuild Behavior ::run [ RunTime:0.001313s ]
INFO: WriteHtmlCache Behavior ::run [ RunTime:0.001020s ]
INFO: ShowRuntime Behavior ::run [ RunTime:0.001482s ]
INFO: [ view_filter ] --END-- [ RunTime:0.005534s ]
INFO: [ view_end ] --START--
INFO: ShowPageTrace Behavior ::run [ RunTime:0.001657s ]
INFO: [ view_end ] --END-- [ RunTime:0.001773s ]

[ 2013-10-08T21:16:17+08:00 ] 127.0.0.1 /hello/index.php/Index/index
INFO: [ route_check ] --START--
INFO: CheckRoute Behavior ::run [ RunTime:0.002107s ]
INFO: [ route_check ] --END-- [ RunTime:0.002255s ]
INFO: [ app_begin ] --START--
INFO: ReadHtmlCache Behavior ::run [ RunTime:0.001332s ]
INFO: [ app_begin ] --END-- [ RunTime:0.001448s ]
SQL: SHOW COLUMNS FROM `hello_user` [ RunTime:0.006002s ]
SQL: SELECT * FROM `hello_user` WHERE ( `email` = '393867916@qq.com' ) LIMIT 1   [ RunTime:0.000616s ]
SQL: SHOW COLUMNS FROM `hello_friend` [ RunTime:0.005061s ]
SQL: SELECT `femail` FROM `hello_friend`  [ RunTime:0.000393s ]
NOTIC: [2] implode() [<a href='function.implode'>function.implode</a>]: Invalid arguments passed E:\wamp\www\hello\ThinkPHP\Lib\Core\Db.class.php 第 497 行.
SQL: SELECT * FROM `hello_user` WHERE ( `email` IN () )  [ RunTime:0.000297s ]
ERR: 1064:You have an error in your SQL syntax; check the manual that corresponds to your MySQL server version for the right syntax to use near ') )' at line 1
 [ SQL语句 ] : SELECT * FROM `hello_user` WHERE ( `email` IN () ) 
INFO: [ view_parse ] --START--
NOTIC: [8] Undefined variable: slide1 E:\wamp\www\hello\Runtime\Cache\b42df3d294fe8fb76fbe1db7ccd52452.php 第 495 行.
INFO: ParseTemplate Behavior ::run [ RunTime:0.026010s ]
INFO: [ view_parse ] --END-- [ RunTime:0.026144s ]
INFO: [ view_filter ] --START--
INFO: ContentReplace Behavior ::run [ RunTime:0.001261s ]
INFO: TokenBuild Behavior ::run [ RunTime:0.001139s ]
INFO: WriteHtmlCache Behavior ::run [ RunTime:0.000936s ]
INFO: ShowRuntime Behavior ::run [ RunTime:0.001271s ]
INFO: [ view_filter ] --END-- [ RunTime:0.004898s ]
INFO: [ view_end ] --START--
INFO: ShowPageTrace Behavior ::run [ RunTime:0.001508s ]
INFO: [ view_end ] --END-- [ RunTime:0.001616s ]

[ 2013-10-08T21:31:56+08:00 ] 127.0.0.1 /hello/index.php/Index/index
INFO: [ route_check ] --START--
INFO: CheckRoute Behavior ::run [ RunTime:0.002445s ]
INFO: [ route_check ] --END-- [ RunTime:0.002594s ]
INFO: [ app_begin ] --START--
INFO: ReadHtmlCache Behavior ::run [ RunTime:0.001911s ]
INFO: [ app_begin ] --END-- [ RunTime:0.002028s ]
SQL: SHOW COLUMNS FROM `hello_user` [ RunTime:0.006009s ]
SQL: SELECT * FROM `hello_user` WHERE ( `email` = '393867916@qq.com' ) LIMIT 1   [ RunTime:0.000726s ]
SQL: SHOW COLUMNS FROM `hello_friend` [ RunTime:0.005224s ]
SQL: SELECT `femail` FROM `hello_friend`  [ RunTime:0.000394s ]
NOTIC: [2] implode() [<a href='function.implode'>function.implode</a>]: Invalid arguments passed E:\wamp\www\hello\ThinkPHP\Lib\Core\Db.class.php 第 497 行.
SQL: SELECT * FROM `hello_user` WHERE ( `email` IN () )  [ RunTime:0.000306s ]
ERR: 1064:You have an error in your SQL syntax; check the manual that corresponds to your MySQL server version for the right syntax to use near ') )' at line 1
 [ SQL语句 ] : SELECT * FROM `hello_user` WHERE ( `email` IN () ) 
SQL: SHOW COLUMNS FROM `hello_group` [ RunTime:0.005867s ]
SQL: SELECT * FROM `hello_group` ORDER BY id desc LIMIT 8   [ RunTime:0.019017s ]
ERR: 模板不存在[E:/wamp/www/hello/Tpl/Index/circlelist.html]

[ 2013-10-08T21:32:14+08:00 ] 127.0.0.1 /hello/index.php/Index/index
INFO: [ route_check ] --START--
INFO: CheckRoute Behavior ::run [ RunTime:0.002672s ]
INFO: [ route_check ] --END-- [ RunTime:0.002825s ]
INFO: [ app_begin ] --START--
INFO: ReadHtmlCache Behavior ::run [ RunTime:0.002098s ]
INFO: [ app_begin ] --END-- [ RunTime:0.002228s ]
SQL: SHOW COLUMNS FROM `hello_user` [ RunTime:0.006972s ]
SQL: SELECT * FROM `hello_user` WHERE ( `email` = '393867916@qq.com' ) LIMIT 1   [ RunTime:0.000747s ]
SQL: SHOW COLUMNS FROM `hello_friend` [ RunTime:0.006698s ]
SQL: SELECT `femail` FROM `hello_friend`  [ RunTime:0.000466s ]
NOTIC: [2] implode() [<a href='function.implode'>function.implode</a>]: Invalid arguments passed E:\wamp\www\hello\ThinkPHP\Lib\Core\Db.class.php 第 497 行.
SQL: SELECT * FROM `hello_user` WHERE ( `email` IN () )  [ RunTime:0.000374s ]
ERR: 1064:You have an error in your SQL syntax; check the manual that corresponds to your MySQL server version for the right syntax to use near ') )' at line 1
 [ SQL语句 ] : SELECT * FROM `hello_user` WHERE ( `email` IN () ) 
SQL: SHOW COLUMNS FROM `hello_group` [ RunTime:0.006651s ]
SQL: SELECT * FROM `hello_group` ORDER BY id desc LIMIT 8   [ RunTime:0.000815s ]
ERR: 模板不存在[E:/wamp/www/hello/Tpl/Index/circlelist.html]

[ 2013-10-08T21:32:36+08:00 ] 127.0.0.1 /hello/index.php/Index
INFO: [ route_check ] --START--
INFO: CheckRoute Behavior ::run [ RunTime:0.002890s ]
INFO: [ route_check ] --END-- [ RunTime:0.003063s ]
INFO: [ app_begin ] --START--
INFO: ReadHtmlCache Behavior ::run [ RunTime:0.002361s ]
INFO: [ app_begin ] --END-- [ RunTime:0.002484s ]
SQL: SHOW COLUMNS FROM `hello_user` [ RunTime:0.005870s ]
SQL: SELECT * FROM `hello_user` WHERE ( `email` = '393867916@qq.com' ) LIMIT 1   [ RunTime:0.000715s ]
SQL: SHOW COLUMNS FROM `hello_friend` [ RunTime:0.005404s ]
SQL: SELECT `femail` FROM `hello_friend`  [ RunTime:0.000441s ]
NOTIC: [2] implode() [<a href='function.implode'>function.implode</a>]: Invalid arguments passed E:\wamp\www\hello\ThinkPHP\Lib\Core\Db.class.php 第 497 行.
SQL: SELECT * FROM `hello_user` WHERE ( `email` IN () )  [ RunTime:0.000342s ]
ERR: 1064:You have an error in your SQL syntax; check the manual that corresponds to your MySQL server version for the right syntax to use near ') )' at line 1
 [ SQL语句 ] : SELECT * FROM `hello_user` WHERE ( `email` IN () ) 
SQL: SHOW COLUMNS FROM `hello_group` [ RunTime:0.006284s ]
SQL: SELECT * FROM `hello_group` ORDER BY id desc LIMIT 8   [ RunTime:0.000784s ]
ERR: 模板不存在[E:/wamp/www/hello/Tpl/Index/circlelist.html]

[ 2013-10-08T21:33:38+08:00 ] 127.0.0.1 /hello/index.php/Index
INFO: [ route_check ] --START--
INFO: CheckRoute Behavior ::run [ RunTime:0.002380s ]
INFO: [ route_check ] --END-- [ RunTime:0.002530s ]
INFO: [ app_begin ] --START--
INFO: ReadHtmlCache Behavior ::run [ RunTime:0.001851s ]
INFO: [ app_begin ] --END-- [ RunTime:0.001976s ]
SQL: SHOW COLUMNS FROM `hello_user` [ RunTime:0.005616s ]
SQL: SELECT * FROM `hello_user` WHERE ( `email` = '393867916@qq.com' ) LIMIT 1   [ RunTime:0.000587s ]
SQL: SHOW COLUMNS FROM `hello_friend` [ RunTime:0.005269s ]
SQL: SELECT `femail` FROM `hello_friend`  [ RunTime:0.000448s ]
NOTIC: [2] implode() [<a href='function.implode'>function.implode</a>]: Invalid arguments passed E:\wamp\www\hello\ThinkPHP\Lib\Core\Db.class.php 第 497 行.
SQL: SELECT * FROM `hello_user` WHERE ( `email` IN () )  [ RunTime:0.000303s ]
ERR: 1064:You have an error in your SQL syntax; check the manual that corresponds to your MySQL server version for the right syntax to use near ') )' at line 1
 [ SQL语句 ] : SELECT * FROM `hello_user` WHERE ( `email` IN () ) 
SQL: SHOW COLUMNS FROM `hello_group` [ RunTime:0.005959s ]
SQL: SELECT * FROM `hello_group` ORDER BY id desc LIMIT 8   [ RunTime:0.000623s ]
ERR: 模板不存在[E:/wamp/www/hello/Tpl/Index/circlelist.html]

[ 2013-10-08T21:34:26+08:00 ] 127.0.0.1 /hello/index.php/Index
INFO: [ route_check ] --START--
INFO: CheckRoute Behavior ::run [ RunTime:0.004433s ]
INFO: [ route_check ] --END-- [ RunTime:0.004612s ]
INFO: [ app_begin ] --START--
INFO: ReadHtmlCache Behavior ::run [ RunTime:0.002230s ]
INFO: [ app_begin ] --END-- [ RunTime:0.002354s ]
SQL: SHOW COLUMNS FROM `hello_user` [ RunTime:0.006724s ]
SQL: SELECT * FROM `hello_user` WHERE ( `email` = '393867916@qq.com' ) LIMIT 1   [ RunTime:0.000770s ]
SQL: SHOW COLUMNS FROM `hello_friend` [ RunTime:0.006508s ]
SQL: SELECT `femail` FROM `hello_friend`  [ RunTime:0.000622s ]
NOTIC: [2] implode() [<a href='function.implode'>function.implode</a>]: Invalid arguments passed E:\wamp\www\hello\ThinkPHP\Lib\Core\Db.class.php 第 497 行.
SQL: SELECT * FROM `hello_user` WHERE ( `email` IN () )  [ RunTime:0.000438s ]
ERR: 1064:You have an error in your SQL syntax; check the manual that corresponds to your MySQL server version for the right syntax to use near ') )' at line 1
 [ SQL语句 ] : SELECT * FROM `hello_user` WHERE ( `email` IN () ) 
SQL: SHOW COLUMNS FROM `hello_group` [ RunTime:0.006152s ]
SQL: SELECT * FROM `hello_group` ORDER BY id desc LIMIT 8   [ RunTime:0.000818s ]
INFO: [ view_parse ] --START--
NOTIC: [8] Undefined variable: slide1 E:\wamp\www\hello\Runtime\Cache\b42df3d294fe8fb76fbe1db7ccd52452.php 第 495 行.
NOTIC: [8] Undefined variable: circle E:\wamp\www\hello\Runtime\Cache\b42df3d294fe8fb76fbe1db7ccd52452.php 第 598 行.
INFO: ParseTemplate Behavior ::run [ RunTime:0.048119s ]
INFO: [ view_parse ] --END-- [ RunTime:0.048270s ]
INFO: [ view_filter ] --START--
INFO: ContentReplace Behavior ::run [ RunTime:0.002447s ]
INFO: TokenBuild Behavior ::run [ RunTime:0.001830s ]
INFO: WriteHtmlCache Behavior ::run [ RunTime:0.001739s ]
INFO: ShowRuntime Behavior ::run [ RunTime:0.001853s ]
INFO: [ view_filter ] --END-- [ RunTime:0.008614s ]
INFO: [ view_end ] --START--
INFO: ShowPageTrace Behavior ::run [ RunTime:0.002019s ]
INFO: [ view_end ] --END-- [ RunTime:0.002142s ]

[ 2013-10-08T21:34:34+08:00 ] 127.0.0.1 /hello/index.php/Index
INFO: [ route_check ] --START--
INFO: CheckRoute Behavior ::run [ RunTime:0.002437s ]
INFO: [ route_check ] --END-- [ RunTime:0.002579s ]
INFO: [ app_begin ] --START--
INFO: ReadHtmlCache Behavior ::run [ RunTime:0.001972s ]
INFO: [ app_begin ] --END-- [ RunTime:0.002110s ]
SQL: SHOW COLUMNS FROM `hello_user` [ RunTime:0.005592s ]
SQL: SELECT * FROM `hello_user` WHERE ( `email` = '393867916@qq.com' ) LIMIT 1   [ RunTime:0.000708s ]
SQL: SHOW COLUMNS FROM `hello_friend` [ RunTime:0.005207s ]
SQL: SELECT `femail` FROM `hello_friend`  [ RunTime:0.000498s ]
NOTIC: [2] implode() [<a href='function.implode'>function.implode</a>]: Invalid arguments passed E:\wamp\www\hello\ThinkPHP\Lib\Core\Db.class.php 第 497 行.
SQL: SELECT * FROM `hello_user` WHERE ( `email` IN () )  [ RunTime:0.000301s ]
ERR: 1064:You have an error in your SQL syntax; check the manual that corresponds to your MySQL server version for the right syntax to use near ') )' at line 1
 [ SQL语句 ] : SELECT * FROM `hello_user` WHERE ( `email` IN () ) 
SQL: SHOW COLUMNS FROM `hello_group` [ RunTime:0.005661s ]
SQL: SELECT * FROM `hello_group` ORDER BY id desc LIMIT 8   [ RunTime:0.000798s ]
INFO: [ view_parse ] --START--
NOTIC: [8] Undefined variable: slide1 E:\wamp\www\hello\Runtime\Cache\b42df3d294fe8fb76fbe1db7ccd52452.php 第 495 行.
NOTIC: [8] Undefined variable: circle E:\wamp\www\hello\Runtime\Cache\b42df3d294fe8fb76fbe1db7ccd52452.php 第 598 行.
INFO: ParseTemplate Behavior ::run [ RunTime:0.030056s ]
INFO: [ view_parse ] --END-- [ RunTime:0.030189s ]
INFO: [ view_filter ] --START--
INFO: ContentReplace Behavior ::run [ RunTime:0.001743s ]
INFO: TokenBuild Behavior ::run [ RunTime:0.001595s ]
INFO: WriteHtmlCache Behavior ::run [ RunTime:0.001389s ]
INFO: ShowRuntime Behavior ::run [ RunTime:0.001775s ]
INFO: [ view_filter ] --END-- [ RunTime:0.006814s ]
INFO: [ view_end ] --START--
INFO: ShowPageTrace Behavior ::run [ RunTime:0.002009s ]
INFO: [ view_end ] --END-- [ RunTime:0.002113s ]

[ 2013-10-08T21:34:58+08:00 ] 127.0.0.1 /hello/index.php/Index
INFO: [ route_check ] --START--
INFO: CheckRoute Behavior ::run [ RunTime:0.002038s ]
INFO: [ route_check ] --END-- [ RunTime:0.002182s ]
INFO: [ app_begin ] --START--
INFO: ReadHtmlCache Behavior ::run [ RunTime:0.001516s ]
INFO: [ app_begin ] --END-- [ RunTime:0.001629s ]
SQL: SHOW COLUMNS FROM `hello_user` [ RunTime:0.005534s ]
SQL: SELECT * FROM `hello_user` WHERE ( `email` = '393867916@qq.com' ) LIMIT 1   [ RunTime:0.000610s ]
SQL: SHOW COLUMNS FROM `hello_friend` [ RunTime:0.005015s ]
SQL: SELECT `femail` FROM `hello_friend`  [ RunTime:0.000372s ]
NOTIC: [2] implode() [<a href='function.implode'>function.implode</a>]: Invalid arguments passed E:\wamp\www\hello\ThinkPHP\Lib\Core\Db.class.php 第 497 行.
SQL: SELECT * FROM `hello_user` WHERE ( `email` IN () )  [ RunTime:0.000703s ]
ERR: 1064:You have an error in your SQL syntax; check the manual that corresponds to your MySQL server version for the right syntax to use near ') )' at line 1
 [ SQL语句 ] : SELECT * FROM `hello_user` WHERE ( `email` IN () ) 
SQL: SHOW COLUMNS FROM `hello_group` [ RunTime:0.005579s ]
SQL: SELECT * FROM `hello_group` ORDER BY id desc LIMIT 8   [ RunTime:0.000821s ]
INFO: [ view_parse ] --START--
NOTIC: [8] Undefined variable: slide1 E:\wamp\www\hello\Runtime\Cache\b42df3d294fe8fb76fbe1db7ccd52452.php 第 495 行.
INFO: ParseTemplate Behavior ::run [ RunTime:0.029455s ]
INFO: [ view_parse ] --END-- [ RunTime:0.029593s ]
INFO: [ view_filter ] --START--
INFO: ContentReplace Behavior ::run [ RunTime:0.001525s ]
INFO: TokenBuild Behavior ::run [ RunTime:0.001314s ]
INFO: WriteHtmlCache Behavior ::run [ RunTime:0.001177s ]
INFO: ShowRuntime Behavior ::run [ RunTime:0.001477s ]
INFO: [ view_filter ] --END-- [ RunTime:0.005790s ]
INFO: [ view_end ] --START--
INFO: ShowPageTrace Behavior ::run [ RunTime:0.001653s ]
INFO: [ view_end ] --END-- [ RunTime:0.001751s ]

[ 2013-10-08T21:43:19+08:00 ] 127.0.0.1 /hello/index.php/Index
INFO: [ route_check ] --START--
INFO: CheckRoute Behavior ::run [ RunTime:0.002470s ]
INFO: [ route_check ] --END-- [ RunTime:0.002628s ]
INFO: [ app_begin ] --START--
INFO: ReadHtmlCache Behavior ::run [ RunTime:0.001929s ]
INFO: [ app_begin ] --END-- [ RunTime:0.002045s ]
SQL: SHOW COLUMNS FROM `hello_user` [ RunTime:0.005627s ]
SQL: SELECT * FROM `hello_user` WHERE ( `email` = '393867916@qq.com' ) LIMIT 1   [ RunTime:0.000598s ]
SQL: SHOW COLUMNS FROM `hello_friend` [ RunTime:0.005011s ]
SQL: SELECT `femail` FROM `hello_friend`  [ RunTime:0.000410s ]
NOTIC: [2] implode() [<a href='function.implode'>function.implode</a>]: Invalid arguments passed E:\wamp\www\hello\ThinkPHP\Lib\Core\Db.class.php 第 497 行.
SQL: SELECT * FROM `hello_user` WHERE ( `email` IN () )  [ RunTime:0.000288s ]
ERR: 1064:You have an error in your SQL syntax; check the manual that corresponds to your MySQL server version for the right syntax to use near ') )' at line 1
 [ SQL语句 ] : SELECT * FROM `hello_user` WHERE ( `email` IN () ) 
SQL: SHOW COLUMNS FROM `hello_group` [ RunTime:0.005281s ]
SQL: SELECT * FROM `hello_group` ORDER BY id desc LIMIT 8   [ RunTime:0.000711s ]
INFO: [ view_parse ] --START--
NOTIC: [8] Undefined variable: slide1 E:\wamp\www\hello\Runtime\Cache\b42df3d294fe8fb76fbe1db7ccd52452.php 第 497 行.
INFO: ParseTemplate Behavior ::run [ RunTime:0.042452s ]
INFO: [ view_parse ] --END-- [ RunTime:0.042616s ]
INFO: [ view_filter ] --START--
INFO: ContentReplace Behavior ::run [ RunTime:0.001812s ]
INFO: TokenBuild Behavior ::run [ RunTime:0.001593s ]
INFO: WriteHtmlCache Behavior ::run [ RunTime:0.001342s ]
INFO: ShowRuntime Behavior ::run [ RunTime:0.001601s ]
INFO: [ view_filter ] --END-- [ RunTime:0.006653s ]
INFO: [ view_end ] --START--
INFO: ShowPageTrace Behavior ::run [ RunTime:0.001792s ]
INFO: [ view_end ] --END-- [ RunTime:0.001892s ]

[ 2013-10-08T21:43:55+08:00 ] 127.0.0.1 /hello/index.php/Index
INFO: [ route_check ] --START--
INFO: CheckRoute Behavior ::run [ RunTime:0.002483s ]
INFO: [ route_check ] --END-- [ RunTime:0.002634s ]
INFO: [ app_begin ] --START--
INFO: ReadHtmlCache Behavior ::run [ RunTime:0.001957s ]
INFO: [ app_begin ] --END-- [ RunTime:0.002081s ]
SQL: SHOW COLUMNS FROM `hello_user` [ RunTime:0.005864s ]
SQL: SELECT * FROM `hello_user` WHERE ( `email` = '393867916@qq.com' ) LIMIT 1   [ RunTime:0.000690s ]
SQL: SHOW COLUMNS FROM `hello_friend` [ RunTime:0.006492s ]
SQL: SELECT `femail` FROM `hello_friend`  [ RunTime:0.000425s ]
NOTIC: [2] implode() [<a href='function.implode'>function.implode</a>]: Invalid arguments passed E:\wamp\www\hello\ThinkPHP\Lib\Core\Db.class.php 第 497 行.
SQL: SELECT * FROM `hello_user` WHERE ( `email` IN () )  [ RunTime:0.000357s ]
ERR: 1064:You have an error in your SQL syntax; check the manual that corresponds to your MySQL server version for the right syntax to use near ') )' at line 1
 [ SQL语句 ] : SELECT * FROM `hello_user` WHERE ( `email` IN () ) 
SQL: SHOW COLUMNS FROM `hello_group` [ RunTime:0.005735s ]
SQL: SELECT * FROM `hello_group` ORDER BY id desc LIMIT 7   [ RunTime:0.000724s ]
INFO: [ view_parse ] --START--
NOTIC: [8] Undefined variable: slide1 E:\wamp\www\hello\Runtime\Cache\b42df3d294fe8fb76fbe1db7ccd52452.php 第 497 行.
INFO: ParseTemplate Behavior ::run [ RunTime:0.030337s ]
INFO: [ view_parse ] --END-- [ RunTime:0.030482s ]
INFO: [ view_filter ] --START--
INFO: ContentReplace Behavior ::run [ RunTime:0.002252s ]
INFO: TokenBuild Behavior ::run [ RunTime:0.001703s ]
INFO: WriteHtmlCache Behavior ::run [ RunTime:0.001390s ]
INFO: ShowRuntime Behavior ::run [ RunTime:0.001745s ]
INFO: [ view_filter ] --END-- [ RunTime:0.007423s ]
INFO: [ view_end ] --START--
INFO: ShowPageTrace Behavior ::run [ RunTime:0.002037s ]
INFO: [ view_end ] --END-- [ RunTime:0.002145s ]

[ 2013-10-08T21:50:46+08:00 ] 127.0.0.1 /hello/index.php/Index
INFO: [ route_check ] --START--
INFO: CheckRoute Behavior ::run [ RunTime:0.003032s ]
INFO: [ route_check ] --END-- [ RunTime:0.003209s ]
INFO: [ app_begin ] --START--
INFO: ReadHtmlCache Behavior ::run [ RunTime:0.001743s ]
INFO: [ app_begin ] --END-- [ RunTime:0.001879s ]
SQL: SHOW COLUMNS FROM `hello_user` [ RunTime:0.006258s ]
SQL: SELECT * FROM `hello_user` WHERE ( `email` = '393867916@qq.com' ) LIMIT 1   [ RunTime:0.000652s ]
SQL: SHOW COLUMNS FROM `hello_friend` [ RunTime:0.006455s ]
SQL: SELECT `femail` FROM `hello_friend`  [ RunTime:0.000615s ]
NOTIC: [2] implode() [<a href='function.implode'>function.implode</a>]: Invalid arguments passed E:\wamp\www\hello\ThinkPHP\Lib\Core\Db.class.php 第 497 行.
SQL: SELECT * FROM `hello_user` WHERE ( `email` IN () )  [ RunTime:0.000782s ]
ERR: 1064:You have an error in your SQL syntax; check the manual that corresponds to your MySQL server version for the right syntax to use near ') )' at line 1
 [ SQL语句 ] : SELECT * FROM `hello_user` WHERE ( `email` IN () ) 
SQL: SHOW COLUMNS FROM `hello_group` [ RunTime:0.006812s ]
SQL: SELECT * FROM `hello_group` ORDER BY id desc LIMIT 7   [ RunTime:0.000717s ]
INFO: [ view_parse ] --START--
NOTIC: [8] Undefined variable: slide1 E:\wamp\www\hello\Runtime\Cache\b42df3d294fe8fb76fbe1db7ccd52452.php 第 500 行.
INFO: ParseTemplate Behavior ::run [ RunTime:0.033869s ]
INFO: [ view_parse ] --END-- [ RunTime:0.034014s ]
INFO: [ view_filter ] --START--
INFO: ContentReplace Behavior ::run [ RunTime:0.001915s ]
INFO: TokenBuild Behavior ::run [ RunTime:0.001581s ]
INFO: WriteHtmlCache Behavior ::run [ RunTime:0.001175s ]
INFO: ShowRuntime Behavior ::run [ RunTime:0.001549s ]
INFO: [ view_filter ] --END-- [ RunTime:0.006573s ]
INFO: [ view_end ] --START--
INFO: ShowPageTrace Behavior ::run [ RunTime:0.001845s ]
INFO: [ view_end ] --END-- [ RunTime:0.001953s ]

[ 2013-10-08T21:51:15+08:00 ] 127.0.0.1 /hello/index.php/Index
INFO: [ route_check ] --START--
INFO: CheckRoute Behavior ::run [ RunTime:0.002878s ]
INFO: [ route_check ] --END-- [ RunTime:0.003031s ]
INFO: [ app_begin ] --START--
INFO: ReadHtmlCache Behavior ::run [ RunTime:0.001856s ]
INFO: [ app_begin ] --END-- [ RunTime:0.002008s ]
SQL: SHOW COLUMNS FROM `hello_user` [ RunTime:0.006847s ]
SQL: SELECT * FROM `hello_user` WHERE ( `email` = '393867916@qq.com' ) LIMIT 1   [ RunTime:0.000746s ]
SQL: SHOW COLUMNS FROM `hello_friend` [ RunTime:0.006784s ]
SQL: SELECT `femail` FROM `hello_friend`  [ RunTime:0.000744s ]
NOTIC: [2] implode() [<a href='function.implode'>function.implode</a>]: Invalid arguments passed E:\wamp\www\hello\ThinkPHP\Lib\Core\Db.class.php 第 497 行.
SQL: SELECT * FROM `hello_user` WHERE ( `email` IN () )  [ RunTime:0.000380s ]
ERR: 1064:You have an error in your SQL syntax; check the manual that corresponds to your MySQL server version for the right syntax to use near ') )' at line 1
 [ SQL语句 ] : SELECT * FROM `hello_user` WHERE ( `email` IN () ) 
SQL: SHOW COLUMNS FROM `hello_group` [ RunTime:0.006033s ]
SQL: SELECT * FROM `hello_group` ORDER BY id desc LIMIT 7   [ RunTime:0.000750s ]
INFO: [ view_parse ] --START--
NOTIC: [8] Undefined variable: slide1 E:\wamp\www\hello\Runtime\Cache\b42df3d294fe8fb76fbe1db7ccd52452.php 第 500 行.
INFO: ParseTemplate Behavior ::run [ RunTime:0.032972s ]
INFO: [ view_parse ] --END-- [ RunTime:0.033111s ]
INFO: [ view_filter ] --START--
INFO: ContentReplace Behavior ::run [ RunTime:0.001601s ]
INFO: TokenBuild Behavior ::run [ RunTime:0.001632s ]
INFO: WriteHtmlCache Behavior ::run [ RunTime:0.001325s ]
INFO: ShowRuntime Behavior ::run [ RunTime:0.001835s ]
INFO: [ view_filter ] --END-- [ RunTime:0.006748s ]
INFO: [ view_end ] --START--
INFO: ShowPageTrace Behavior ::run [ RunTime:0.001854s ]
INFO: [ view_end ] --END-- [ RunTime:0.001968s ]

[ 2013-10-08T21:52:25+08:00 ] 127.0.0.1 /hello/index.php/Index
INFO: [ route_check ] --START--
INFO: CheckRoute Behavior ::run [ RunTime:0.002375s ]
INFO: [ route_check ] --END-- [ RunTime:0.002516s ]
INFO: [ app_begin ] --START--
INFO: ReadHtmlCache Behavior ::run [ RunTime:0.002012s ]
INFO: [ app_begin ] --END-- [ RunTime:0.002132s ]
SQL: SHOW COLUMNS FROM `hello_user` [ RunTime:0.006457s ]
SQL: SELECT * FROM `hello_user` WHERE ( `email` = '393867916@qq.com' ) LIMIT 1   [ RunTime:0.000635s ]
SQL: SHOW COLUMNS FROM `hello_friend` [ RunTime:0.005252s ]
SQL: SELECT `femail` FROM `hello_friend`  [ RunTime:0.000375s ]
NOTIC: [2] implode() [<a href='function.implode'>function.implode</a>]: Invalid arguments passed E:\wamp\www\hello\ThinkPHP\Lib\Core\Db.class.php 第 497 行.
SQL: SELECT * FROM `hello_user` WHERE ( `email` IN () )  [ RunTime:0.000297s ]
ERR: 1064:You have an error in your SQL syntax; check the manual that corresponds to your MySQL server version for the right syntax to use near ') )' at line 1
 [ SQL语句 ] : SELECT * FROM `hello_user` WHERE ( `email` IN () ) 
SQL: SHOW COLUMNS FROM `hello_group` [ RunTime:0.005775s ]
SQL: SELECT * FROM `hello_group` ORDER BY id desc LIMIT 7   [ RunTime:0.000613s ]
INFO: [ view_parse ] --START--
NOTIC: [8] Undefined variable: slide1 E:\wamp\www\hello\Runtime\Cache\b42df3d294fe8fb76fbe1db7ccd52452.php 第 501 行.
INFO: ParseTemplate Behavior ::run [ RunTime:0.029815s ]
INFO: [ view_parse ] --END-- [ RunTime:0.030086s ]
INFO: [ view_filter ] --START--
INFO: ContentReplace Behavior ::run [ RunTime:0.001742s ]
INFO: TokenBuild Behavior ::run [ RunTime:0.001525s ]
INFO: WriteHtmlCache Behavior ::run [ RunTime:0.001310s ]
INFO: ShowRuntime Behavior ::run [ RunTime:0.001755s ]
INFO: [ view_filter ] --END-- [ RunTime:0.006641s ]
INFO: [ view_end ] --START--
INFO: ShowPageTrace Behavior ::run [ RunTime:0.002138s ]
INFO: [ view_end ] --END-- [ RunTime:0.002247s ]

[ 2013-10-08T21:52:45+08:00 ] 127.0.0.1 /hello/index.php/Index
INFO: [ route_check ] --START--
INFO: CheckRoute Behavior ::run [ RunTime:0.002497s ]
INFO: [ route_check ] --END-- [ RunTime:0.002640s ]
INFO: [ app_begin ] --START--
INFO: ReadHtmlCache Behavior ::run [ RunTime:0.003526s ]
INFO: [ app_begin ] --END-- [ RunTime:0.003722s ]
SQL: SHOW COLUMNS FROM `hello_user` [ RunTime:0.010498s ]
SQL: SELECT * FROM `hello_user` WHERE ( `email` = '393867916@qq.com' ) LIMIT 1   [ RunTime:0.000639s ]
SQL: SHOW COLUMNS FROM `hello_friend` [ RunTime:0.007784s ]
SQL: SELECT `femail` FROM `hello_friend`  [ RunTime:0.000561s ]
NOTIC: [2] implode() [<a href='function.implode'>function.implode</a>]: Invalid arguments passed E:\wamp\www\hello\ThinkPHP\Lib\Core\Db.class.php 第 497 行.
SQL: SELECT * FROM `hello_user` WHERE ( `email` IN () )  [ RunTime:0.000287s ]
ERR: 1064:You have an error in your SQL syntax; check the manual that corresponds to your MySQL server version for the right syntax to use near ') )' at line 1
 [ SQL语句 ] : SELECT * FROM `hello_user` WHERE ( `email` IN () ) 
SQL: SHOW COLUMNS FROM `hello_group` [ RunTime:0.007511s ]
SQL: SELECT * FROM `hello_group` ORDER BY id desc LIMIT 7   [ RunTime:0.000802s ]
INFO: [ view_parse ] --START--
NOTIC: [8] Undefined variable: slide1 E:\wamp\www\hello\Runtime\Cache\b42df3d294fe8fb76fbe1db7ccd52452.php 第 502 行.
INFO: ParseTemplate Behavior ::run [ RunTime:0.059434s ]
INFO: [ view_parse ] --END-- [ RunTime:0.059656s ]
INFO: [ view_filter ] --START--
INFO: ContentReplace Behavior ::run [ RunTime:0.002886s ]
INFO: TokenBuild Behavior ::run [ RunTime:0.002382s ]
INFO: WriteHtmlCache Behavior ::run [ RunTime:0.001510s ]
INFO: ShowRuntime Behavior ::run [ RunTime:0.001997s ]
INFO: [ view_filter ] --END-- [ RunTime:0.009230s ]
INFO: [ view_end ] --START--
INFO: ShowPageTrace Behavior ::run [ RunTime:0.002212s ]
INFO: [ view_end ] --END-- [ RunTime:0.002331s ]

[ 2013-10-08T21:53:11+08:00 ] 127.0.0.1 /hello/index.php/Index
INFO: [ route_check ] --START--
INFO: CheckRoute Behavior ::run [ RunTime:0.003410s ]
INFO: [ route_check ] --END-- [ RunTime:0.003573s ]
INFO: [ app_begin ] --START--
INFO: ReadHtmlCache Behavior ::run [ RunTime:0.001731s ]
INFO: [ app_begin ] --END-- [ RunTime:0.001858s ]
SQL: SHOW COLUMNS FROM `hello_user` [ RunTime:0.007276s ]
SQL: SELECT * FROM `hello_user` WHERE ( `email` = '393867916@qq.com' ) LIMIT 1   [ RunTime:0.000800s ]
SQL: SHOW COLUMNS FROM `hello_friend` [ RunTime:0.006797s ]
SQL: SELECT `femail` FROM `hello_friend`  [ RunTime:0.000531s ]
NOTIC: [2] implode() [<a href='function.implode'>function.implode</a>]: Invalid arguments passed E:\wamp\www\hello\ThinkPHP\Lib\Core\Db.class.php 第 497 行.
SQL: SELECT * FROM `hello_user` WHERE ( `email` IN () )  [ RunTime:0.000393s ]
ERR: 1064:You have an error in your SQL syntax; check the manual that corresponds to your MySQL server version for the right syntax to use near ') )' at line 1
 [ SQL语句 ] : SELECT * FROM `hello_user` WHERE ( `email` IN () ) 
SQL: SHOW COLUMNS FROM `hello_group` [ RunTime:0.006226s ]
SQL: SELECT * FROM `hello_group` ORDER BY id desc LIMIT 7   [ RunTime:0.000983s ]
INFO: [ view_parse ] --START--
NOTIC: [8] Undefined variable: slide1 E:\wamp\www\hello\Runtime\Cache\b42df3d294fe8fb76fbe1db7ccd52452.php 第 502 行.
INFO: ParseTemplate Behavior ::run [ RunTime:0.034077s ]
INFO: [ view_parse ] --END-- [ RunTime:0.034235s ]
INFO: [ view_filter ] --START--
INFO: ContentReplace Behavior ::run [ RunTime:0.002141s ]
INFO: TokenBuild Behavior ::run [ RunTime:0.001573s ]
INFO: WriteHtmlCache Behavior ::run [ RunTime:0.001191s ]
INFO: ShowRuntime Behavior ::run [ RunTime:0.001688s ]
INFO: [ view_filter ] --END-- [ RunTime:0.006929s ]
INFO: [ view_end ] --START--
INFO: ShowPageTrace Behavior ::run [ RunTime:0.001998s ]
INFO: [ view_end ] --END-- [ RunTime:0.002108s ]

[ 2013-10-08T21:53:17+08:00 ] 127.0.0.1 /hello/index.php/Index
INFO: [ route_check ] --START--
INFO: CheckRoute Behavior ::run [ RunTime:0.002701s ]
INFO: [ route_check ] --END-- [ RunTime:0.002843s ]
INFO: [ app_begin ] --START--
INFO: ReadHtmlCache Behavior ::run [ RunTime:0.001858s ]
INFO: [ app_begin ] --END-- [ RunTime:0.001972s ]
SQL: SHOW COLUMNS FROM `hello_user` [ RunTime:0.005912s ]
SQL: SELECT * FROM `hello_user` WHERE ( `email` = '393867916@qq.com' ) LIMIT 1   [ RunTime:0.000566s ]
SQL: SHOW COLUMNS FROM `hello_friend` [ RunTime:0.005184s ]
SQL: SELECT `femail` FROM `hello_friend`  [ RunTime:0.000376s ]
NOTIC: [2] implode() [<a href='function.implode'>function.implode</a>]: Invalid arguments passed E:\wamp\www\hello\ThinkPHP\Lib\Core\Db.class.php 第 497 行.
SQL: SELECT * FROM `hello_user` WHERE ( `email` IN () )  [ RunTime:0.000302s ]
ERR: 1064:You have an error in your SQL syntax; check the manual that corresponds to your MySQL server version for the right syntax to use near ') )' at line 1
 [ SQL语句 ] : SELECT * FROM `hello_user` WHERE ( `email` IN () ) 
SQL: SHOW COLUMNS FROM `hello_group` [ RunTime:0.006309s ]
SQL: SELECT * FROM `hello_group` ORDER BY id desc LIMIT 7   [ RunTime:0.001567s ]
INFO: [ view_parse ] --START--
NOTIC: [8] Undefined variable: slide1 E:\wamp\www\hello\Runtime\Cache\b42df3d294fe8fb76fbe1db7ccd52452.php 第 502 行.
INFO: ParseTemplate Behavior ::run [ RunTime:0.032156s ]
INFO: [ view_parse ] --END-- [ RunTime:0.032294s ]
INFO: [ view_filter ] --START--
INFO: ContentReplace Behavior ::run [ RunTime:0.002041s ]
INFO: TokenBuild Behavior ::run [ RunTime:0.001788s ]
INFO: WriteHtmlCache Behavior ::run [ RunTime:0.001376s ]
INFO: ShowRuntime Behavior ::run [ RunTime:0.001731s ]
INFO: [ view_filter ] --END-- [ RunTime:0.007246s ]
INFO: [ view_end ] --START--
INFO: ShowPageTrace Behavior ::run [ RunTime:0.001968s ]
INFO: [ view_end ] --END-- [ RunTime:0.002070s ]

[ 2013-10-08T21:53:51+08:00 ] 127.0.0.1 /hello/index.php/Index
INFO: [ route_check ] --START--
INFO: CheckRoute Behavior ::run [ RunTime:0.003232s ]
INFO: [ route_check ] --END-- [ RunTime:0.003382s ]
INFO: [ app_begin ] --START--
INFO: ReadHtmlCache Behavior ::run [ RunTime:0.001766s ]
INFO: [ app_begin ] --END-- [ RunTime:0.001884s ]
SQL: SHOW COLUMNS FROM `hello_user` [ RunTime:0.094026s ]
SQL: SELECT * FROM `hello_user` WHERE ( `email` = '393867916@qq.com' ) LIMIT 1   [ RunTime:0.000625s ]
SQL: SHOW COLUMNS FROM `hello_friend` [ RunTime:0.005137s ]
SQL: SELECT `femail` FROM `hello_friend`  [ RunTime:0.000412s ]
NOTIC: [2] implode() [<a href='function.implode'>function.implode</a>]: Invalid arguments passed E:\wamp\www\hello\ThinkPHP\Lib\Core\Db.class.php 第 497 行.
SQL: SELECT * FROM `hello_user` WHERE ( `email` IN () )  [ RunTime:0.000346s ]
ERR: 1064:You have an error in your SQL syntax; check the manual that corresponds to your MySQL server version for the right syntax to use near ') )' at line 1
 [ SQL语句 ] : SELECT * FROM `hello_user` WHERE ( `email` IN () ) 
SQL: SHOW COLUMNS FROM `hello_group` [ RunTime:0.005904s ]
SQL: SELECT * FROM `hello_group` ORDER BY id desc LIMIT 7   [ RunTime:0.000737s ]
INFO: [ view_parse ] --START--
NOTIC: [8] Undefined variable: slide1 E:\wamp\www\hello\Runtime\Cache\b42df3d294fe8fb76fbe1db7ccd52452.php 第 503 行.
INFO: ParseTemplate Behavior ::run [ RunTime:0.030243s ]
INFO: [ view_parse ] --END-- [ RunTime:0.030384s ]
INFO: [ view_filter ] --START--
INFO: ContentReplace Behavior ::run [ RunTime:0.001946s ]
INFO: TokenBuild Behavior ::run [ RunTime:0.001603s ]
INFO: WriteHtmlCache Behavior ::run [ RunTime:0.001420s ]
INFO: ShowRuntime Behavior ::run [ RunTime:0.001675s ]
INFO: [ view_filter ] --END-- [ RunTime:0.006965s ]
INFO: [ view_end ] --START--
INFO: ShowPageTrace Behavior ::run [ RunTime:0.002388s ]
INFO: [ view_end ] --END-- [ RunTime:0.002618s ]

[ 2013-10-08T21:54:03+08:00 ] 127.0.0.1 /hello/index.php/Index
INFO: [ route_check ] --START--
INFO: CheckRoute Behavior ::run [ RunTime:0.003116s ]
INFO: [ route_check ] --END-- [ RunTime:0.003275s ]
INFO: [ app_begin ] --START--
INFO: ReadHtmlCache Behavior ::run [ RunTime:0.002168s ]
INFO: [ app_begin ] --END-- [ RunTime:0.002293s ]
SQL: SHOW COLUMNS FROM `hello_user` [ RunTime:0.006235s ]
SQL: SELECT * FROM `hello_user` WHERE ( `email` = '393867916@qq.com' ) LIMIT 1   [ RunTime:0.000688s ]
SQL: SHOW COLUMNS FROM `hello_friend` [ RunTime:0.007117s ]
SQL: SELECT `femail` FROM `hello_friend`  [ RunTime:0.000437s ]
NOTIC: [2] implode() [<a href='function.implode'>function.implode</a>]: Invalid arguments passed E:\wamp\www\hello\ThinkPHP\Lib\Core\Db.class.php 第 497 行.
SQL: SELECT * FROM `hello_user` WHERE ( `email` IN () )  [ RunTime:0.000382s ]
ERR: 1064:You have an error in your SQL syntax; check the manual that corresponds to your MySQL server version for the right syntax to use near ') )' at line 1
 [ SQL语句 ] : SELECT * FROM `hello_user` WHERE ( `email` IN () ) 
SQL: SHOW COLUMNS FROM `hello_group` [ RunTime:0.006270s ]
SQL: SELECT * FROM `hello_group` ORDER BY id desc LIMIT 7   [ RunTime:0.000705s ]
INFO: [ view_parse ] --START--
NOTIC: [8] Undefined variable: slide1 E:\wamp\www\hello\Runtime\Cache\b42df3d294fe8fb76fbe1db7ccd52452.php 第 503 行.
INFO: ParseTemplate Behavior ::run [ RunTime:0.035954s ]
INFO: [ view_parse ] --END-- [ RunTime:0.036093s ]
INFO: [ view_filter ] --START--
INFO: ContentReplace Behavior ::run [ RunTime:0.002001s ]
INFO: TokenBuild Behavior ::run [ RunTime:0.001921s ]
INFO: WriteHtmlCache Behavior ::run [ RunTime:0.001551s ]
INFO: ShowRuntime Behavior ::run [ RunTime:0.002510s ]
INFO: [ view_filter ] --END-- [ RunTime:0.008314s ]
INFO: [ view_end ] --START--
INFO: ShowPageTrace Behavior ::run [ RunTime:0.002269s ]
INFO: [ view_end ] --END-- [ RunTime:0.002387s ]

[ 2013-10-08T21:54:18+08:00 ] 127.0.0.1 /hello/index.php/Index
INFO: [ route_check ] --START--
INFO: CheckRoute Behavior ::run [ RunTime:0.003798s ]
INFO: [ route_check ] --END-- [ RunTime:0.003959s ]
INFO: [ app_begin ] --START--
INFO: ReadHtmlCache Behavior ::run [ RunTime:0.001987s ]
INFO: [ app_begin ] --END-- [ RunTime:0.002133s ]
SQL: SHOW COLUMNS FROM `hello_user` [ RunTime:0.007082s ]
SQL: SELECT * FROM `hello_user` WHERE ( `email` = '393867916@qq.com' ) LIMIT 1   [ RunTime:0.000876s ]
SQL: SHOW COLUMNS FROM `hello_friend` [ RunTime:0.005883s ]
SQL: SELECT `femail` FROM `hello_friend`  [ RunTime:0.000448s ]
NOTIC: [2] implode() [<a href='function.implode'>function.implode</a>]: Invalid arguments passed E:\wamp\www\hello\ThinkPHP\Lib\Core\Db.class.php 第 497 行.
SQL: SELECT * FROM `hello_user` WHERE ( `email` IN () )  [ RunTime:0.000363s ]
ERR: 1064:You have an error in your SQL syntax; check the manual that corresponds to your MySQL server version for the right syntax to use near ') )' at line 1
 [ SQL语句 ] : SELECT * FROM `hello_user` WHERE ( `email` IN () ) 
SQL: SHOW COLUMNS FROM `hello_group` [ RunTime:0.008158s ]
SQL: SELECT * FROM `hello_group` ORDER BY id desc LIMIT 7   [ RunTime:0.000748s ]
INFO: [ view_parse ] --START--
NOTIC: [8] Undefined variable: slide1 E:\wamp\www\hello\Runtime\Cache\b42df3d294fe8fb76fbe1db7ccd52452.php 第 502 行.
INFO: ParseTemplate Behavior ::run [ RunTime:0.032884s ]
INFO: [ view_parse ] --END-- [ RunTime:0.033056s ]
INFO: [ view_filter ] --START--
INFO: ContentReplace Behavior ::run [ RunTime:0.001573s ]
INFO: TokenBuild Behavior ::run [ RunTime:0.001796s ]
INFO: WriteHtmlCache Behavior ::run [ RunTime:0.001251s ]
INFO: ShowRuntime Behavior ::run [ RunTime:0.001567s ]
INFO: [ view_filter ] --END-- [ RunTime:0.006513s ]
INFO: [ view_end ] --START--
INFO: ShowPageTrace Behavior ::run [ RunTime:0.001792s ]
INFO: [ view_end ] --END-- [ RunTime:0.001896s ]

[ 2013-10-08T21:54:52+08:00 ] 127.0.0.1 /hello/index.php/Index
INFO: [ route_check ] --START--
INFO: CheckRoute Behavior ::run [ RunTime:0.002892s ]
INFO: [ route_check ] --END-- [ RunTime:0.003048s ]
INFO: [ app_begin ] --START--
INFO: ReadHtmlCache Behavior ::run [ RunTime:0.002082s ]
INFO: [ app_begin ] --END-- [ RunTime:0.002247s ]
SQL: SHOW COLUMNS FROM `hello_user` [ RunTime:0.006918s ]
SQL: SELECT * FROM `hello_user` WHERE ( `email` = '393867916@qq.com' ) LIMIT 1   [ RunTime:0.000716s ]
SQL: SHOW COLUMNS FROM `hello_friend` [ RunTime:0.023655s ]
SQL: SELECT `femail` FROM `hello_friend`  [ RunTime:0.000504s ]
NOTIC: [2] implode() [<a href='function.implode'>function.implode</a>]: Invalid arguments passed E:\wamp\www\hello\ThinkPHP\Lib\Core\Db.class.php 第 497 行.
SQL: SELECT * FROM `hello_user` WHERE ( `email` IN () )  [ RunTime:0.000415s ]
ERR: 1064:You have an error in your SQL syntax; check the manual that corresponds to your MySQL server version for the right syntax to use near ') )' at line 1
 [ SQL语句 ] : SELECT * FROM `hello_user` WHERE ( `email` IN () ) 
SQL: SHOW COLUMNS FROM `hello_group` [ RunTime:0.006171s ]
SQL: SELECT * FROM `hello_group` ORDER BY id desc LIMIT 7   [ RunTime:0.000740s ]
INFO: [ view_parse ] --START--
NOTIC: [8] Undefined variable: slide1 E:\wamp\www\hello\Runtime\Cache\b42df3d294fe8fb76fbe1db7ccd52452.php 第 502 行.
INFO: ParseTemplate Behavior ::run [ RunTime:0.035477s ]
INFO: [ view_parse ] --END-- [ RunTime:0.035633s ]
INFO: [ view_filter ] --START--
INFO: ContentReplace Behavior ::run [ RunTime:0.002102s ]
INFO: TokenBuild Behavior ::run [ RunTime:0.001803s ]
INFO: WriteHtmlCache Behavior ::run [ RunTime:0.001555s ]
INFO: ShowRuntime Behavior ::run [ RunTime:0.001852s ]
INFO: [ view_filter ] --END-- [ RunTime:0.007688s ]
INFO: [ view_end ] --START--
INFO: ShowPageTrace Behavior ::run [ RunTime:0.002045s ]
INFO: [ view_end ] --END-- [ RunTime:0.002152s ]

[ 2013-10-08T21:55:52+08:00 ] 127.0.0.1 /hello/index.php/Index
INFO: [ route_check ] --START--
INFO: CheckRoute Behavior ::run [ RunTime:0.002528s ]
INFO: [ route_check ] --END-- [ RunTime:0.002686s ]
INFO: [ app_begin ] --START--
INFO: ReadHtmlCache Behavior ::run [ RunTime:0.002612s ]
INFO: [ app_begin ] --END-- [ RunTime:0.002751s ]
SQL: SHOW COLUMNS FROM `hello_user` [ RunTime:0.007600s ]
SQL: SELECT * FROM `hello_user` WHERE ( `email` = '393867916@qq.com' ) LIMIT 1   [ RunTime:0.002660s ]
SQL: SHOW COLUMNS FROM `hello_friend` [ RunTime:0.006612s ]
SQL: SELECT `femail` FROM `hello_friend`  [ RunTime:0.000438s ]
NOTIC: [2] implode() [<a href='function.implode'>function.implode</a>]: Invalid arguments passed E:\wamp\www\hello\ThinkPHP\Lib\Core\Db.class.php 第 497 行.
SQL: SELECT * FROM `hello_user` WHERE ( `email` IN () )  [ RunTime:0.000405s ]
ERR: 1064:You have an error in your SQL syntax; check the manual that corresponds to your MySQL server version for the right syntax to use near ') )' at line 1
 [ SQL语句 ] : SELECT * FROM `hello_user` WHERE ( `email` IN () ) 
SQL: SHOW COLUMNS FROM `hello_group` [ RunTime:0.007009s ]
SQL: SELECT * FROM `hello_group` ORDER BY id desc LIMIT 7   [ RunTime:0.000728s ]
INFO: [ view_parse ] --START--
NOTIC: [8] Undefined variable: slide1 E:\wamp\www\hello\Runtime\Cache\b42df3d294fe8fb76fbe1db7ccd52452.php 第 501 行.
INFO: ParseTemplate Behavior ::run [ RunTime:0.031950s ]
INFO: [ view_parse ] --END-- [ RunTime:0.032085s ]
INFO: [ view_filter ] --START--
INFO: ContentReplace Behavior ::run [ RunTime:0.001652s ]
INFO: TokenBuild Behavior ::run [ RunTime:0.001360s ]
INFO: WriteHtmlCache Behavior ::run [ RunTime:0.001085s ]
INFO: ShowRuntime Behavior ::run [ RunTime:0.001436s ]
INFO: [ view_filter ] --END-- [ RunTime:0.005832s ]
INFO: [ view_end ] --START--
INFO: ShowPageTrace Behavior ::run [ RunTime:0.001752s ]
INFO: [ view_end ] --END-- [ RunTime:0.001856s ]

[ 2013-10-08T21:56:16+08:00 ] 127.0.0.1 /hello/index.php/Index
INFO: [ route_check ] --START--
INFO: CheckRoute Behavior ::run [ RunTime:0.002956s ]
INFO: [ route_check ] --END-- [ RunTime:0.003131s ]
INFO: [ app_begin ] --START--
INFO: ReadHtmlCache Behavior ::run [ RunTime:0.002052s ]
INFO: [ app_begin ] --END-- [ RunTime:0.002174s ]
SQL: SHOW COLUMNS FROM `hello_user` [ RunTime:0.006589s ]
SQL: SELECT * FROM `hello_user` WHERE ( `email` = '393867916@qq.com' ) LIMIT 1   [ RunTime:0.000686s ]
SQL: SHOW COLUMNS FROM `hello_friend` [ RunTime:0.007353s ]
SQL: SELECT `femail` FROM `hello_friend`  [ RunTime:0.000587s ]
NOTIC: [2] implode() [<a href='function.implode'>function.implode</a>]: Invalid arguments passed E:\wamp\www\hello\ThinkPHP\Lib\Core\Db.class.php 第 497 行.
SQL: SELECT * FROM `hello_user` WHERE ( `email` IN () )  [ RunTime:0.000351s ]
ERR: 1064:You have an error in your SQL syntax; check the manual that corresponds to your MySQL server version for the right syntax to use near ') )' at line 1
 [ SQL语句 ] : SELECT * FROM `hello_user` WHERE ( `email` IN () ) 
SQL: SHOW COLUMNS FROM `hello_group` [ RunTime:0.006313s ]
SQL: SELECT * FROM `hello_group` ORDER BY id desc LIMIT 7   [ RunTime:0.000725s ]
INFO: [ view_parse ] --START--
NOTIC: [8] Undefined variable: slide1 E:\wamp\www\hello\Runtime\Cache\b42df3d294fe8fb76fbe1db7ccd52452.php 第 501 行.
INFO: ParseTemplate Behavior ::run [ RunTime:0.035690s ]
INFO: [ view_parse ] --END-- [ RunTime:0.035829s ]
INFO: [ view_filter ] --START--
INFO: ContentReplace Behavior ::run [ RunTime:0.002121s ]
INFO: TokenBuild Behavior ::run [ RunTime:0.001756s ]
INFO: WriteHtmlCache Behavior ::run [ RunTime:0.001544s ]
INFO: ShowRuntime Behavior ::run [ RunTime:0.002006s ]
INFO: [ view_filter ] --END-- [ RunTime:0.007757s ]
INFO: [ view_end ] --START--
INFO: ShowPageTrace Behavior ::run [ RunTime:0.002097s ]
INFO: [ view_end ] --END-- [ RunTime:0.002205s ]

[ 2013-10-08T21:56:30+08:00 ] 127.0.0.1 /hello/index.php/Index
INFO: [ route_check ] --START--
INFO: CheckRoute Behavior ::run [ RunTime:0.002744s ]
INFO: [ route_check ] --END-- [ RunTime:0.002898s ]
INFO: [ app_begin ] --START--
INFO: ReadHtmlCache Behavior ::run [ RunTime:0.001717s ]
INFO: [ app_begin ] --END-- [ RunTime:0.001841s ]
SQL: SHOW COLUMNS FROM `hello_user` [ RunTime:0.006460s ]
SQL: SELECT * FROM `hello_user` WHERE ( `email` = '393867916@qq.com' ) LIMIT 1   [ RunTime:0.000699s ]
SQL: SHOW COLUMNS FROM `hello_friend` [ RunTime:0.006130s ]
SQL: SELECT `femail` FROM `hello_friend`  [ RunTime:0.000432s ]
NOTIC: [2] implode() [<a href='function.implode'>function.implode</a>]: Invalid arguments passed E:\wamp\www\hello\ThinkPHP\Lib\Core\Db.class.php 第 497 行.
SQL: SELECT * FROM `hello_user` WHERE ( `email` IN () )  [ RunTime:0.000309s ]
ERR: 1064:You have an error in your SQL syntax; check the manual that corresponds to your MySQL server version for the right syntax to use near ') )' at line 1
 [ SQL语句 ] : SELECT * FROM `hello_user` WHERE ( `email` IN () ) 
SQL: SHOW COLUMNS FROM `hello_group` [ RunTime:0.005787s ]
SQL: SELECT * FROM `hello_group` ORDER BY id desc LIMIT 7   [ RunTime:0.000603s ]
INFO: [ view_parse ] --START--
NOTIC: [8] Undefined variable: slide1 E:\wamp\www\hello\Runtime\Cache\b42df3d294fe8fb76fbe1db7ccd52452.php 第 501 行.
INFO: ParseTemplate Behavior ::run [ RunTime:0.030024s ]
INFO: [ view_parse ] --END-- [ RunTime:0.030168s ]
INFO: [ view_filter ] --START--
INFO: ContentReplace Behavior ::run [ RunTime:0.001503s ]
INFO: TokenBuild Behavior ::run [ RunTime:0.001419s ]
INFO: WriteHtmlCache Behavior ::run [ RunTime:0.001293s ]
INFO: ShowRuntime Behavior ::run [ RunTime:0.001484s ]
INFO: [ view_filter ] --END-- [ RunTime:0.006019s ]
INFO: [ view_end ] --START--
INFO: ShowPageTrace Behavior ::run [ RunTime:0.001714s ]
INFO: [ view_end ] --END-- [ RunTime:0.001814s ]

[ 2013-10-08T21:56:39+08:00 ] 127.0.0.1 /hello/index.php/Index
INFO: [ route_check ] --START--
INFO: CheckRoute Behavior ::run [ RunTime:0.002843s ]
INFO: [ route_check ] --END-- [ RunTime:0.002994s ]
INFO: [ app_begin ] --START--
INFO: ReadHtmlCache Behavior ::run [ RunTime:0.001741s ]
INFO: [ app_begin ] --END-- [ RunTime:0.001870s ]
SQL: SHOW COLUMNS FROM `hello_user` [ RunTime:0.006271s ]
SQL: SELECT * FROM `hello_user` WHERE ( `email` = '393867916@qq.com' ) LIMIT 1   [ RunTime:0.000764s ]
SQL: SHOW COLUMNS FROM `hello_friend` [ RunTime:0.005879s ]
SQL: SELECT `femail` FROM `hello_friend`  [ RunTime:0.000458s ]
NOTIC: [2] implode() [<a href='function.implode'>function.implode</a>]: Invalid arguments passed E:\wamp\www\hello\ThinkPHP\Lib\Core\Db.class.php 第 497 行.
SQL: SELECT * FROM `hello_user` WHERE ( `email` IN () )  [ RunTime:0.000361s ]
ERR: 1064:You have an error in your SQL syntax; check the manual that corresponds to your MySQL server version for the right syntax to use near ') )' at line 1
 [ SQL语句 ] : SELECT * FROM `hello_user` WHERE ( `email` IN () ) 
SQL: SHOW COLUMNS FROM `hello_group` [ RunTime:0.020310s ]
SQL: SELECT * FROM `hello_group` ORDER BY id desc LIMIT 7   [ RunTime:0.000794s ]
INFO: [ view_parse ] --START--
NOTIC: [8] Undefined variable: slide1 E:\wamp\www\hello\Runtime\Cache\b42df3d294fe8fb76fbe1db7ccd52452.php 第 501 行.
INFO: ParseTemplate Behavior ::run [ RunTime:0.035819s ]
INFO: [ view_parse ] --END-- [ RunTime:0.035966s ]
INFO: [ view_filter ] --START--
INFO: ContentReplace Behavior ::run [ RunTime:0.001752s ]
INFO: TokenBuild Behavior ::run [ RunTime:0.001795s ]
INFO: WriteHtmlCache Behavior ::run [ RunTime:0.001356s ]
INFO: ShowRuntime Behavior ::run [ RunTime:0.002160s ]
INFO: [ view_filter ] --END-- [ RunTime:0.007451s ]
INFO: [ view_end ] --START--
INFO: ShowPageTrace Behavior ::run [ RunTime:0.002041s ]
INFO: [ view_end ] --END-- [ RunTime:0.002183s ]

[ 2013-10-08T21:57:10+08:00 ] 127.0.0.1 /hello/index.php/Index
INFO: [ route_check ] --START--
INFO: CheckRoute Behavior ::run [ RunTime:0.001958s ]
INFO: [ route_check ] --END-- [ RunTime:0.002120s ]
INFO: [ app_begin ] --START--
INFO: ReadHtmlCache Behavior ::run [ RunTime:0.001626s ]
INFO: [ app_begin ] --END-- [ RunTime:0.001748s ]
SQL: SHOW COLUMNS FROM `hello_user` [ RunTime:0.006267s ]
SQL: SELECT * FROM `hello_user` WHERE ( `email` = '393867916@qq.com' ) LIMIT 1   [ RunTime:0.001290s ]
SQL: SHOW COLUMNS FROM `hello_friend` [ RunTime:0.006999s ]
SQL: SELECT `femail` FROM `hello_friend`  [ RunTime:0.000535s ]
NOTIC: [2] implode() [<a href='function.implode'>function.implode</a>]: Invalid arguments passed E:\wamp\www\hello\ThinkPHP\Lib\Core\Db.class.php 第 497 行.
SQL: SELECT * FROM `hello_user` WHERE ( `email` IN () )  [ RunTime:0.000303s ]
ERR: 1064:You have an error in your SQL syntax; check the manual that corresponds to your MySQL server version for the right syntax to use near ') )' at line 1
 [ SQL语句 ] : SELECT * FROM `hello_user` WHERE ( `email` IN () ) 
SQL: SHOW COLUMNS FROM `hello_group` [ RunTime:0.009183s ]
SQL: SELECT * FROM `hello_group` ORDER BY id desc LIMIT 7   [ RunTime:0.000814s ]
INFO: [ view_parse ] --START--
NOTIC: [8] Undefined variable: slide1 E:\wamp\www\hello\Runtime\Cache\b42df3d294fe8fb76fbe1db7ccd52452.php 第 501 行.
INFO: ParseTemplate Behavior ::run [ RunTime:0.030782s ]
INFO: [ view_parse ] --END-- [ RunTime:0.030919s ]
INFO: [ view_filter ] --START--
INFO: ContentReplace Behavior ::run [ RunTime:0.001554s ]
INFO: TokenBuild Behavior ::run [ RunTime:0.001634s ]
INFO: WriteHtmlCache Behavior ::run [ RunTime:0.001185s ]
INFO: ShowRuntime Behavior ::run [ RunTime:0.001472s ]
INFO: [ view_filter ] --END-- [ RunTime:0.006334s ]
INFO: [ view_end ] --START--
INFO: ShowPageTrace Behavior ::run [ RunTime:0.001755s ]
INFO: [ view_end ] --END-- [ RunTime:0.001859s ]

[ 2013-10-08T22:11:07+08:00 ] 127.0.0.1 /hello/index.php/Index
INFO: [ route_check ] --START--
INFO: CheckRoute Behavior ::run [ RunTime:0.012811s ]
INFO: [ route_check ] --END-- [ RunTime:0.013038s ]
INFO: [ app_begin ] --START--
INFO: ReadHtmlCache Behavior ::run [ RunTime:0.006884s ]
INFO: [ app_begin ] --END-- [ RunTime:0.007044s ]
SQL: SHOW COLUMNS FROM `hello_user` [ RunTime:0.131000s ]
SQL: SELECT * FROM `hello_user` WHERE ( `email` = '393867916@qq.com' ) LIMIT 1   [ RunTime:0.001414s ]
SQL: SHOW COLUMNS FROM `hello_friend` [ RunTime:0.178729s ]
SQL: SELECT `femail` FROM `hello_friend`  [ RunTime:0.000467s ]
NOTIC: [2] implode() [<a href='function.implode'>function.implode</a>]: Invalid arguments passed E:\wamp\www\hello\ThinkPHP\Lib\Core\Db.class.php 第 497 行.
SQL: SELECT * FROM `hello_user` WHERE ( `email` IN () )  [ RunTime:0.000360s ]
ERR: 1064:You have an error in your SQL syntax; check the manual that corresponds to your MySQL server version for the right syntax to use near ') )' at line 1
 [ SQL语句 ] : SELECT * FROM `hello_user` WHERE ( `email` IN () ) 
SQL: SHOW COLUMNS FROM `hello_group` [ RunTime:0.027142s ]
SQL: SELECT * FROM `hello_group` ORDER BY id desc LIMIT 7   [ RunTime:0.030702s ]
INFO: [ view_parse ] --START--
NOTIC: [8] Undefined variable: slide1 E:\wamp\www\hello\Runtime\Cache\b42df3d294fe8fb76fbe1db7ccd52452.php 第 501 行.
INFO: ParseTemplate Behavior ::run [ RunTime:0.131220s ]
INFO: [ view_parse ] --END-- [ RunTime:0.131401s ]
INFO: [ view_filter ] --START--
INFO: ContentReplace Behavior ::run [ RunTime:0.030986s ]
INFO: TokenBuild Behavior ::run [ RunTime:0.043835s ]
INFO: WriteHtmlCache Behavior ::run [ RunTime:0.002430s ]
INFO: ShowRuntime Behavior ::run [ RunTime:0.004900s ]
INFO: [ view_filter ] --END-- [ RunTime:0.082696s ]
INFO: [ view_end ] --START--
INFO: ShowPageTrace Behavior ::run [ RunTime:0.028420s ]
INFO: [ view_end ] --END-- [ RunTime:0.028552s ]

[ 2013-10-08T22:13:37+08:00 ] 127.0.0.1 /hello/index.php/Index
INFO: [ route_check ] --START--
INFO: CheckRoute Behavior ::run [ RunTime:0.002954s ]
INFO: [ route_check ] --END-- [ RunTime:0.003115s ]
INFO: [ app_begin ] --START--
INFO: ReadHtmlCache Behavior ::run [ RunTime:0.002058s ]
INFO: [ app_begin ] --END-- [ RunTime:0.002259s ]
SQL: SHOW COLUMNS FROM `hello_user` [ RunTime:0.006613s ]
SQL: SELECT * FROM `hello_user` WHERE ( `email` = '393867916@qq.com' ) LIMIT 1   [ RunTime:0.001004s ]
SQL: SHOW COLUMNS FROM `hello_friend` [ RunTime:0.007513s ]
SQL: SELECT `femail` FROM `hello_friend`  [ RunTime:0.000548s ]
NOTIC: [2] implode() [<a href='function.implode'>function.implode</a>]: Invalid arguments passed E:\wamp\www\hello\ThinkPHP\Lib\Core\Db.class.php 第 497 行.
SQL: SELECT * FROM `hello_user` WHERE ( `email` IN () )  [ RunTime:0.000352s ]
ERR: 1064:You have an error in your SQL syntax; check the manual that corresponds to your MySQL server version for the right syntax to use near ') )' at line 1
 [ SQL语句 ] : SELECT * FROM `hello_user` WHERE ( `email` IN () ) 
SQL: SHOW COLUMNS FROM `hello_group` [ RunTime:0.006488s ]
SQL: SELECT * FROM `hello_group` ORDER BY id desc LIMIT 7   [ RunTime:0.005919s ]
INFO: [ view_parse ] --START--
NOTIC: [8] Undefined variable: slide1 E:\wamp\www\hello\Runtime\Cache\b42df3d294fe8fb76fbe1db7ccd52452.php 第 503 行.
INFO: ParseTemplate Behavior ::run [ RunTime:0.036965s ]
INFO: [ view_parse ] --END-- [ RunTime:0.037118s ]
INFO: [ view_filter ] --START--
INFO: ContentReplace Behavior ::run [ RunTime:0.002479s ]
INFO: TokenBuild Behavior ::run [ RunTime:0.003065s ]
INFO: WriteHtmlCache Behavior ::run [ RunTime:0.001721s ]
INFO: ShowRuntime Behavior ::run [ RunTime:0.002378s ]
INFO: [ view_filter ] --END-- [ RunTime:0.010029s ]
INFO: [ view_end ] --START--
INFO: ShowPageTrace Behavior ::run [ RunTime:0.002107s ]
INFO: [ view_end ] --END-- [ RunTime:0.002295s ]

[ 2013-10-08T22:15:05+08:00 ] 127.0.0.1 /hello/index.php/Index
INFO: [ route_check ] --START--
INFO: CheckRoute Behavior ::run [ RunTime:0.002414s ]
INFO: [ route_check ] --END-- [ RunTime:0.002557s ]
INFO: [ app_begin ] --START--
INFO: ReadHtmlCache Behavior ::run [ RunTime:0.002126s ]
INFO: [ app_begin ] --END-- [ RunTime:0.002268s ]
SQL: SHOW COLUMNS FROM `hello_user` [ RunTime:0.238231s ]
SQL: SELECT * FROM `hello_user` WHERE ( `email` = '393867916@qq.com' ) LIMIT 1   [ RunTime:0.000820s ]
SQL: SHOW COLUMNS FROM `hello_friend` [ RunTime:0.005707s ]
SQL: SELECT `femail` FROM `hello_friend`  [ RunTime:0.000603s ]
NOTIC: [2] implode() [<a href='function.implode'>function.implode</a>]: Invalid arguments passed E:\wamp\www\hello\ThinkPHP\Lib\Core\Db.class.php 第 497 行.
SQL: SELECT * FROM `hello_user` WHERE ( `email` IN () )  [ RunTime:0.000345s ]
ERR: 1064:You have an error in your SQL syntax; check the manual that corresponds to your MySQL server version for the right syntax to use near ') )' at line 1
 [ SQL语句 ] : SELECT * FROM `hello_user` WHERE ( `email` IN () ) 
SQL: SHOW COLUMNS FROM `hello_group` [ RunTime:0.006146s ]
SQL: SELECT * FROM `hello_group` ORDER BY id desc LIMIT 7   [ RunTime:0.000771s ]
INFO: [ view_parse ] --START--
NOTIC: [8] Undefined variable: slide1 E:\wamp\www\hello\Runtime\Cache\b42df3d294fe8fb76fbe1db7ccd52452.php 第 516 行.
INFO: ParseTemplate Behavior ::run [ RunTime:0.032538s ]
INFO: [ view_parse ] --END-- [ RunTime:0.032792s ]
INFO: [ view_filter ] --START--
INFO: ContentReplace Behavior ::run [ RunTime:0.001724s ]
INFO: TokenBuild Behavior ::run [ RunTime:0.001454s ]
INFO: WriteHtmlCache Behavior ::run [ RunTime:0.001174s ]
INFO: ShowRuntime Behavior ::run [ RunTime:0.001620s ]
INFO: [ view_filter ] --END-- [ RunTime:0.006300s ]
INFO: [ view_end ] --START--
INFO: ShowPageTrace Behavior ::run [ RunTime:0.001820s ]
INFO: [ view_end ] --END-- [ RunTime:0.001928s ]

[ 2013-10-08T22:16:07+08:00 ] 127.0.0.1 /hello/index.php/Index
INFO: [ route_check ] --START--
INFO: CheckRoute Behavior ::run [ RunTime:0.002149s ]
INFO: [ route_check ] --END-- [ RunTime:0.002294s ]
INFO: [ app_begin ] --START--
INFO: ReadHtmlCache Behavior ::run [ RunTime:0.001853s ]
INFO: [ app_begin ] --END-- [ RunTime:0.001974s ]
SQL: SHOW COLUMNS FROM `hello_user` [ RunTime:0.006132s ]
SQL: SELECT * FROM `hello_user` WHERE ( `email` = '393867916@qq.com' ) LIMIT 1   [ RunTime:0.000751s ]
SQL: SHOW COLUMNS FROM `hello_friend` [ RunTime:0.005172s ]
SQL: SELECT `femail` FROM `hello_friend`  [ RunTime:0.000464s ]
NOTIC: [2] implode() [<a href='function.implode'>function.implode</a>]: Invalid arguments passed E:\wamp\www\hello\ThinkPHP\Lib\Core\Db.class.php 第 497 行.
SQL: SELECT * FROM `hello_user` WHERE ( `email` IN () )  [ RunTime:0.000331s ]
ERR: 1064:You have an error in your SQL syntax; check the manual that corresponds to your MySQL server version for the right syntax to use near ') )' at line 1
 [ SQL语句 ] : SELECT * FROM `hello_user` WHERE ( `email` IN () ) 
SQL: SHOW COLUMNS FROM `hello_group` [ RunTime:0.005942s ]
SQL: SELECT * FROM `hello_group` ORDER BY id desc LIMIT 7   [ RunTime:0.000695s ]
INFO: [ view_parse ] --START--
NOTIC: [8] Undefined variable: slide1 E:\wamp\www\hello\Runtime\Cache\b42df3d294fe8fb76fbe1db7ccd52452.php 第 516 行.
INFO: ParseTemplate Behavior ::run [ RunTime:0.030218s ]
INFO: [ view_parse ] --END-- [ RunTime:0.030355s ]
INFO: [ view_filter ] --START--
INFO: ContentReplace Behavior ::run [ RunTime:0.002396s ]
INFO: TokenBuild Behavior ::run [ RunTime:0.001548s ]
INFO: WriteHtmlCache Behavior ::run [ RunTime:0.001164s ]
INFO: ShowRuntime Behavior ::run [ RunTime:0.001621s ]
INFO: [ view_filter ] --END-- [ RunTime:0.007088s ]
INFO: [ view_end ] --START--
INFO: ShowPageTrace Behavior ::run [ RunTime:0.001845s ]
INFO: [ view_end ] --END-- [ RunTime:0.002077s ]

[ 2013-10-08T22:16:44+08:00 ] 127.0.0.1 /hello/index.php/Index
INFO: [ route_check ] --START--
INFO: CheckRoute Behavior ::run [ RunTime:0.002065s ]
INFO: [ route_check ] --END-- [ RunTime:0.002208s ]
INFO: [ app_begin ] --START--
INFO: ReadHtmlCache Behavior ::run [ RunTime:0.001583s ]
INFO: [ app_begin ] --END-- [ RunTime:0.001695s ]
SQL: SHOW COLUMNS FROM `hello_user` [ RunTime:0.006099s ]
SQL: SELECT * FROM `hello_user` WHERE ( `email` = '393867916@qq.com' ) LIMIT 1   [ RunTime:0.000599s ]
SQL: SHOW COLUMNS FROM `hello_friend` [ RunTime:0.006057s ]
SQL: SELECT `femail` FROM `hello_friend`  [ RunTime:0.000573s ]
NOTIC: [2] implode() [<a href='function.implode'>function.implode</a>]: Invalid arguments passed E:\wamp\www\hello\ThinkPHP\Lib\Core\Db.class.php 第 497 行.
SQL: SELECT * FROM `hello_user` WHERE ( `email` IN () )  [ RunTime:0.000438s ]
ERR: 1064:You have an error in your SQL syntax; check the manual that corresponds to your MySQL server version for the right syntax to use near ') )' at line 1
 [ SQL语句 ] : SELECT * FROM `hello_user` WHERE ( `email` IN () ) 
SQL: SHOW COLUMNS FROM `hello_group` [ RunTime:0.006280s ]
SQL: SELECT * FROM `hello_group` ORDER BY id desc LIMIT 7   [ RunTime:0.000700s ]
INFO: [ view_parse ] --START--
NOTIC: [8] Undefined variable: slide1 E:\wamp\www\hello\Runtime\Cache\b42df3d294fe8fb76fbe1db7ccd52452.php 第 516 行.
INFO: ParseTemplate Behavior ::run [ RunTime:0.032852s ]
INFO: [ view_parse ] --END-- [ RunTime:0.032996s ]
INFO: [ view_filter ] --START--
INFO: ContentReplace Behavior ::run [ RunTime:0.001649s ]
INFO: TokenBuild Behavior ::run [ RunTime:0.001371s ]
INFO: WriteHtmlCache Behavior ::run [ RunTime:0.001121s ]
INFO: ShowRuntime Behavior ::run [ RunTime:0.001723s ]
INFO: [ view_filter ] --END-- [ RunTime:0.006199s ]
INFO: [ view_end ] --START--
INFO: ShowPageTrace Behavior ::run [ RunTime:0.002021s ]
INFO: [ view_end ] --END-- [ RunTime:0.002134s ]

[ 2013-10-08T22:17:42+08:00 ] 127.0.0.1 /hello/index.php/Index
INFO: [ route_check ] --START--
INFO: CheckRoute Behavior ::run [ RunTime:0.002523s ]
INFO: [ route_check ] --END-- [ RunTime:0.002694s ]
INFO: [ app_begin ] --START--
INFO: ReadHtmlCache Behavior ::run [ RunTime:0.012410s ]
INFO: [ app_begin ] --END-- [ RunTime:0.012542s ]
SQL: SHOW COLUMNS FROM `hello_user` [ RunTime:0.006887s ]
SQL: SELECT * FROM `hello_user` WHERE ( `email` = '393867916@qq.com' ) LIMIT 1   [ RunTime:0.000632s ]
SQL: SHOW COLUMNS FROM `hello_friend` [ RunTime:0.006051s ]
SQL: SELECT `femail` FROM `hello_friend`  [ RunTime:0.008973s ]
NOTIC: [2] implode() [<a href='function.implode'>function.implode</a>]: Invalid arguments passed E:\wamp\www\hello\ThinkPHP\Lib\Core\Db.class.php 第 497 行.
SQL: SELECT * FROM `hello_user` WHERE ( `email` IN () )  [ RunTime:0.000388s ]
ERR: 1064:You have an error in your SQL syntax; check the manual that corresponds to your MySQL server version for the right syntax to use near ') )' at line 1
 [ SQL语句 ] : SELECT * FROM `hello_user` WHERE ( `email` IN () ) 
SQL: SHOW COLUMNS FROM `hello_group` [ RunTime:0.009138s ]
SQL: SELECT * FROM `hello_group` ORDER BY id desc LIMIT 7   [ RunTime:0.000816s ]
INFO: [ view_parse ] --START--
NOTIC: [8] Undefined variable: slide1 E:\wamp\www\hello\Runtime\Cache\b42df3d294fe8fb76fbe1db7ccd52452.php 第 506 行.
INFO: ParseTemplate Behavior ::run [ RunTime:0.038707s ]
INFO: [ view_parse ] --END-- [ RunTime:0.038850s ]
INFO: [ view_filter ] --START--
INFO: ContentReplace Behavior ::run [ RunTime:0.001653s ]
INFO: TokenBuild Behavior ::run [ RunTime:0.001398s ]
INFO: WriteHtmlCache Behavior ::run [ RunTime:0.001227s ]
INFO: ShowRuntime Behavior ::run [ RunTime:0.001580s ]
INFO: [ view_filter ] --END-- [ RunTime:0.006169s ]
INFO: [ view_end ] --START--
INFO: ShowPageTrace Behavior ::run [ RunTime:0.001801s ]
INFO: [ view_end ] --END-- [ RunTime:0.001902s ]

[ 2013-10-08T22:18:13+08:00 ] 127.0.0.1 /hello/index.php/login
INFO: [ route_check ] --START--
INFO: CheckRoute Behavior ::run [ RunTime:0.004419s ]
INFO: [ route_check ] --END-- [ RunTime:0.004652s ]
INFO: [ app_begin ] --START--
INFO: ReadHtmlCache Behavior ::run [ RunTime:0.003251s ]
INFO: [ app_begin ] --END-- [ RunTime:0.003455s ]
ERR: 无法加载模块:login

[ 2013-10-08T22:18:22+08:00 ] 127.0.0.1 /hello/index.php/Public/login
INFO: [ route_check ] --START--
INFO: CheckRoute Behavior ::run [ RunTime:0.004038s ]
INFO: [ route_check ] --END-- [ RunTime:0.004181s ]
INFO: [ app_begin ] --START--
INFO: ReadHtmlCache Behavior ::run [ RunTime:0.001806s ]
INFO: [ app_begin ] --END-- [ RunTime:0.001921s ]
INFO: [ view_parse ] --START--
INFO: ParseTemplate Behavior ::run [ RunTime:0.055320s ]
INFO: [ view_parse ] --END-- [ RunTime:0.055475s ]
INFO: [ view_filter ] --START--
INFO: ContentReplace Behavior ::run [ RunTime:0.001879s ]
INFO: TokenBuild Behavior ::run [ RunTime:0.001736s ]
INFO: WriteHtmlCache Behavior ::run [ RunTime:0.001936s ]
INFO: ShowRuntime Behavior ::run [ RunTime:0.001738s ]
INFO: [ view_filter ] --END-- [ RunTime:0.007661s ]
INFO: [ view_end ] --START--
INFO: ShowPageTrace Behavior ::run [ RunTime:0.002592s ]
INFO: [ view_end ] --END-- [ RunTime:0.002764s ]

[ 2013-10-08T22:18:23+08:00 ] 127.0.0.1 /hello/index.php/Public/verify/
INFO: [ route_check ] --START--
INFO: CheckRoute Behavior ::run [ RunTime:0.003963s ]
INFO: [ route_check ] --END-- [ RunTime:0.004192s ]
INFO: [ app_begin ] --START--
INFO: ReadHtmlCache Behavior ::run [ RunTime:0.002759s ]
INFO: [ app_begin ] --END-- [ RunTime:0.002958s ]

[ 2013-10-08T22:19:58+08:00 ] 127.0.0.1 /hello/index.php/Public/verify/?0.7747034602798522
INFO: [ route_check ] --START--
INFO: CheckRoute Behavior ::run [ RunTime:0.003005s ]
INFO: [ route_check ] --END-- [ RunTime:0.003194s ]
INFO: [ app_begin ] --START--
INFO: ReadHtmlCache Behavior ::run [ RunTime:0.002084s ]
INFO: [ app_begin ] --END-- [ RunTime:0.002281s ]

[ 2013-10-08T22:19:58+08:00 ] 127.0.0.1 /hello/index.php/Public/verify/?0.2524886089377105
INFO: [ route_check ] --START--
INFO: CheckRoute Behavior ::run [ RunTime:0.002829s ]
INFO: [ route_check ] --END-- [ RunTime:0.003018s ]
INFO: [ app_begin ] --START--
INFO: ReadHtmlCache Behavior ::run [ RunTime:0.001958s ]
INFO: [ app_begin ] --END-- [ RunTime:0.002083s ]

[ 2013-10-08T22:19:59+08:00 ] 127.0.0.1 /hello/index.php/Public/verify/?0.17635107110254467
INFO: [ route_check ] --START--
INFO: CheckRoute Behavior ::run [ RunTime:0.002554s ]
INFO: [ route_check ] --END-- [ RunTime:0.002705s ]
INFO: [ app_begin ] --START--
INFO: ReadHtmlCache Behavior ::run [ RunTime:0.002285s ]
INFO: [ app_begin ] --END-- [ RunTime:0.002413s ]

[ 2013-10-08T22:20:01+08:00 ] 127.0.0.1 /hello/index.php/Public/verify/?0.4377111631911248
INFO: [ route_check ] --START--
INFO: CheckRoute Behavior ::run [ RunTime:0.003218s ]
INFO: [ route_check ] --END-- [ RunTime:0.003374s ]
INFO: [ app_begin ] --START--
INFO: ReadHtmlCache Behavior ::run [ RunTime:0.002182s ]
INFO: [ app_begin ] --END-- [ RunTime:0.002312s ]

[ 2013-10-08T22:20:02+08:00 ] 127.0.0.1 /hello/index.php/Public/verify/?0.09465886605903506
INFO: [ route_check ] --START--
INFO: CheckRoute Behavior ::run [ RunTime:0.002934s ]
INFO: [ route_check ] --END-- [ RunTime:0.003092s ]
INFO: [ app_begin ] --START--
INFO: ReadHtmlCache Behavior ::run [ RunTime:0.001935s ]
INFO: [ app_begin ] --END-- [ RunTime:0.002060s ]

[ 2013-10-08T22:20:03+08:00 ] 127.0.0.1 /hello/index.php/Public/verify/?0.8996485744137317
INFO: [ route_check ] --START--
INFO: CheckRoute Behavior ::run [ RunTime:0.002529s ]
INFO: [ route_check ] --END-- [ RunTime:0.002693s ]
INFO: [ app_begin ] --START--
INFO: ReadHtmlCache Behavior ::run [ RunTime:0.002575s ]
INFO: [ app_begin ] --END-- [ RunTime:0.002705s ]

[ 2013-10-08T22:20:05+08:00 ] 127.0.0.1 /hello/index.php/Public/verify/?0.03368134191259742
INFO: [ route_check ] --START--
INFO: CheckRoute Behavior ::run [ RunTime:0.002392s ]
INFO: [ route_check ] --END-- [ RunTime:0.002545s ]
INFO: [ app_begin ] --START--
INFO: ReadHtmlCache Behavior ::run [ RunTime:0.001891s ]
INFO: [ app_begin ] --END-- [ RunTime:0.002013s ]

[ 2013-10-08T22:20:05+08:00 ] 127.0.0.1 /hello/index.php/Public/verify/?0.1968934580218047
INFO: [ route_check ] --START--
INFO: CheckRoute Behavior ::run [ RunTime:0.002488s ]
INFO: [ route_check ] --END-- [ RunTime:0.002647s ]
INFO: [ app_begin ] --START--
INFO: ReadHtmlCache Behavior ::run [ RunTime:0.001951s ]
INFO: [ app_begin ] --END-- [ RunTime:0.002071s ]

[ 2013-10-08T22:20:06+08:00 ] 127.0.0.1 /hello/index.php/Public/verify/?0.9067955524660647
INFO: [ route_check ] --START--
INFO: CheckRoute Behavior ::run [ RunTime:0.002386s ]
INFO: [ route_check ] --END-- [ RunTime:0.002534s ]
INFO: [ app_begin ] --START--
INFO: ReadHtmlCache Behavior ::run [ RunTime:0.002733s ]
INFO: [ app_begin ] --END-- [ RunTime:0.002861s ]

[ 2013-10-08T22:20:06+08:00 ] 127.0.0.1 /hello/index.php/Public/verify/?0.03972896048799157
INFO: [ route_check ] --START--
INFO: CheckRoute Behavior ::run [ RunTime:0.002588s ]
INFO: [ route_check ] --END-- [ RunTime:0.002744s ]
INFO: [ app_begin ] --START--
INFO: ReadHtmlCache Behavior ::run [ RunTime:0.001879s ]
INFO: [ app_begin ] --END-- [ RunTime:0.002000s ]

[ 2013-10-08T22:20:09+08:00 ] 127.0.0.1 /hello/index.php/Public/verify/?0.9857637046370655
INFO: [ route_check ] --START--
INFO: CheckRoute Behavior ::run [ RunTime:0.002400s ]
INFO: [ route_check ] --END-- [ RunTime:0.002578s ]
INFO: [ app_begin ] --START--
INFO: ReadHtmlCache Behavior ::run [ RunTime:0.002667s ]
INFO: [ app_begin ] --END-- [ RunTime:0.002795s ]

[ 2013-10-08T22:20:35+08:00 ] 127.0.0.1 /hello/index.php/Public/login
INFO: [ route_check ] --START--
INFO: CheckRoute Behavior ::run [ RunTime:0.002675s ]
INFO: [ route_check ] --END-- [ RunTime:0.002820s ]
INFO: [ app_begin ] --START--
INFO: ReadHtmlCache Behavior ::run [ RunTime:0.001797s ]
INFO: [ app_begin ] --END-- [ RunTime:0.001996s ]
INFO: [ view_parse ] --START--
INFO: ParseTemplate Behavior ::run [ RunTime:0.026801s ]
INFO: [ view_parse ] --END-- [ RunTime:0.026962s ]
INFO: [ view_filter ] --START--
INFO: ContentReplace Behavior ::run [ RunTime:0.002313s ]
INFO: TokenBuild Behavior ::run [ RunTime:0.001777s ]
INFO: WriteHtmlCache Behavior ::run [ RunTime:0.001209s ]
INFO: ShowRuntime Behavior ::run [ RunTime:0.001474s ]
INFO: [ view_filter ] --END-- [ RunTime:0.007211s ]
INFO: [ view_end ] --START--
INFO: ShowPageTrace Behavior ::run [ RunTime:0.001859s ]
INFO: [ view_end ] --END-- [ RunTime:0.001988s ]

[ 2013-10-08T22:20:36+08:00 ] 127.0.0.1 /hello/index.php/Public/verify/
INFO: [ route_check ] --START--
INFO: CheckRoute Behavior ::run [ RunTime:0.008037s ]
INFO: [ route_check ] --END-- [ RunTime:0.008326s ]
INFO: [ app_begin ] --START--
INFO: ReadHtmlCache Behavior ::run [ RunTime:0.002532s ]
INFO: [ app_begin ] --END-- [ RunTime:0.002745s ]

[ 2013-10-08T22:20:54+08:00 ] 127.0.0.1 /hello/index.php/index
INFO: [ route_check ] --START--
INFO: CheckRoute Behavior ::run [ RunTime:0.002239s ]
INFO: [ route_check ] --END-- [ RunTime:0.002388s ]
INFO: [ app_begin ] --START--
INFO: ReadHtmlCache Behavior ::run [ RunTime:0.002027s ]
INFO: [ app_begin ] --END-- [ RunTime:0.002153s ]
ERR: 无法加载模块:index

[ 2013-10-08T22:21:02+08:00 ] 127.0.0.1 /hello/index.php/Index
INFO: [ route_check ] --START--
INFO: CheckRoute Behavior ::run [ RunTime:0.002133s ]
INFO: [ route_check ] --END-- [ RunTime:0.002296s ]
INFO: [ app_begin ] --START--
INFO: ReadHtmlCache Behavior ::run [ RunTime:0.001299s ]
INFO: [ app_begin ] --END-- [ RunTime:0.001410s ]
SQL: SHOW COLUMNS FROM `hello_user` [ RunTime:0.005882s ]
SQL: SELECT * FROM `hello_user` WHERE ( `email` = '393867916@qq.com' ) LIMIT 1   [ RunTime:0.000617s ]
SQL: SHOW COLUMNS FROM `hello_friend` [ RunTime:0.005237s ]
SQL: SELECT `femail` FROM `hello_friend`  [ RunTime:0.000388s ]
NOTIC: [2] implode() [<a href='function.implode'>function.implode</a>]: Invalid arguments passed E:\wamp\www\hello\ThinkPHP\Lib\Core\Db.class.php 第 497 行.
SQL: SELECT * FROM `hello_user` WHERE ( `email` IN () )  [ RunTime:0.000300s ]
ERR: 1064:You have an error in your SQL syntax; check the manual that corresponds to your MySQL server version for the right syntax to use near ') )' at line 1
 [ SQL语句 ] : SELECT * FROM `hello_user` WHERE ( `email` IN () ) 
SQL: SHOW COLUMNS FROM `hello_group` [ RunTime:0.006169s ]
SQL: SELECT * FROM `hello_group` ORDER BY id desc LIMIT 7   [ RunTime:0.000690s ]
INFO: [ view_parse ] --START--
NOTIC: [8] Undefined variable: slide1 E:\wamp\www\hello\Runtime\Cache\b42df3d294fe8fb76fbe1db7ccd52452.php 第 506 行.
INFO: ParseTemplate Behavior ::run [ RunTime:0.033243s ]
INFO: [ view_parse ] --END-- [ RunTime:0.033386s ]
INFO: [ view_filter ] --START--
INFO: ContentReplace Behavior ::run [ RunTime:0.001562s ]
INFO: TokenBuild Behavior ::run [ RunTime:0.001653s ]
INFO: WriteHtmlCache Behavior ::run [ RunTime:0.001158s ]
INFO: ShowRuntime Behavior ::run [ RunTime:0.001444s ]
INFO: [ view_filter ] --END-- [ RunTime:0.006153s ]
INFO: [ view_end ] --START--
INFO: ShowPageTrace Behavior ::run [ RunTime:0.002659s ]
INFO: [ view_end ] --END-- [ RunTime:0.002766s ]

[ 2013-10-08T22:24:14+08:00 ] 127.0.0.1 /hello/index.php/Index
INFO: [ route_check ] --START--
INFO: CheckRoute Behavior ::run [ RunTime:0.002534s ]
INFO: [ route_check ] --END-- [ RunTime:0.002690s ]
INFO: [ app_begin ] --START--
INFO: ReadHtmlCache Behavior ::run [ RunTime:0.001537s ]
INFO: [ app_begin ] --END-- [ RunTime:0.001652s ]
SQL: SHOW COLUMNS FROM `hello_user` [ RunTime:0.006270s ]
SQL: SELECT * FROM `hello_user` WHERE ( `email` = '393867916@qq.com' ) LIMIT 1   [ RunTime:0.000891s ]
SQL: SHOW COLUMNS FROM `hello_friend` [ RunTime:0.005886s ]
SQL: SELECT `femail` FROM `hello_friend`  [ RunTime:0.000478s ]
NOTIC: [2] implode() [<a href='function.implode'>function.implode</a>]: Invalid arguments passed E:\wamp\www\hello\ThinkPHP\Lib\Core\Db.class.php 第 497 行.
SQL: SELECT * FROM `hello_user` WHERE ( `email` IN () )  [ RunTime:0.000284s ]
ERR: 1064:You have an error in your SQL syntax; check the manual that corresponds to your MySQL server version for the right syntax to use near ') )' at line 1
 [ SQL语句 ] : SELECT * FROM `hello_user` WHERE ( `email` IN () ) 
SQL: SHOW COLUMNS FROM `hello_group` [ RunTime:0.006296s ]
SQL: SELECT * FROM `hello_group` ORDER BY id desc LIMIT 7   [ RunTime:0.000710s ]
INFO: [ view_parse ] --START--
NOTIC: [8] Undefined variable: slide1 E:\wamp\www\hello\Runtime\Cache\b42df3d294fe8fb76fbe1db7ccd52452.php 第 510 行.
INFO: ParseTemplate Behavior ::run [ RunTime:0.029752s ]
INFO: [ view_parse ] --END-- [ RunTime:0.029907s ]
INFO: [ view_filter ] --START--
INFO: ContentReplace Behavior ::run [ RunTime:0.001532s ]
INFO: TokenBuild Behavior ::run [ RunTime:0.001383s ]
INFO: WriteHtmlCache Behavior ::run [ RunTime:0.001172s ]
INFO: ShowRuntime Behavior ::run [ RunTime:0.001492s ]
INFO: [ view_filter ] --END-- [ RunTime:0.005913s ]
INFO: [ view_end ] --START--
INFO: ShowPageTrace Behavior ::run [ RunTime:0.001683s ]
INFO: [ view_end ] --END-- [ RunTime:0.001785s ]

[ 2013-10-08T22:24:47+08:00 ] 127.0.0.1 /hello/index.php/Index
INFO: [ route_check ] --START--
INFO: CheckRoute Behavior ::run [ RunTime:0.002294s ]
INFO: [ route_check ] --END-- [ RunTime:0.002463s ]
INFO: [ app_begin ] --START--
INFO: ReadHtmlCache Behavior ::run [ RunTime:0.010059s ]
INFO: [ app_begin ] --END-- [ RunTime:0.010200s ]
SQL: SHOW COLUMNS FROM `hello_user` [ RunTime:0.006517s ]
SQL: SELECT * FROM `hello_user` WHERE ( `email` = '393867916@qq.com' ) LIMIT 1   [ RunTime:0.000853s ]
SQL: SHOW COLUMNS FROM `hello_friend` [ RunTime:0.005739s ]
SQL: SELECT `femail` FROM `hello_friend`  [ RunTime:0.000426s ]
NOTIC: [2] implode() [<a href='function.implode'>function.implode</a>]: Invalid arguments passed E:\wamp\www\hello\ThinkPHP\Lib\Core\Db.class.php 第 497 行.
SQL: SELECT * FROM `hello_user` WHERE ( `email` IN () )  [ RunTime:0.000312s ]
ERR: 1064:You have an error in your SQL syntax; check the manual that corresponds to your MySQL server version for the right syntax to use near ') )' at line 1
 [ SQL语句 ] : SELECT * FROM `hello_user` WHERE ( `email` IN () ) 
SQL: SHOW COLUMNS FROM `hello_group` [ RunTime:0.006478s ]
SQL: SELECT * FROM `hello_group` ORDER BY id desc LIMIT 7   [ RunTime:0.000684s ]
INFO: [ view_parse ] --START--
NOTIC: [8] Undefined variable: slide1 E:\wamp\www\hello\Runtime\Cache\b42df3d294fe8fb76fbe1db7ccd52452.php 第 510 行.
INFO: ParseTemplate Behavior ::run [ RunTime:0.030295s ]
INFO: [ view_parse ] --END-- [ RunTime:0.030428s ]
INFO: [ view_filter ] --START--
INFO: ContentReplace Behavior ::run [ RunTime:0.001756s ]
INFO: TokenBuild Behavior ::run [ RunTime:0.001826s ]
INFO: WriteHtmlCache Behavior ::run [ RunTime:0.001297s ]
INFO: ShowRuntime Behavior ::run [ RunTime:0.001767s ]
INFO: [ view_filter ] --END-- [ RunTime:0.006981s ]
INFO: [ view_end ] --START--
INFO: ShowPageTrace Behavior ::run [ RunTime:0.001735s ]
INFO: [ view_end ] --END-- [ RunTime:0.001838s ]

[ 2013-10-08T22:26:07+08:00 ] 127.0.0.1 /hello/index.php/Index
INFO: [ route_check ] --START--
INFO: CheckRoute Behavior ::run [ RunTime:0.001967s ]
INFO: [ route_check ] --END-- [ RunTime:0.002110s ]
INFO: [ app_begin ] --START--
INFO: ReadHtmlCache Behavior ::run [ RunTime:0.001191s ]
INFO: [ app_begin ] --END-- [ RunTime:0.001301s ]
SQL: SHOW COLUMNS FROM `hello_user` [ RunTime:0.005817s ]
SQL: SELECT * FROM `hello_user` WHERE ( `email` = '393867916@qq.com' ) LIMIT 1   [ RunTime:0.000681s ]
SQL: SHOW COLUMNS FROM `hello_friend` [ RunTime:0.005232s ]
SQL: SELECT `femail` FROM `hello_friend`  [ RunTime:0.000460s ]
NOTIC: [2] implode() [<a href='function.implode'>function.implode</a>]: Invalid arguments passed E:\wamp\www\hello\ThinkPHP\Lib\Core\Db.class.php 第 497 行.
SQL: SELECT * FROM `hello_user` WHERE ( `email` IN () )  [ RunTime:0.000344s ]
ERR: 1064:You have an error in your SQL syntax; check the manual that corresponds to your MySQL server version for the right syntax to use near ') )' at line 1
 [ SQL语句 ] : SELECT * FROM `hello_user` WHERE ( `email` IN () ) 
SQL: SHOW COLUMNS FROM `hello_group` [ RunTime:0.006333s ]
SQL: SELECT * FROM `hello_group` ORDER BY id desc LIMIT 7   [ RunTime:0.000669s ]
INFO: [ view_parse ] --START--
NOTIC: [8] Undefined variable: slide1 E:\wamp\www\hello\Runtime\Cache\b42df3d294fe8fb76fbe1db7ccd52452.php 第 510 行.
INFO: ParseTemplate Behavior ::run [ RunTime:0.029446s ]
INFO: [ view_parse ] --END-- [ RunTime:0.029583s ]
INFO: [ view_filter ] --START--
INFO: ContentReplace Behavior ::run [ RunTime:0.001514s ]
INFO: TokenBuild Behavior ::run [ RunTime:0.001323s ]
INFO: WriteHtmlCache Behavior ::run [ RunTime:0.001104s ]
INFO: ShowRuntime Behavior ::run [ RunTime:0.001510s ]
INFO: [ view_filter ] --END-- [ RunTime:0.005772s ]
INFO: [ view_end ] --START--
INFO: ShowPageTrace Behavior ::run [ RunTime:0.001709s ]
INFO: [ view_end ] --END-- [ RunTime:0.001813s ]

[ 2013-10-08T22:56:29+08:00 ] 127.0.0.1 /hello/index.php/Index
INFO: [ route_check ] --START--
INFO: CheckRoute Behavior ::run [ RunTime:0.079766s ]
INFO: [ route_check ] --END-- [ RunTime:0.079948s ]
INFO: [ app_begin ] --START--
INFO: ReadHtmlCache Behavior ::run [ RunTime:0.026426s ]
INFO: [ app_begin ] --END-- [ RunTime:0.026575s ]
SQL: SHOW COLUMNS FROM `hello_user` [ RunTime:0.062733s ]
SQL: SELECT * FROM `hello_user` WHERE ( `email` = '393867916@qq.com' ) LIMIT 1   [ RunTime:0.002428s ]
SQL: SHOW COLUMNS FROM `hello_friend` [ RunTime:0.072217s ]
SQL: SELECT `femail` FROM `hello_friend`  [ RunTime:0.000482s ]
NOTIC: [2] implode() [<a href='function.implode'>function.implode</a>]: Invalid arguments passed E:\wamp\www\hello\ThinkPHP\Lib\Core\Db.class.php 第 497 行.
SQL: SELECT * FROM `hello_user` WHERE ( `email` IN () )  [ RunTime:0.000426s ]
ERR: 1064:You have an error in your SQL syntax; check the manual that corresponds to your MySQL server version for the right syntax to use near ') )' at line 1
 [ SQL语句 ] : SELECT * FROM `hello_user` WHERE ( `email` IN () ) 
SQL: SHOW COLUMNS FROM `hello_group` [ RunTime:0.058831s ]
SQL: SELECT * FROM `hello_group` ORDER BY id desc LIMIT 7   [ RunTime:0.031673s ]
INFO: [ view_parse ] --START--
NOTIC: [8] Undefined variable: slide1 E:\wamp\www\hello\Runtime\Cache\b42df3d294fe8fb76fbe1db7ccd52452.php 第 511 行.
INFO: ParseTemplate Behavior ::run [ RunTime:0.184135s ]
INFO: [ view_parse ] --END-- [ RunTime:0.184298s ]
INFO: [ view_filter ] --START--
INFO: ContentReplace Behavior ::run [ RunTime:0.011115s ]
INFO: TokenBuild Behavior ::run [ RunTime:0.010322s ]
INFO: WriteHtmlCache Behavior ::run [ RunTime:0.009739s ]
INFO: ShowRuntime Behavior ::run [ RunTime:0.004243s ]
INFO: [ view_filter ] --END-- [ RunTime:0.035842s ]
INFO: [ view_end ] --START--
INFO: ShowPageTrace Behavior ::run [ RunTime:0.011495s ]
INFO: [ view_end ] --END-- [ RunTime:0.011646s ]

