[ 2013-10-09T21:07:45+08:00 ] 127.0.0.1 /hello/index.php/Public/login
INFO: [ route_check ] --START--
INFO: CheckRoute Behavior ::run [ RunTime:0.067592s ]
INFO: [ route_check ] --END-- [ RunTime:0.067768s ]
INFO: [ app_begin ] --START--
INFO: ReadHtmlCache Behavior ::run [ RunTime:0.028608s ]
INFO: [ app_begin ] --END-- [ RunTime:0.028760s ]
INFO: [ view_parse ] --START--
INFO: ParseTemplate Behavior ::run [ RunTime:0.282467s ]
INFO: [ view_parse ] --END-- [ RunTime:0.282630s ]
INFO: [ view_filter ] --START--
INFO: ContentReplace Behavior ::run [ RunTime:0.047441s ]
INFO: TokenBuild Behavior ::run [ RunTime:0.018313s ]
INFO: WriteHtmlCache Behavior ::run [ RunTime:0.023979s ]
INFO: ShowRuntime Behavior ::run [ RunTime:0.037580s ]
INFO: [ view_filter ] --END-- [ RunTime:0.127856s ]
INFO: [ view_end ] --START--
INFO: ShowPageTrace Behavior ::run [ RunTime:0.011233s ]
INFO: [ view_end ] --END-- [ RunTime:0.011366s ]

[ 2013-10-09T21:07:46+08:00 ] 127.0.0.1 /hello/index.php/Public/verify/
INFO: [ route_check ] --START--
INFO: CheckRoute Behavior ::run [ RunTime:0.003412s ]
INFO: [ route_check ] --END-- [ RunTime:0.003575s ]
INFO: [ app_begin ] --START--
INFO: ReadHtmlCache Behavior ::run [ RunTime:0.001722s ]
INFO: [ app_begin ] --END-- [ RunTime:0.001845s ]

[ 2013-10-09T21:07:49+08:00 ] 127.0.0.1 /hello/index.php
INFO: [ app_begin ] --START--
INFO: ReadHtmlCache Behavior ::run [ RunTime:0.001541s ]
INFO: [ app_begin ] --END-- [ RunTime:0.001759s ]
SQL: SHOW COLUMNS FROM `hello_user` [ RunTime:0.041855s ]
SQL: SELECT * FROM `hello_user` WHERE ( `email` = '393867916@qq.com' ) LIMIT 1   [ RunTime:0.007029s ]
SQL: SHOW COLUMNS FROM `hello_friend` [ RunTime:0.056047s ]
SQL: SELECT `femail` FROM `hello_friend`  [ RunTime:0.000453s ]
NOTIC: [2] implode() [<a href='function.implode'>function.implode</a>]: Invalid arguments passed E:\wamp\www\hello\ThinkPHP\Lib\Core\Db.class.php 第 497 行.
SQL: SELECT * FROM `hello_user` WHERE ( `email` IN () )  [ RunTime:0.000403s ]
ERR: 1064:You have an error in your SQL syntax; check the manual that corresponds to your MySQL server version for the right syntax to use near ') )' at line 1
 [ SQL语句 ] : SELECT * FROM `hello_user` WHERE ( `email` IN () ) 
SQL: SHOW COLUMNS FROM `hello_group` [ RunTime:0.038115s ]
SQL: SELECT * FROM `hello_group` ORDER BY id desc LIMIT 7   [ RunTime:0.073946s ]
INFO: [ view_parse ] --START--
NOTIC: [8] Undefined variable: slide1 E:\wamp\www\hello\Runtime\Cache\b42df3d294fe8fb76fbe1db7ccd52452.php 第 522 行.
INFO: ParseTemplate Behavior ::run [ RunTime:0.048308s ]
INFO: [ view_parse ] --END-- [ RunTime:0.048452s ]
INFO: [ view_filter ] --START--
INFO: ContentReplace Behavior ::run [ RunTime:0.001853s ]
INFO: TokenBuild Behavior ::run [ RunTime:0.002236s ]
INFO: WriteHtmlCache Behavior ::run [ RunTime:0.001437s ]
INFO: ShowRuntime Behavior ::run [ RunTime:0.001740s ]
INFO: [ view_filter ] --END-- [ RunTime:0.007685s ]
INFO: [ view_end ] --START--
INFO: ShowPageTrace Behavior ::run [ RunTime:0.001947s ]
INFO: [ view_end ] --END-- [ RunTime:0.002068s ]

[ 2013-10-09T21:08:09+08:00 ] 127.0.0.1 /hello/index.php/Index/serchCircle
INFO: [ route_check ] --START--
INFO: CheckRoute Behavior ::run [ RunTime:0.001938s ]
INFO: [ route_check ] --END-- [ RunTime:0.002112s ]
INFO: [ app_begin ] --START--
INFO: ReadHtmlCache Behavior ::run [ RunTime:0.001938s ]
INFO: [ app_begin ] --END-- [ RunTime:0.002076s ]
SQL: SHOW COLUMNS FROM `hello_group` [ RunTime:0.008233s ]
SQL: SELECT * FROM `hello_group` WHERE ( `name` = 'joinCircleInput' )  [ RunTime:0.001055s ]

[ 2013-10-09T21:08:10+08:00 ] 127.0.0.1 /hello/index.php/Index/serchCircle
INFO: [ route_check ] --START--
INFO: CheckRoute Behavior ::run [ RunTime:0.001877s ]
INFO: [ route_check ] --END-- [ RunTime:0.002039s ]
INFO: [ app_begin ] --START--
INFO: ReadHtmlCache Behavior ::run [ RunTime:0.001394s ]
INFO: [ app_begin ] --END-- [ RunTime:0.001501s ]
SQL: SHOW COLUMNS FROM `hello_group` [ RunTime:0.008523s ]
SQL: SELECT * FROM `hello_group` WHERE ( `name` = 'joinCircleInput' )  [ RunTime:0.001128s ]

[ 2013-10-09T21:08:12+08:00 ] 127.0.0.1 /hello/index.php/Index/serchCircle
INFO: [ route_check ] --START--
INFO: CheckRoute Behavior ::run [ RunTime:0.001904s ]
INFO: [ route_check ] --END-- [ RunTime:0.002065s ]
INFO: [ app_begin ] --START--
INFO: ReadHtmlCache Behavior ::run [ RunTime:0.001418s ]
INFO: [ app_begin ] --END-- [ RunTime:0.001529s ]
SQL: SHOW COLUMNS FROM `hello_group` [ RunTime:0.008570s ]
SQL: SELECT * FROM `hello_group` WHERE ( `name` = 'joinCircleInput' )  [ RunTime:0.000947s ]

[ 2013-10-09T21:08:49+08:00 ] 127.0.0.1 /hello/index.php/Index/serchCircle
INFO: [ route_check ] --START--
INFO: CheckRoute Behavior ::run [ RunTime:0.002359s ]
INFO: [ route_check ] --END-- [ RunTime:0.002529s ]
INFO: [ app_begin ] --START--
INFO: ReadHtmlCache Behavior ::run [ RunTime:0.001436s ]
INFO: [ app_begin ] --END-- [ RunTime:0.001558s ]
SQL: SHOW COLUMNS FROM `hello_group` [ RunTime:0.011562s ]
SQL: SELECT * FROM `hello_group` WHERE ( `name` = 'joinCircleInput' )  [ RunTime:0.002449s ]

[ 2013-10-09T21:08:50+08:00 ] 127.0.0.1 /hello/index.php/Index/serchCircle
INFO: [ route_check ] --START--
INFO: CheckRoute Behavior ::run [ RunTime:0.001923s ]
INFO: [ route_check ] --END-- [ RunTime:0.002080s ]
INFO: [ app_begin ] --START--
INFO: ReadHtmlCache Behavior ::run [ RunTime:0.001375s ]
INFO: [ app_begin ] --END-- [ RunTime:0.001483s ]
SQL: SHOW COLUMNS FROM `hello_group` [ RunTime:0.007880s ]
SQL: SELECT * FROM `hello_group` WHERE ( `name` = 'joinCircleInput' )  [ RunTime:0.001072s ]

[ 2013-10-09T21:09:16+08:00 ] 127.0.0.1 /hello/index.php
INFO: [ app_begin ] --START--
INFO: ReadHtmlCache Behavior ::run [ RunTime:0.001400s ]
INFO: [ app_begin ] --END-- [ RunTime:0.001548s ]
SQL: SHOW COLUMNS FROM `hello_user` [ RunTime:0.017666s ]
SQL: SELECT * FROM `hello_user` WHERE ( `email` = '393867916@qq.com' ) LIMIT 1   [ RunTime:0.001075s ]
SQL: SHOW COLUMNS FROM `hello_friend` [ RunTime:0.008693s ]
SQL: SELECT `femail` FROM `hello_friend`  [ RunTime:0.000840s ]
NOTIC: [2] implode() [<a href='function.implode'>function.implode</a>]: Invalid arguments passed E:\wamp\www\hello\ThinkPHP\Lib\Core\Db.class.php 第 497 行.
SQL: SELECT * FROM `hello_user` WHERE ( `email` IN () )  [ RunTime:0.000367s ]
ERR: 1064:You have an error in your SQL syntax; check the manual that corresponds to your MySQL server version for the right syntax to use near ') )' at line 1
 [ SQL语句 ] : SELECT * FROM `hello_user` WHERE ( `email` IN () ) 
SQL: SHOW COLUMNS FROM `hello_group` [ RunTime:0.008030s ]
SQL: SELECT * FROM `hello_group` ORDER BY id desc LIMIT 7   [ RunTime:0.001348s ]
INFO: [ view_parse ] --START--
NOTIC: [8] Undefined variable: slide1 E:\wamp\www\hello\Runtime\Cache\b42df3d294fe8fb76fbe1db7ccd52452.php 第 522 行.
INFO: ParseTemplate Behavior ::run [ RunTime:0.040302s ]
INFO: [ view_parse ] --END-- [ RunTime:0.040463s ]
INFO: [ view_filter ] --START--
INFO: ContentReplace Behavior ::run [ RunTime:0.001466s ]
INFO: TokenBuild Behavior ::run [ RunTime:0.001564s ]
INFO: WriteHtmlCache Behavior ::run [ RunTime:0.001596s ]
INFO: ShowRuntime Behavior ::run [ RunTime:0.001835s ]
INFO: [ view_filter ] --END-- [ RunTime:0.006875s ]
INFO: [ view_end ] --START--
INFO: ShowPageTrace Behavior ::run [ RunTime:0.002071s ]
INFO: [ view_end ] --END-- [ RunTime:0.002264s ]

[ 2013-10-09T21:09:29+08:00 ] 127.0.0.1 /hello/index.php/Index/serchCircle
INFO: [ route_check ] --START--
INFO: CheckRoute Behavior ::run [ RunTime:0.003924s ]
INFO: [ route_check ] --END-- [ RunTime:0.004095s ]
INFO: [ app_begin ] --START--
INFO: ReadHtmlCache Behavior ::run [ RunTime:0.001690s ]
INFO: [ app_begin ] --END-- [ RunTime:0.001820s ]
SQL: SHOW COLUMNS FROM `hello_group` [ RunTime:0.008716s ]
SQL: SELECT * FROM `hello_group` WHERE ( `name` = 'joinCircleInput' )  [ RunTime:0.000804s ]

[ 2013-10-09T21:09:30+08:00 ] 127.0.0.1 /hello/index.php/Index/serchCircle
INFO: [ route_check ] --START--
INFO: CheckRoute Behavior ::run [ RunTime:0.002150s ]
INFO: [ route_check ] --END-- [ RunTime:0.002351s ]
INFO: [ app_begin ] --START--
INFO: ReadHtmlCache Behavior ::run [ RunTime:0.001404s ]
INFO: [ app_begin ] --END-- [ RunTime:0.001511s ]
SQL: SHOW COLUMNS FROM `hello_group` [ RunTime:0.008269s ]
SQL: SELECT * FROM `hello_group` WHERE ( `name` = 'joinCircleInput' )  [ RunTime:0.000698s ]

[ 2013-10-09T21:09:30+08:00 ] 127.0.0.1 /hello/index.php/Index/serchCircle
INFO: [ route_check ] --START--
INFO: CheckRoute Behavior ::run [ RunTime:0.002048s ]
INFO: [ route_check ] --END-- [ RunTime:0.002203s ]
INFO: [ app_begin ] --START--
INFO: ReadHtmlCache Behavior ::run [ RunTime:0.001374s ]
INFO: [ app_begin ] --END-- [ RunTime:0.001485s ]
SQL: SHOW COLUMNS FROM `hello_group` [ RunTime:0.008476s ]
SQL: SELECT * FROM `hello_group` WHERE ( `name` = 'joinCircleInput' )  [ RunTime:0.000757s ]

[ 2013-10-09T21:12:59+08:00 ] 127.0.0.1 /hello/index.php/Index/serchCircle
INFO: [ route_check ] --START--
INFO: CheckRoute Behavior ::run [ RunTime:0.002980s ]
INFO: [ route_check ] --END-- [ RunTime:0.003145s ]
INFO: [ app_begin ] --START--
INFO: ReadHtmlCache Behavior ::run [ RunTime:0.002214s ]
INFO: [ app_begin ] --END-- [ RunTime:0.002388s ]
SQL: SHOW COLUMNS FROM `hello_group` [ RunTime:0.009554s ]
SQL: SELECT * FROM `hello_group` WHERE ( `name` = 'joinCircleInput' )  [ RunTime:0.001711s ]

[ 2013-10-09T21:13:00+08:00 ] 127.0.0.1 /hello/index.php/Index/serchCircle
INFO: [ route_check ] --START--
INFO: CheckRoute Behavior ::run [ RunTime:0.002543s ]
INFO: [ route_check ] --END-- [ RunTime:0.002738s ]
INFO: [ app_begin ] --START--
INFO: ReadHtmlCache Behavior ::run [ RunTime:0.001407s ]
INFO: [ app_begin ] --END-- [ RunTime:0.001525s ]
SQL: SHOW COLUMNS FROM `hello_group` [ RunTime:0.009331s ]
SQL: SELECT * FROM `hello_group` WHERE ( `name` = 'joinCircleInput' )  [ RunTime:0.000719s ]

[ 2013-10-09T21:13:10+08:00 ] 127.0.0.1 /hello/index.php/Index/serchCircle
INFO: [ route_check ] --START--
INFO: CheckRoute Behavior ::run [ RunTime:0.002319s ]
INFO: [ route_check ] --END-- [ RunTime:0.002476s ]
INFO: [ app_begin ] --START--
INFO: ReadHtmlCache Behavior ::run [ RunTime:0.001420s ]
INFO: [ app_begin ] --END-- [ RunTime:0.001545s ]
SQL: SHOW COLUMNS FROM `hello_group` [ RunTime:0.021184s ]
SQL: SELECT * FROM `hello_group` WHERE ( `name` = 'joinCircleInput' )  [ RunTime:0.003108s ]

[ 2013-10-09T21:13:21+08:00 ] 127.0.0.1 /hello/index.php/Index/serchCircle
INFO: [ route_check ] --START--
INFO: CheckRoute Behavior ::run [ RunTime:0.002335s ]
INFO: [ route_check ] --END-- [ RunTime:0.002499s ]
INFO: [ app_begin ] --START--
INFO: ReadHtmlCache Behavior ::run [ RunTime:0.001535s ]
INFO: [ app_begin ] --END-- [ RunTime:0.001650s ]
SQL: SHOW COLUMNS FROM `hello_group` [ RunTime:0.008800s ]
SQL: SELECT * FROM `hello_group` WHERE ( `name` = 'joinCircleInput' )  [ RunTime:0.000755s ]

[ 2013-10-09T21:15:22+08:00 ] 127.0.0.1 /hello/index.php
INFO: [ app_begin ] --START--
INFO: ReadHtmlCache Behavior ::run [ RunTime:0.002297s ]
INFO: [ app_begin ] --END-- [ RunTime:0.002457s ]
SQL: SHOW COLUMNS FROM `hello_user` [ RunTime:0.008223s ]
SQL: SELECT * FROM `hello_user` WHERE ( `email` = '393867916@qq.com' ) LIMIT 1   [ RunTime:0.001198s ]
SQL: SHOW COLUMNS FROM `hello_friend` [ RunTime:0.007834s ]
SQL: SELECT `femail` FROM `hello_friend`  [ RunTime:0.000421s ]
NOTIC: [2] implode() [<a href='function.implode'>function.implode</a>]: Invalid arguments passed E:\wamp\www\hello\ThinkPHP\Lib\Core\Db.class.php 第 497 行.
SQL: SELECT * FROM `hello_user` WHERE ( `email` IN () )  [ RunTime:0.000339s ]
ERR: 1064:You have an error in your SQL syntax; check the manual that corresponds to your MySQL server version for the right syntax to use near ') )' at line 1
 [ SQL语句 ] : SELECT * FROM `hello_user` WHERE ( `email` IN () ) 
SQL: SHOW COLUMNS FROM `hello_group` [ RunTime:0.009190s ]
SQL: SELECT * FROM `hello_group` ORDER BY id desc LIMIT 7   [ RunTime:0.000840s ]
INFO: [ view_parse ] --START--
NOTIC: [8] Undefined variable: slide1 E:\wamp\www\hello\Runtime\Cache\b42df3d294fe8fb76fbe1db7ccd52452.php 第 519 行.
INFO: ParseTemplate Behavior ::run [ RunTime:0.035302s ]
INFO: [ view_parse ] --END-- [ RunTime:0.035446s ]
INFO: [ view_filter ] --START--
INFO: ContentReplace Behavior ::run [ RunTime:0.001657s ]
INFO: TokenBuild Behavior ::run [ RunTime:0.001468s ]
INFO: WriteHtmlCache Behavior ::run [ RunTime:0.002439s ]
INFO: ShowRuntime Behavior ::run [ RunTime:0.001772s ]
INFO: [ view_filter ] --END-- [ RunTime:0.007894s ]
INFO: [ view_end ] --START--
INFO: ShowPageTrace Behavior ::run [ RunTime:0.001924s ]
INFO: [ view_end ] --END-- [ RunTime:0.002467s ]

[ 2013-10-09T21:15:27+08:00 ] 127.0.0.1 /hello/index.php/Index/serchCircle
INFO: [ route_check ] --START--
INFO: CheckRoute Behavior ::run [ RunTime:0.002458s ]
INFO: [ route_check ] --END-- [ RunTime:0.002629s ]
INFO: [ app_begin ] --START--
INFO: ReadHtmlCache Behavior ::run [ RunTime:0.001434s ]
INFO: [ app_begin ] --END-- [ RunTime:0.001567s ]
SQL: SHOW COLUMNS FROM `hello_group` [ RunTime:0.009483s ]
SQL: SELECT * FROM `hello_group` WHERE ( `name` = 'joinCircleInput' )  [ RunTime:0.000798s ]

[ 2013-10-09T21:16:20+08:00 ] 127.0.0.1 /hello/index.php
INFO: [ app_begin ] --START--
INFO: ReadHtmlCache Behavior ::run [ RunTime:0.002250s ]
INFO: [ app_begin ] --END-- [ RunTime:0.002410s ]
SQL: SHOW COLUMNS FROM `hello_user` [ RunTime:0.008206s ]
SQL: SELECT * FROM `hello_user` WHERE ( `email` = '393867916@qq.com' ) LIMIT 1   [ RunTime:0.000835s ]
SQL: SHOW COLUMNS FROM `hello_friend` [ RunTime:0.008497s ]
SQL: SELECT `femail` FROM `hello_friend`  [ RunTime:0.001339s ]
NOTIC: [2] implode() [<a href='function.implode'>function.implode</a>]: Invalid arguments passed E:\wamp\www\hello\ThinkPHP\Lib\Core\Db.class.php 第 497 行.
SQL: SELECT * FROM `hello_user` WHERE ( `email` IN () )  [ RunTime:0.000406s ]
ERR: 1064:You have an error in your SQL syntax; check the manual that corresponds to your MySQL server version for the right syntax to use near ') )' at line 1
 [ SQL语句 ] : SELECT * FROM `hello_user` WHERE ( `email` IN () ) 
SQL: SHOW COLUMNS FROM `hello_group` [ RunTime:0.008064s ]
SQL: SELECT * FROM `hello_group` ORDER BY id desc LIMIT 7   [ RunTime:0.000800s ]
INFO: [ view_parse ] --START--
NOTIC: [8] Undefined variable: slide1 E:\wamp\www\hello\Runtime\Cache\b42df3d294fe8fb76fbe1db7ccd52452.php 第 519 行.
INFO: ParseTemplate Behavior ::run [ RunTime:0.050096s ]
INFO: [ view_parse ] --END-- [ RunTime:0.050258s ]
INFO: [ view_filter ] --START--
INFO: ContentReplace Behavior ::run [ RunTime:0.001670s ]
INFO: TokenBuild Behavior ::run [ RunTime:0.001534s ]
INFO: WriteHtmlCache Behavior ::run [ RunTime:0.001174s ]
INFO: ShowRuntime Behavior ::run [ RunTime:0.001628s ]
INFO: [ view_filter ] --END-- [ RunTime:0.006397s ]
INFO: [ view_end ] --START--
INFO: ShowPageTrace Behavior ::run [ RunTime:0.001747s ]
INFO: [ view_end ] --END-- [ RunTime:0.001854s ]

[ 2013-10-09T21:16:24+08:00 ] 127.0.0.1 /hello/index.php/Index/serchCircle
INFO: [ route_check ] --START--
INFO: CheckRoute Behavior ::run [ RunTime:0.002566s ]
INFO: [ route_check ] --END-- [ RunTime:0.002731s ]
INFO: [ app_begin ] --START--
INFO: ReadHtmlCache Behavior ::run [ RunTime:0.001695s ]
INFO: [ app_begin ] --END-- [ RunTime:0.001915s ]
SQL: SHOW COLUMNS FROM `hello_group` [ RunTime:0.009222s ]
SQL: SELECT * FROM `hello_group` WHERE ( `name` = '1' )  [ RunTime:0.000999s ]

[ 2013-10-09T21:23:56+08:00 ] 127.0.0.1 /hello/index.php/Index/serchCircle
INFO: [ route_check ] --START--
INFO: CheckRoute Behavior ::run [ RunTime:0.002494s ]
INFO: [ route_check ] --END-- [ RunTime:0.002659s ]
INFO: [ app_begin ] --START--
INFO: ReadHtmlCache Behavior ::run [ RunTime:0.001554s ]
INFO: [ app_begin ] --END-- [ RunTime:0.001668s ]
SQL: SHOW COLUMNS FROM `hello_group` [ RunTime:0.008775s ]
SQL: SELECT * FROM `hello_group` WHERE ( `name` = '1' )  [ RunTime:0.000748s ]

[ 2013-10-09T21:24:15+08:00 ] 127.0.0.1 /hello/index.php
INFO: [ app_begin ] --START--
INFO: ReadHtmlCache Behavior ::run [ RunTime:0.001459s ]
INFO: [ app_begin ] --END-- [ RunTime:0.001605s ]
SQL: SHOW COLUMNS FROM `hello_user` [ RunTime:0.009157s ]
SQL: SELECT * FROM `hello_user` WHERE ( `email` = '393867916@qq.com' ) LIMIT 1   [ RunTime:0.000670s ]
SQL: SHOW COLUMNS FROM `hello_friend` [ RunTime:0.008167s ]
SQL: SELECT `femail` FROM `hello_friend`  [ RunTime:0.000471s ]
NOTIC: [2] implode() [<a href='function.implode'>function.implode</a>]: Invalid arguments passed E:\wamp\www\hello\ThinkPHP\Lib\Core\Db.class.php 第 497 行.
SQL: SELECT * FROM `hello_user` WHERE ( `email` IN () )  [ RunTime:0.000351s ]
ERR: 1064:You have an error in your SQL syntax; check the manual that corresponds to your MySQL server version for the right syntax to use near ') )' at line 1
 [ SQL语句 ] : SELECT * FROM `hello_user` WHERE ( `email` IN () ) 
SQL: SHOW COLUMNS FROM `hello_group` [ RunTime:0.008086s ]
SQL: SELECT * FROM `hello_group` ORDER BY id desc LIMIT 7   [ RunTime:0.000672s ]
INFO: [ view_parse ] --START--
NOTIC: [8] Undefined variable: slide1 E:\wamp\www\hello\Runtime\Cache\b42df3d294fe8fb76fbe1db7ccd52452.php 第 519 行.
INFO: ParseTemplate Behavior ::run [ RunTime:0.043719s ]
INFO: [ view_parse ] --END-- [ RunTime:0.043846s ]
INFO: [ view_filter ] --START--
INFO: ContentReplace Behavior ::run [ RunTime:0.001453s ]
INFO: TokenBuild Behavior ::run [ RunTime:0.001394s ]
INFO: WriteHtmlCache Behavior ::run [ RunTime:0.001300s ]
INFO: ShowRuntime Behavior ::run [ RunTime:0.001501s ]
INFO: [ view_filter ] --END-- [ RunTime:0.005991s ]
INFO: [ view_end ] --START--
INFO: ShowPageTrace Behavior ::run [ RunTime:0.001569s ]
INFO: [ view_end ] --END-- [ RunTime:0.001667s ]

