[ 2013-10-11T20:57:48+08:00 ] 127.0.0.1 /hello/
INFO: [ app_begin ] --START--
INFO: ReadHtmlCache Behavior ::run [ RunTime:0.018369s ]
INFO: [ app_begin ] --END-- [ RunTime:0.018559s ]
SQL: SHOW COLUMNS FROM `hello_user` [ RunTime:0.040322s ]
SQL: SELECT * FROM `hello_user` WHERE ( `email` = '393867916@qq.com' ) LIMIT 1   [ RunTime:0.002684s ]
SQL: SHOW COLUMNS FROM `hello_friend` [ RunTime:0.050381s ]
SQL: SELECT `femail` FROM `hello_friend`  [ RunTime:0.000559s ]
NOTIC: [2] implode() [<a href='function.implode'>function.implode</a>]: Invalid arguments passed E:\wamp\www\hello\ThinkPHP\Lib\Core\Db.class.php 第 497 行.
SQL: SELECT * FROM `hello_user` WHERE ( `email` IN () )  [ RunTime:0.000501s ]
ERR: 1064:You have an error in your SQL syntax; check the manual that corresponds to your MySQL server version for the right syntax to use near ') )' at line 1
 [ SQL语句 ] : SELECT * FROM `hello_user` WHERE ( `email` IN () ) 
SQL: SHOW COLUMNS FROM `hello_group` [ RunTime:0.025589s ]
SQL: SELECT * FROM `hello_group` ORDER BY id desc LIMIT 7   [ RunTime:0.030903s ]
INFO: [ view_parse ] --START--
NOTIC: [8] Undefined variable: slide1 E:\wamp\www\hello\Runtime\Cache\b42df3d294fe8fb76fbe1db7ccd52452.php 第 549 行.
INFO: ParseTemplate Behavior ::run [ RunTime:0.087442s ]
INFO: [ view_parse ] --END-- [ RunTime:0.087612s ]
INFO: [ view_filter ] --START--
INFO: ContentReplace Behavior ::run [ RunTime:0.041276s ]
INFO: TokenBuild Behavior ::run [ RunTime:0.010220s ]
INFO: WriteHtmlCache Behavior ::run [ RunTime:0.009664s ]
INFO: ShowRuntime Behavior ::run [ RunTime:0.002378s ]
INFO: [ view_filter ] --END-- [ RunTime:0.064068s ]
INFO: [ view_end ] --START--
INFO: ShowPageTrace Behavior ::run [ RunTime:0.014981s ]
INFO: [ view_end ] --END-- [ RunTime:0.015110s ]

[ 2013-10-11T21:04:19+08:00 ] 127.0.0.1 /hello/index.php/Index/doCircle
INFO: [ route_check ] --START--
INFO: CheckRoute Behavior ::run [ RunTime:0.022943s ]
INFO: [ route_check ] --END-- [ RunTime:0.023112s ]
INFO: [ app_begin ] --START--
INFO: ReadHtmlCache Behavior ::run [ RunTime:0.002255s ]
INFO: [ app_begin ] --END-- [ RunTime:0.002380s ]
SQL: SHOW COLUMNS FROM `hello_group` [ RunTime:0.006664s ]
SQL: SELECT * FROM `hello_group` WHERE ( `name` = '20' ) LIMIT 1   [ RunTime:0.000969s ]
SQL: INSERT INTO `hello_group` (`name`,`count`,`type`,`createuser`,`location`,`fcircle`) VALUES ('20',1,0,'393867916@qq.com',null,0) [ RunTime:0.000930s ]

[ 2013-10-11T21:04:31+08:00 ] 127.0.0.1 /hello/index.php/Index/serchCircle
INFO: [ route_check ] --START--
INFO: CheckRoute Behavior ::run [ RunTime:0.002789s ]
INFO: [ route_check ] --END-- [ RunTime:0.002942s ]
INFO: [ app_begin ] --START--
INFO: ReadHtmlCache Behavior ::run [ RunTime:0.002079s ]
INFO: [ app_begin ] --END-- [ RunTime:0.002240s ]
SQL: SHOW COLUMNS FROM `hello_group` [ RunTime:0.006670s ]
SQL: SELECT * FROM `hello_group` WHERE ( (`name` LIKE '%20%') OR (`id` LIKE '%20%') ) LIMIT 7   [ RunTime:0.000821s ]

[ 2013-10-11T21:25:54+08:00 ] 127.0.0.1 /hello/
INFO: [ app_begin ] --START--
INFO: ReadHtmlCache Behavior ::run [ RunTime:0.002326s ]
INFO: [ app_begin ] --END-- [ RunTime:0.002500s ]
SQL: SHOW COLUMNS FROM `hello_user` [ RunTime:0.005917s ]
SQL: SELECT * FROM `hello_user` WHERE ( `email` = '393867916@qq.com' ) LIMIT 1   [ RunTime:0.000613s ]
SQL: SHOW COLUMNS FROM `hello_friend` [ RunTime:0.005535s ]
SQL: SELECT `femail` FROM `hello_friend`  [ RunTime:0.000472s ]
NOTIC: [2] implode() [<a href='function.implode'>function.implode</a>]: Invalid arguments passed E:\wamp\www\hello\ThinkPHP\Lib\Core\Db.class.php 第 497 行.
SQL: SELECT * FROM `hello_user` WHERE ( `email` IN () )  [ RunTime:0.000298s ]
ERR: 1064:You have an error in your SQL syntax; check the manual that corresponds to your MySQL server version for the right syntax to use near ') )' at line 1
 [ SQL语句 ] : SELECT * FROM `hello_user` WHERE ( `email` IN () ) 
SQL: SHOW COLUMNS FROM `hello_group` [ RunTime:0.005616s ]
SQL: SHOW COLUMNS FROM `hello_grouprelationship` [ RunTime:0.005802s ]
SQL: SELECT * FROM `hello_group` ORDER BY id desc LIMIT 7   [ RunTime:0.000687s ]
SQL: SELECT * FROM `hello_grouprelationship` WHERE ( `circleid` = '0' ) AND ( `uemail` = '393867916@qq.com' ) LIMIT 1   [ RunTime:0.000426s ]
SQL: SELECT * FROM `hello_grouprelationship` WHERE ( `circleid` = '0' ) AND ( `uemail` = '393867916@qq.com' ) LIMIT 1   [ RunTime:0.000392s ]
SQL: SELECT * FROM `hello_grouprelationship` WHERE ( `circleid` = '0' ) AND ( `uemail` = '393867916@qq.com' ) LIMIT 1   [ RunTime:0.000437s ]
SQL: SELECT * FROM `hello_grouprelationship` WHERE ( `circleid` = '0' ) AND ( `uemail` = '393867916@qq.com' ) LIMIT 1   [ RunTime:0.000387s ]
SQL: SELECT * FROM `hello_grouprelationship` WHERE ( `circleid` = '0' ) AND ( `uemail` = '393867916@qq.com' ) LIMIT 1   [ RunTime:0.000412s ]
SQL: SELECT * FROM `hello_grouprelationship` WHERE ( `circleid` = '0' ) AND ( `uemail` = '393867916@qq.com' ) LIMIT 1   [ RunTime:0.000407s ]
SQL: SELECT * FROM `hello_grouprelationship` WHERE ( `circleid` = '0' ) AND ( `uemail` = '393867916@qq.com' ) LIMIT 1   [ RunTime:0.000405s ]
INFO: [ view_parse ] --START--
NOTIC: [8] Undefined variable: vo E:\wamp\www\hello\Runtime\Cache\b42df3d294fe8fb76fbe1db7ccd52452.php 第 511 行.
NOTIC: [8] Undefined variable: vo E:\wamp\www\hello\Runtime\Cache\b42df3d294fe8fb76fbe1db7ccd52452.php 第 511 行.
NOTIC: [8] Undefined variable: slide1 E:\wamp\www\hello\Runtime\Cache\b42df3d294fe8fb76fbe1db7ccd52452.php 第 562 行.
INFO: ParseTemplate Behavior ::run [ RunTime:0.047548s ]
INFO: [ view_parse ] --END-- [ RunTime:0.047748s ]
INFO: [ view_filter ] --START--
INFO: ContentReplace Behavior ::run [ RunTime:0.001946s ]
INFO: TokenBuild Behavior ::run [ RunTime:0.001629s ]
INFO: WriteHtmlCache Behavior ::run [ RunTime:0.001364s ]
INFO: ShowRuntime Behavior ::run [ RunTime:0.001713s ]
INFO: [ view_filter ] --END-- [ RunTime:0.006954s ]
INFO: [ view_end ] --START--
INFO: ShowPageTrace Behavior ::run [ RunTime:0.001677s ]
INFO: [ view_end ] --END-- [ RunTime:0.001774s ]

[ 2013-10-11T21:30:08+08:00 ] 127.0.0.1 /hello/index.php/Index/doJoinCircle
INFO: [ route_check ] --START--
INFO: CheckRoute Behavior ::run [ RunTime:0.002698s ]
INFO: [ route_check ] --END-- [ RunTime:0.002853s ]
INFO: [ app_begin ] --START--
INFO: ReadHtmlCache Behavior ::run [ RunTime:0.002217s ]
INFO: [ app_begin ] --END-- [ RunTime:0.002341s ]
SQL: SHOW COLUMNS FROM `hello_grouprelationship` [ RunTime:0.006526s ]
SQL: SELECT * FROM `hello_grouprelationship` WHERE ( `circleid` = '0' ) AND ( `uemail` = '393867916@qq.com' ) LIMIT 1   [ RunTime:0.000576s ]
SQL: INSERT INTO `hello_grouprelationship` (`circleid`,`uemail`,`time`) VALUES ('0','393867916@qq.com','1381498208') [ RunTime:0.030095s ]

[ 2013-10-11T21:32:39+08:00 ] 127.0.0.1 /hello/index.php/Index/serchCircle
INFO: [ route_check ] --START--
INFO: CheckRoute Behavior ::run [ RunTime:0.002691s ]
INFO: [ route_check ] --END-- [ RunTime:0.002870s ]
INFO: [ app_begin ] --START--
INFO: ReadHtmlCache Behavior ::run [ RunTime:0.002149s ]
INFO: [ app_begin ] --END-- [ RunTime:0.002266s ]
SQL: SHOW COLUMNS FROM `hello_group` [ RunTime:0.006514s ]
SQL: SELECT * FROM `hello_group` WHERE ( (`name` LIKE '%0%') OR (`id` LIKE '%0%') ) LIMIT 7   [ RunTime:0.000782s ]

[ 2013-10-11T21:32:40+08:00 ] 127.0.0.1 /hello/index.php/Index/serchCircle
INFO: [ route_check ] --START--
INFO: CheckRoute Behavior ::run [ RunTime:0.003043s ]
INFO: [ route_check ] --END-- [ RunTime:0.003269s ]
INFO: [ app_begin ] --START--
INFO: ReadHtmlCache Behavior ::run [ RunTime:0.002295s ]
INFO: [ app_begin ] --END-- [ RunTime:0.002420s ]
SQL: SHOW COLUMNS FROM `hello_group` [ RunTime:0.006751s ]
SQL: SELECT * FROM `hello_group` WHERE ( (`name` LIKE '%0%') OR (`id` LIKE '%0%') ) LIMIT 7   [ RunTime:0.000797s ]

[ 2013-10-11T21:32:41+08:00 ] 127.0.0.1 /hello/index.php/Index/serchCircle
INFO: [ route_check ] --START--
INFO: CheckRoute Behavior ::run [ RunTime:0.002939s ]
INFO: [ route_check ] --END-- [ RunTime:0.003223s ]
INFO: [ app_begin ] --START--
INFO: ReadHtmlCache Behavior ::run [ RunTime:0.002358s ]
INFO: [ app_begin ] --END-- [ RunTime:0.002483s ]
SQL: SHOW COLUMNS FROM `hello_group` [ RunTime:0.008214s ]
SQL: SELECT * FROM `hello_group` WHERE ( (`name` LIKE '%0%') OR (`id` LIKE '%0%') ) LIMIT 7   [ RunTime:0.000761s ]

[ 2013-10-11T21:32:47+08:00 ] 127.0.0.1 /hello/index.php/Index/serchCircle
INFO: [ route_check ] --START--
INFO: CheckRoute Behavior ::run [ RunTime:0.003215s ]
INFO: [ route_check ] --END-- [ RunTime:0.003379s ]
INFO: [ app_begin ] --START--
INFO: ReadHtmlCache Behavior ::run [ RunTime:0.002863s ]
INFO: [ app_begin ] --END-- [ RunTime:0.003764s ]
SQL: SHOW COLUMNS FROM `hello_group` [ RunTime:0.007185s ]
SQL: SELECT * FROM `hello_group` WHERE ( (`name` LIKE '%1%') OR (`id` LIKE '%1%') ) LIMIT 7   [ RunTime:0.000813s ]

[ 2013-10-11T21:39:21+08:00 ] 127.0.0.1 /hello/index.php/Index/doJoinCircle
INFO: [ route_check ] --START--
INFO: CheckRoute Behavior ::run [ RunTime:0.002710s ]
INFO: [ route_check ] --END-- [ RunTime:0.002864s ]
INFO: [ app_begin ] --START--
INFO: ReadHtmlCache Behavior ::run [ RunTime:0.002349s ]
INFO: [ app_begin ] --END-- [ RunTime:0.002471s ]

[ 2013-10-11T21:39:37+08:00 ] 127.0.0.1 /hello/
INFO: [ app_begin ] --START--
INFO: ReadHtmlCache Behavior ::run [ RunTime:0.002021s ]
INFO: [ app_begin ] --END-- [ RunTime:0.002173s ]

[ 2013-10-11T21:42:48+08:00 ] 127.0.0.1 /hello/
INFO: [ app_begin ] --START--
INFO: ReadHtmlCache Behavior ::run [ RunTime:0.001717s ]
INFO: [ app_begin ] --END-- [ RunTime:0.001861s ]
SQL: SHOW COLUMNS FROM `hello_user` [ RunTime:0.005789s ]
SQL: SELECT * FROM `hello_user` WHERE ( `email` = '393867916@qq.com' ) LIMIT 1   [ RunTime:0.000775s ]
SQL: SHOW COLUMNS FROM `hello_friend` [ RunTime:0.005883s ]
SQL: SELECT `femail` FROM `hello_friend`  [ RunTime:0.000420s ]
NOTIC: [2] implode() [<a href='function.implode'>function.implode</a>]: Invalid arguments passed E:\wamp\www\hello\ThinkPHP\Lib\Core\Db.class.php 第 497 行.
SQL: SELECT * FROM `hello_user` WHERE ( `email` IN () )  [ RunTime:0.000407s ]
ERR: 1064:You have an error in your SQL syntax; check the manual that corresponds to your MySQL server version for the right syntax to use near ') )' at line 1
 [ SQL语句 ] : SELECT * FROM `hello_user` WHERE ( `email` IN () ) 
SQL: SHOW COLUMNS FROM `hello_group` [ RunTime:0.006330s ]
SQL: SHOW COLUMNS FROM `hello_grouprelationship` [ RunTime:0.005839s ]
SQL: SELECT * FROM `hello_group` ORDER BY id desc LIMIT 7   [ RunTime:0.000669s ]
SQL: SELECT * FROM `hello_grouprelationship` WHERE ( `circleid` = '0' ) AND ( `uemail` = '393867916@qq.com' ) LIMIT 1   [ RunTime:0.000548s ]
SQL: SELECT * FROM `hello_grouprelationship` WHERE ( `circleid` = '0' ) AND ( `uemail` = '393867916@qq.com' ) LIMIT 1   [ RunTime:0.000515s ]
SQL: SELECT * FROM `hello_grouprelationship` WHERE ( `circleid` = '0' ) AND ( `uemail` = '393867916@qq.com' ) LIMIT 1   [ RunTime:0.000519s ]
SQL: SELECT * FROM `hello_grouprelationship` WHERE ( `circleid` = '0' ) AND ( `uemail` = '393867916@qq.com' ) LIMIT 1   [ RunTime:0.000506s ]
SQL: SELECT * FROM `hello_grouprelationship` WHERE ( `circleid` = '0' ) AND ( `uemail` = '393867916@qq.com' ) LIMIT 1   [ RunTime:0.000507s ]
SQL: SELECT * FROM `hello_grouprelationship` WHERE ( `circleid` = '0' ) AND ( `uemail` = '393867916@qq.com' ) LIMIT 1   [ RunTime:0.000511s ]
SQL: SELECT * FROM `hello_grouprelationship` WHERE ( `circleid` = '0' ) AND ( `uemail` = '393867916@qq.com' ) LIMIT 1   [ RunTime:0.000572s ]
INFO: [ view_parse ] --START--
NOTIC: [8] Undefined variable: vo E:\wamp\www\hello\Runtime\Cache\b42df3d294fe8fb76fbe1db7ccd52452.php 第 511 行.
NOTIC: [8] Undefined variable: vo E:\wamp\www\hello\Runtime\Cache\b42df3d294fe8fb76fbe1db7ccd52452.php 第 511 行.
NOTIC: [8] Undefined variable: slide1 E:\wamp\www\hello\Runtime\Cache\b42df3d294fe8fb76fbe1db7ccd52452.php 第 562 行.
INFO: ParseTemplate Behavior ::run [ RunTime:0.033665s ]
INFO: [ view_parse ] --END-- [ RunTime:0.033829s ]
INFO: [ view_filter ] --START--
INFO: ContentReplace Behavior ::run [ RunTime:0.001596s ]
INFO: TokenBuild Behavior ::run [ RunTime:0.001391s ]
INFO: WriteHtmlCache Behavior ::run [ RunTime:0.001278s ]
INFO: ShowRuntime Behavior ::run [ RunTime:0.001950s ]
INFO: [ view_filter ] --END-- [ RunTime:0.006542s ]
INFO: [ view_end ] --START--
INFO: ShowPageTrace Behavior ::run [ RunTime:0.001880s ]
INFO: [ view_end ] --END-- [ RunTime:0.001989s ]

[ 2013-10-11T21:43:25+08:00 ] 127.0.0.1 /hello/index.php/Index/doCircle
INFO: [ route_check ] --START--
INFO: CheckRoute Behavior ::run [ RunTime:0.002318s ]
INFO: [ route_check ] --END-- [ RunTime:0.002485s ]
INFO: [ app_begin ] --START--
INFO: ReadHtmlCache Behavior ::run [ RunTime:0.001740s ]
INFO: [ app_begin ] --END-- [ RunTime:0.001869s ]
SQL: SHOW COLUMNS FROM `hello_group` [ RunTime:0.008144s ]
SQL: SELECT * FROM `hello_group` WHERE ( `name` = '第一个圈子' ) LIMIT 1   [ RunTime:0.000766s ]
SQL: INSERT INTO `hello_group` (`name`,`count`,`type`,`createuser`,`location`,`fcircle`) VALUES ('第一个圈子',1,0,'393867916@qq.com',null,0) [ RunTime:0.000582s ]
SQL: SHOW COLUMNS FROM `hello_grouprelationship` [ RunTime:0.008174s ]
SQL: INSERT INTO `hello_grouprelationship` (`circleid`,`uemail`,`time`,`isCreater`) VALUES (1,'393867916@qq.com',1381499005,'1') [ RunTime:0.000519s ]

[ 2013-10-11T21:46:03+08:00 ] 127.0.0.1 /hello/
INFO: [ app_begin ] --START--
INFO: ReadHtmlCache Behavior ::run [ RunTime:0.001921s ]
INFO: [ app_begin ] --END-- [ RunTime:0.002071s ]
SQL: SHOW COLUMNS FROM `hello_user` [ RunTime:0.006650s ]
SQL: SELECT * FROM `hello_user` WHERE ( `email` = '393867916@qq.com' ) LIMIT 1   [ RunTime:0.000730s ]
SQL: SHOW COLUMNS FROM `hello_friend` [ RunTime:0.006230s ]
SQL: SELECT `femail` FROM `hello_friend`  [ RunTime:0.000439s ]
NOTIC: [2] implode() [<a href='function.implode'>function.implode</a>]: Invalid arguments passed E:\wamp\www\hello\ThinkPHP\Lib\Core\Db.class.php 第 497 行.
SQL: SELECT * FROM `hello_user` WHERE ( `email` IN () )  [ RunTime:0.000384s ]
ERR: 1064:You have an error in your SQL syntax; check the manual that corresponds to your MySQL server version for the right syntax to use near ') )' at line 1
 [ SQL语句 ] : SELECT * FROM `hello_user` WHERE ( `email` IN () ) 
SQL: SHOW COLUMNS FROM `hello_group` [ RunTime:0.006799s ]
SQL: SHOW COLUMNS FROM `hello_grouprelationship` [ RunTime:0.006920s ]
SQL: SELECT * FROM `hello_group` ORDER BY id desc LIMIT 7   [ RunTime:0.000697s ]
SQL: SELECT * FROM `hello_grouprelationship` WHERE ( `circleid` = '0' ) AND ( `uemail` = '393867916@qq.com' ) LIMIT 1   [ RunTime:0.000600s ]
INFO: [ view_parse ] --START--
NOTIC: [8] Undefined variable: vo E:\wamp\www\hello\Runtime\Cache\b42df3d294fe8fb76fbe1db7ccd52452.php 第 511 行.
NOTIC: [8] Undefined variable: vo E:\wamp\www\hello\Runtime\Cache\b42df3d294fe8fb76fbe1db7ccd52452.php 第 511 行.
NOTIC: [8] Undefined variable: slide1 E:\wamp\www\hello\Runtime\Cache\b42df3d294fe8fb76fbe1db7ccd52452.php 第 562 行.
INFO: ParseTemplate Behavior ::run [ RunTime:0.037840s ]
INFO: [ view_parse ] --END-- [ RunTime:0.037999s ]
INFO: [ view_filter ] --START--
INFO: ContentReplace Behavior ::run [ RunTime:0.001997s ]
INFO: TokenBuild Behavior ::run [ RunTime:0.001713s ]
INFO: WriteHtmlCache Behavior ::run [ RunTime:0.001517s ]
INFO: ShowRuntime Behavior ::run [ RunTime:0.002096s ]
INFO: [ view_filter ] --END-- [ RunTime:0.007754s ]
INFO: [ view_end ] --START--
INFO: ShowPageTrace Behavior ::run [ RunTime:0.001944s ]
INFO: [ view_end ] --END-- [ RunTime:0.002060s ]

[ 2013-10-11T21:50:16+08:00 ] 127.0.0.1 /hello/index.php/Index/doJoinCircle
INFO: [ route_check ] --START--
INFO: CheckRoute Behavior ::run [ RunTime:0.002571s ]
INFO: [ route_check ] --END-- [ RunTime:0.002747s ]
INFO: [ app_begin ] --START--
INFO: ReadHtmlCache Behavior ::run [ RunTime:0.001544s ]
INFO: [ app_begin ] --END-- [ RunTime:0.001659s ]
SQL: SHOW COLUMNS FROM `hello_grouprelationship` [ RunTime:0.006230s ]
SQL: SELECT * FROM `hello_grouprelationship` WHERE ( `circleid` = '0' ) AND ( `uemail` = '393867916@qq.com' ) LIMIT 1   [ RunTime:0.000840s ]
SQL: INSERT INTO `hello_grouprelationship` (`circleid`,`uemail`,`time`) VALUES ('0','393867916@qq.com','1381499416') [ RunTime:0.017618s ]

[ 2013-10-11T21:52:20+08:00 ] 127.0.0.1 /hello/
INFO: [ app_begin ] --START--
INFO: ReadHtmlCache Behavior ::run [ RunTime:0.003005s ]
INFO: [ app_begin ] --END-- [ RunTime:0.003160s ]
SQL: SHOW COLUMNS FROM `hello_user` [ RunTime:0.006592s ]
SQL: SELECT * FROM `hello_user` WHERE ( `email` = '393867916@qq.com' ) LIMIT 1   [ RunTime:0.000828s ]
SQL: SHOW COLUMNS FROM `hello_friend` [ RunTime:0.006088s ]
SQL: SELECT `femail` FROM `hello_friend`  [ RunTime:0.000480s ]
NOTIC: [2] implode() [<a href='function.implode'>function.implode</a>]: Invalid arguments passed E:\wamp\www\hello\ThinkPHP\Lib\Core\Db.class.php 第 497 行.
SQL: SELECT * FROM `hello_user` WHERE ( `email` IN () )  [ RunTime:0.000366s ]
ERR: 1064:You have an error in your SQL syntax; check the manual that corresponds to your MySQL server version for the right syntax to use near ') )' at line 1
 [ SQL语句 ] : SELECT * FROM `hello_user` WHERE ( `email` IN () ) 
SQL: SHOW COLUMNS FROM `hello_group` [ RunTime:0.006464s ]
SQL: SHOW COLUMNS FROM `hello_grouprelationship` [ RunTime:0.006131s ]
SQL: SELECT * FROM `hello_group` ORDER BY id desc LIMIT 7   [ RunTime:0.000833s ]
SQL: SELECT * FROM `hello_grouprelationship` WHERE ( `circleid` = '0' ) AND ( `uemail` = '393867916@qq.com' ) LIMIT 1   [ RunTime:0.000592s ]
INFO: [ view_parse ] --START--
NOTIC: [8] Undefined variable: vo E:\wamp\www\hello\Runtime\Cache\b42df3d294fe8fb76fbe1db7ccd52452.php 第 511 行.
NOTIC: [8] Undefined variable: vo E:\wamp\www\hello\Runtime\Cache\b42df3d294fe8fb76fbe1db7ccd52452.php 第 511 行.
NOTIC: [8] Undefined variable: slide1 E:\wamp\www\hello\Runtime\Cache\b42df3d294fe8fb76fbe1db7ccd52452.php 第 562 行.
INFO: ParseTemplate Behavior ::run [ RunTime:0.054787s ]
INFO: [ view_parse ] --END-- [ RunTime:0.054924s ]
INFO: [ view_filter ] --START--
INFO: ContentReplace Behavior ::run [ RunTime:0.002641s ]
INFO: TokenBuild Behavior ::run [ RunTime:0.002516s ]
INFO: WriteHtmlCache Behavior ::run [ RunTime:0.002266s ]
INFO: ShowRuntime Behavior ::run [ RunTime:0.003076s ]
INFO: [ view_filter ] --END-- [ RunTime:0.010867s ]
INFO: [ view_end ] --START--
INFO: ShowPageTrace Behavior ::run [ RunTime:0.003005s ]
INFO: [ view_end ] --END-- [ RunTime:0.003129s ]

[ 2013-10-11T21:54:05+08:00 ] 127.0.0.1 /hello/index.php/Index/doCircle
INFO: [ route_check ] --START--
INFO: CheckRoute Behavior ::run [ RunTime:0.002499s ]
INFO: [ route_check ] --END-- [ RunTime:0.002653s ]
INFO: [ app_begin ] --START--
INFO: ReadHtmlCache Behavior ::run [ RunTime:0.001674s ]
INFO: [ app_begin ] --END-- [ RunTime:0.001787s ]
SQL: SHOW COLUMNS FROM `hello_group` [ RunTime:0.007316s ]
SQL: SELECT * FROM `hello_group` WHERE ( `name` = '创建' ) LIMIT 1   [ RunTime:0.001078s ]
SQL: INSERT INTO `hello_group` (`name`,`count`,`type`,`createuser`,`location`,`fcircle`) VALUES ('创建',1,0,'393867916@qq.com',null,0) [ RunTime:0.000623s ]
SQL: SHOW COLUMNS FROM `hello_grouprelationship` [ RunTime:0.006736s ]
SQL: INSERT INTO `hello_grouprelationship` (`circleid`,`uemail`,`time`,`isCreater`) VALUES (1,'393867916@qq.com',1381499645,'1') [ RunTime:0.000735s ]

[ 2013-10-11T21:54:53+08:00 ] 127.0.0.1 /hello/index.php/Index/doCircle
INFO: [ route_check ] --START--
INFO: CheckRoute Behavior ::run [ RunTime:0.002296s ]
INFO: [ route_check ] --END-- [ RunTime:0.002452s ]
INFO: [ app_begin ] --START--
INFO: ReadHtmlCache Behavior ::run [ RunTime:0.001726s ]
INFO: [ app_begin ] --END-- [ RunTime:0.001839s ]
SQL: SHOW COLUMNS FROM `hello_group` [ RunTime:0.006359s ]
SQL: SELECT * FROM `hello_group` WHERE ( `name` = '创建第二个' ) LIMIT 1   [ RunTime:0.000797s ]
SQL: INSERT INTO `hello_group` (`name`,`count`,`type`,`createuser`,`location`,`fcircle`) VALUES ('创建第二个',1,0,'393867916@qq.com',null,0) [ RunTime:0.000560s ]
SQL: SHOW COLUMNS FROM `hello_grouprelationship` [ RunTime:0.005858s ]
SQL: INSERT INTO `hello_grouprelationship` (`circleid`,`uemail`,`time`,`isCreater`) VALUES (1,'393867916@qq.com',1381499693,'1') [ RunTime:0.000638s ]

[ 2013-10-11T22:00:05+08:00 ] 127.0.0.1 /hello/
INFO: [ app_begin ] --START--
INFO: ReadHtmlCache Behavior ::run [ RunTime:0.002129s ]
INFO: [ app_begin ] --END-- [ RunTime:0.002274s ]
SQL: SHOW COLUMNS FROM `hello_user` [ RunTime:0.005812s ]
SQL: SELECT * FROM `hello_user` WHERE ( `email` = '393867916@qq.com' ) LIMIT 1   [ RunTime:0.001642s ]
SQL: SHOW COLUMNS FROM `hello_friend` [ RunTime:0.005697s ]
SQL: SELECT `femail` FROM `hello_friend`  [ RunTime:0.000413s ]
NOTIC: [2] implode() [<a href='function.implode'>function.implode</a>]: Invalid arguments passed E:\wamp\www\hello\ThinkPHP\Lib\Core\Db.class.php 第 497 行.
SQL: SELECT * FROM `hello_user` WHERE ( `email` IN () )  [ RunTime:0.000625s ]
ERR: 1064:You have an error in your SQL syntax; check the manual that corresponds to your MySQL server version for the right syntax to use near ') )' at line 1
 [ SQL语句 ] : SELECT * FROM `hello_user` WHERE ( `email` IN () ) 
SQL: SHOW COLUMNS FROM `hello_group` [ RunTime:0.005776s ]
SQL: SHOW COLUMNS FROM `hello_grouprelationship` [ RunTime:0.005524s ]
SQL: SELECT * FROM `hello_group` ORDER BY id desc LIMIT 7   [ RunTime:0.000571s ]
NOTIC: [2] Invalid argument supplied for foreach() E:\wamp\www\hello\Lib\Action\IndexAction.class.php 第 36 行.
INFO: [ view_parse ] --START--
NOTIC: [8] Undefined variable: vo E:\wamp\www\hello\Runtime\Cache\b42df3d294fe8fb76fbe1db7ccd52452.php 第 511 行.
NOTIC: [8] Undefined variable: vo E:\wamp\www\hello\Runtime\Cache\b42df3d294fe8fb76fbe1db7ccd52452.php 第 511 行.
NOTIC: [8] Undefined variable: slide1 E:\wamp\www\hello\Runtime\Cache\b42df3d294fe8fb76fbe1db7ccd52452.php 第 562 行.
INFO: ParseTemplate Behavior ::run [ RunTime:0.034639s ]
INFO: [ view_parse ] --END-- [ RunTime:0.034764s ]
INFO: [ view_filter ] --START--
INFO: ContentReplace Behavior ::run [ RunTime:0.001864s ]
INFO: TokenBuild Behavior ::run [ RunTime:0.001698s ]
INFO: WriteHtmlCache Behavior ::run [ RunTime:0.001499s ]
INFO: ShowRuntime Behavior ::run [ RunTime:0.001966s ]
INFO: [ view_filter ] --END-- [ RunTime:0.007396s ]
INFO: [ view_end ] --START--
INFO: ShowPageTrace Behavior ::run [ RunTime:0.002375s ]
INFO: [ view_end ] --END-- [ RunTime:0.002490s ]

[ 2013-10-11T22:00:45+08:00 ] 127.0.0.1 /hello/index.php/Index/doCircle
INFO: [ route_check ] --START--
INFO: CheckRoute Behavior ::run [ RunTime:0.002537s ]
INFO: [ route_check ] --END-- [ RunTime:0.002687s ]
INFO: [ app_begin ] --START--
INFO: ReadHtmlCache Behavior ::run [ RunTime:0.001571s ]
INFO: [ app_begin ] --END-- [ RunTime:0.001680s ]
SQL: SHOW COLUMNS FROM `hello_group` [ RunTime:0.006019s ]
SQL: SELECT * FROM `hello_group` WHERE ( `name` = '创建圈子' ) LIMIT 1   [ RunTime:0.000586s ]
SQL: INSERT INTO `hello_group` (`name`,`count`,`type`,`createuser`,`location`,`fcircle`) VALUES ('创建圈子',1,0,'393867916@qq.com',null,0) [ RunTime:0.000543s ]
SQL: SHOW COLUMNS FROM `hello_grouprelationship` [ RunTime:0.006206s ]
SQL: INSERT INTO `hello_grouprelationship` (`circleid`,`uemail`,`time`,`isCreater`) VALUES (3,'393867916@qq.com',1381500045,'1') [ RunTime:0.000627s ]

[ 2013-10-11T22:01:04+08:00 ] 127.0.0.1 /hello/
INFO: [ app_begin ] --START--
INFO: ReadHtmlCache Behavior ::run [ RunTime:0.001231s ]
INFO: [ app_begin ] --END-- [ RunTime:0.001370s ]
SQL: SHOW COLUMNS FROM `hello_user` [ RunTime:0.005910s ]
SQL: SELECT * FROM `hello_user` WHERE ( `email` = '393867916@qq.com' ) LIMIT 1   [ RunTime:0.000663s ]
SQL: SHOW COLUMNS FROM `hello_friend` [ RunTime:0.005226s ]
SQL: SELECT `femail` FROM `hello_friend`  [ RunTime:0.000371s ]
NOTIC: [2] implode() [<a href='function.implode'>function.implode</a>]: Invalid arguments passed E:\wamp\www\hello\ThinkPHP\Lib\Core\Db.class.php 第 497 行.
SQL: SELECT * FROM `hello_user` WHERE ( `email` IN () )  [ RunTime:0.000292s ]
ERR: 1064:You have an error in your SQL syntax; check the manual that corresponds to your MySQL server version for the right syntax to use near ') )' at line 1
 [ SQL语句 ] : SELECT * FROM `hello_user` WHERE ( `email` IN () ) 
SQL: SHOW COLUMNS FROM `hello_group` [ RunTime:0.005807s ]
SQL: SHOW COLUMNS FROM `hello_grouprelationship` [ RunTime:0.005289s ]
SQL: SELECT * FROM `hello_group` ORDER BY id desc LIMIT 7   [ RunTime:0.000589s ]
SQL: SELECT * FROM `hello_grouprelationship` WHERE ( `circleid` = '3' ) AND ( `uemail` = '393867916@qq.com' ) LIMIT 1   [ RunTime:0.000615s ]
INFO: [ view_parse ] --START--
NOTIC: [8] Undefined variable: vo E:\wamp\www\hello\Runtime\Cache\b42df3d294fe8fb76fbe1db7ccd52452.php 第 511 行.
NOTIC: [8] Undefined variable: vo E:\wamp\www\hello\Runtime\Cache\b42df3d294fe8fb76fbe1db7ccd52452.php 第 511 行.
NOTIC: [8] Undefined variable: slide1 E:\wamp\www\hello\Runtime\Cache\b42df3d294fe8fb76fbe1db7ccd52452.php 第 562 行.
INFO: ParseTemplate Behavior ::run [ RunTime:0.034181s ]
INFO: [ view_parse ] --END-- [ RunTime:0.034315s ]
INFO: [ view_filter ] --START--
INFO: ContentReplace Behavior ::run [ RunTime:0.001561s ]
INFO: TokenBuild Behavior ::run [ RunTime:0.001378s ]
INFO: WriteHtmlCache Behavior ::run [ RunTime:0.001103s ]
INFO: ShowRuntime Behavior ::run [ RunTime:0.001478s ]
INFO: [ view_filter ] --END-- [ RunTime:0.005804s ]
INFO: [ view_end ] --START--
INFO: ShowPageTrace Behavior ::run [ RunTime:0.001683s ]
INFO: [ view_end ] --END-- [ RunTime:0.001800s ]

[ 2013-10-11T22:01:39+08:00 ] 127.0.0.1 /hello/index.php/Index/serchCircle
INFO: [ route_check ] --START--
INFO: CheckRoute Behavior ::run [ RunTime:0.002630s ]
INFO: [ route_check ] --END-- [ RunTime:0.002783s ]
INFO: [ app_begin ] --START--
INFO: ReadHtmlCache Behavior ::run [ RunTime:0.002404s ]
INFO: [ app_begin ] --END-- [ RunTime:0.002523s ]
SQL: SHOW COLUMNS FROM `hello_group` [ RunTime:0.006538s ]
SQL: SELECT * FROM `hello_group` WHERE ( (`name` LIKE '%创建%') OR (`id` LIKE '%创建%') ) LIMIT 7   [ RunTime:0.000706s ]

[ 2013-10-11T22:06:08+08:00 ] 127.0.0.1 /hello/
INFO: [ app_begin ] --START--
INFO: ReadHtmlCache Behavior ::run [ RunTime:0.002237s ]
INFO: [ app_begin ] --END-- [ RunTime:0.002427s ]
SQL: SHOW COLUMNS FROM `hello_user` [ RunTime:0.006187s ]
SQL: SELECT * FROM `hello_user` WHERE ( `email` = '393867916@qq.com' ) LIMIT 1   [ RunTime:0.000642s ]
SQL: SHOW COLUMNS FROM `hello_friend` [ RunTime:0.005594s ]
SQL: SELECT `femail` FROM `hello_friend`  [ RunTime:0.000425s ]
NOTIC: [2] implode() [<a href='function.implode'>function.implode</a>]: Invalid arguments passed E:\wamp\www\hello\ThinkPHP\Lib\Core\Db.class.php 第 497 行.
SQL: SELECT * FROM `hello_user` WHERE ( `email` IN () )  [ RunTime:0.000297s ]
ERR: 1064:You have an error in your SQL syntax; check the manual that corresponds to your MySQL server version for the right syntax to use near ') )' at line 1
 [ SQL语句 ] : SELECT * FROM `hello_user` WHERE ( `email` IN () ) 
SQL: SHOW COLUMNS FROM `hello_group` [ RunTime:0.006133s ]
SQL: SHOW COLUMNS FROM `hello_grouprelationship` [ RunTime:0.005846s ]
SQL: SELECT * FROM `hello_group` ORDER BY id desc LIMIT 7   [ RunTime:0.000564s ]
SQL: SELECT * FROM `hello_grouprelationship` WHERE ( `circleid` = '3' ) AND ( `uemail` = '393867916@qq.com' ) LIMIT 1   [ RunTime:0.000512s ]
INFO: [ view_parse ] --START--
NOTIC: [8] Use of undefined constant content - assumed 'content' E:\wamp\www\hello\Runtime\Cache\b42df3d294fe8fb76fbe1db7ccd52452.php 第 511 行.
NOTIC: [8] Use of undefined constant isJo - assumed 'isJo' E:\wamp\www\hello\Runtime\Cache\b42df3d294fe8fb76fbe1db7ccd52452.php 第 511 行.
NOTIC: [8] Undefined variable: vo E:\wamp\www\hello\Runtime\Cache\b42df3d294fe8fb76fbe1db7ccd52452.php 第 511 行.
NOTIC: [8] Undefined variable: slide1 E:\wamp\www\hello\Runtime\Cache\b42df3d294fe8fb76fbe1db7ccd52452.php 第 562 行.
INFO: ParseTemplate Behavior ::run [ RunTime:0.035630s ]
INFO: [ view_parse ] --END-- [ RunTime:0.035759s ]
INFO: [ view_filter ] --START--
INFO: ContentReplace Behavior ::run [ RunTime:0.001940s ]
INFO: TokenBuild Behavior ::run [ RunTime:0.001704s ]
INFO: WriteHtmlCache Behavior ::run [ RunTime:0.001517s ]
INFO: ShowRuntime Behavior ::run [ RunTime:0.001965s ]
INFO: [ view_filter ] --END-- [ RunTime:0.007471s ]
INFO: [ view_end ] --START--
INFO: ShowPageTrace Behavior ::run [ RunTime:0.002169s ]
INFO: [ view_end ] --END-- [ RunTime:0.002297s ]

[ 2013-10-11T22:06:16+08:00 ] 127.0.0.1 /hello/index.php/Index/serchCircle
INFO: [ route_check ] --START--
INFO: CheckRoute Behavior ::run [ RunTime:0.002988s ]
INFO: [ route_check ] --END-- [ RunTime:0.003149s ]
INFO: [ app_begin ] --START--
INFO: ReadHtmlCache Behavior ::run [ RunTime:0.002173s ]
INFO: [ app_begin ] --END-- [ RunTime:0.002289s ]
SQL: SHOW COLUMNS FROM `hello_group` [ RunTime:0.006270s ]
SQL: SELECT * FROM `hello_group` WHERE ( (`name` LIKE '%创建%') OR (`id` LIKE '%创建%') ) LIMIT 7   [ RunTime:0.000737s ]

[ 2013-10-11T22:07:53+08:00 ] 127.0.0.1 /hello/
INFO: [ app_begin ] --START--
INFO: ReadHtmlCache Behavior ::run [ RunTime:0.002353s ]
INFO: [ app_begin ] --END-- [ RunTime:0.002494s ]
SQL: SHOW COLUMNS FROM `hello_user` [ RunTime:0.005871s ]
SQL: SELECT * FROM `hello_user` WHERE ( `email` = '393867916@qq.com' ) LIMIT 1   [ RunTime:0.000722s ]
SQL: SHOW COLUMNS FROM `hello_friend` [ RunTime:0.005370s ]
SQL: SELECT `femail` FROM `hello_friend`  [ RunTime:0.000557s ]
NOTIC: [2] implode() [<a href='function.implode'>function.implode</a>]: Invalid arguments passed E:\wamp\www\hello\ThinkPHP\Lib\Core\Db.class.php 第 497 行.
SQL: SELECT * FROM `hello_user` WHERE ( `email` IN () )  [ RunTime:0.000349s ]
ERR: 1064:You have an error in your SQL syntax; check the manual that corresponds to your MySQL server version for the right syntax to use near ') )' at line 1
 [ SQL语句 ] : SELECT * FROM `hello_user` WHERE ( `email` IN () ) 
SQL: SHOW COLUMNS FROM `hello_group` [ RunTime:0.005522s ]
SQL: SHOW COLUMNS FROM `hello_grouprelationship` [ RunTime:0.005489s ]
SQL: SELECT * FROM `hello_group` ORDER BY id desc LIMIT 7   [ RunTime:0.000559s ]
SQL: SELECT * FROM `hello_grouprelationship` WHERE ( `circleid` = '3' ) AND ( `uemail` = '393867916@qq.com' ) LIMIT 1   [ RunTime:0.000572s ]
INFO: [ view_parse ] --START--
NOTIC: [8] Use of undefined constant content - assumed 'content' E:\wamp\www\hello\Runtime\Cache\b42df3d294fe8fb76fbe1db7ccd52452.php 第 511 行.
NOTIC: [8] Use of undefined constant isJo - assumed 'isJo' E:\wamp\www\hello\Runtime\Cache\b42df3d294fe8fb76fbe1db7ccd52452.php 第 511 行.
NOTIC: [8] Undefined variable: vo E:\wamp\www\hello\Runtime\Cache\b42df3d294fe8fb76fbe1db7ccd52452.php 第 511 行.
NOTIC: [8] Undefined variable: slide1 E:\wamp\www\hello\Runtime\Cache\b42df3d294fe8fb76fbe1db7ccd52452.php 第 562 行.
INFO: ParseTemplate Behavior ::run [ RunTime:0.033709s ]
INFO: [ view_parse ] --END-- [ RunTime:0.033832s ]
INFO: [ view_filter ] --START--
INFO: ContentReplace Behavior ::run [ RunTime:0.001607s ]
INFO: TokenBuild Behavior ::run [ RunTime:0.001326s ]
INFO: WriteHtmlCache Behavior ::run [ RunTime:0.001097s ]
INFO: ShowRuntime Behavior ::run [ RunTime:0.001478s ]
INFO: [ view_filter ] --END-- [ RunTime:0.005848s ]
INFO: [ view_end ] --START--
INFO: ShowPageTrace Behavior ::run [ RunTime:0.001689s ]
INFO: [ view_end ] --END-- [ RunTime:0.001791s ]

[ 2013-10-11T22:08:04+08:00 ] 127.0.0.1 /hello/index.php/Index/serchCircle
INFO: [ route_check ] --START--
INFO: CheckRoute Behavior ::run [ RunTime:0.002492s ]
INFO: [ route_check ] --END-- [ RunTime:0.002647s ]
INFO: [ app_begin ] --START--
INFO: ReadHtmlCache Behavior ::run [ RunTime:0.001827s ]
INFO: [ app_begin ] --END-- [ RunTime:0.001944s ]
SQL: SHOW COLUMNS FROM `hello_group` [ RunTime:0.006018s ]
SQL: SELECT * FROM `hello_group` WHERE ( (`name` LIKE '%创建圈子%') OR (`id` LIKE '%创建圈子%') ) LIMIT 7   [ RunTime:0.000724s ]
NOTIC: [8] Undefined variable: uEmail E:\wamp\www\hello\Lib\Action\IndexAction.class.php 第 107 行.
NOTIC: [8] Undefined variable: grModel E:\wamp\www\hello\Lib\Action\IndexAction.class.php 第 108 行.

[ 2013-10-11T22:09:57+08:00 ] 127.0.0.1 /hello/
INFO: [ app_begin ] --START--
INFO: ReadHtmlCache Behavior ::run [ RunTime:0.001766s ]
INFO: [ app_begin ] --END-- [ RunTime:0.001917s ]
SQL: SHOW COLUMNS FROM `hello_user` [ RunTime:0.129646s ]
SQL: SELECT * FROM `hello_user` WHERE ( `email` = '393867916@qq.com' ) LIMIT 1   [ RunTime:0.000705s ]
SQL: SHOW COLUMNS FROM `hello_friend` [ RunTime:0.005841s ]
SQL: SELECT `femail` FROM `hello_friend`  [ RunTime:0.000466s ]
NOTIC: [2] implode() [<a href='function.implode'>function.implode</a>]: Invalid arguments passed E:\wamp\www\hello\ThinkPHP\Lib\Core\Db.class.php 第 497 行.
SQL: SELECT * FROM `hello_user` WHERE ( `email` IN () )  [ RunTime:0.000396s ]
ERR: 1064:You have an error in your SQL syntax; check the manual that corresponds to your MySQL server version for the right syntax to use near ') )' at line 1
 [ SQL语句 ] : SELECT * FROM `hello_user` WHERE ( `email` IN () ) 
SQL: SHOW COLUMNS FROM `hello_group` [ RunTime:0.008011s ]
SQL: SHOW COLUMNS FROM `hello_grouprelationship` [ RunTime:0.006772s ]
SQL: SELECT * FROM `hello_group` ORDER BY id desc LIMIT 7   [ RunTime:0.000796s ]
SQL: SELECT * FROM `hello_grouprelationship` WHERE ( `circleid` = '3' ) AND ( `uemail` = '393867916@qq.com' ) LIMIT 1   [ RunTime:0.000652s ]
INFO: [ view_parse ] --START--
NOTIC: [8] Use of undefined constant content - assumed 'content' E:\wamp\www\hello\Runtime\Cache\b42df3d294fe8fb76fbe1db7ccd52452.php 第 511 行.
NOTIC: [8] Use of undefined constant isJo - assumed 'isJo' E:\wamp\www\hello\Runtime\Cache\b42df3d294fe8fb76fbe1db7ccd52452.php 第 511 行.
NOTIC: [8] Undefined variable: vo E:\wamp\www\hello\Runtime\Cache\b42df3d294fe8fb76fbe1db7ccd52452.php 第 511 行.
NOTIC: [8] Undefined variable: slide1 E:\wamp\www\hello\Runtime\Cache\b42df3d294fe8fb76fbe1db7ccd52452.php 第 562 行.
INFO: ParseTemplate Behavior ::run [ RunTime:0.039709s ]
INFO: [ view_parse ] --END-- [ RunTime:0.039857s ]
INFO: [ view_filter ] --START--
INFO: ContentReplace Behavior ::run [ RunTime:0.003164s ]
INFO: TokenBuild Behavior ::run [ RunTime:0.001636s ]
INFO: WriteHtmlCache Behavior ::run [ RunTime:0.001560s ]
INFO: ShowRuntime Behavior ::run [ RunTime:0.002010s ]
INFO: [ view_filter ] --END-- [ RunTime:0.008848s ]
INFO: [ view_end ] --START--
INFO: ShowPageTrace Behavior ::run [ RunTime:0.002313s ]
INFO: [ view_end ] --END-- [ RunTime:0.002452s ]

[ 2013-10-11T22:10:04+08:00 ] 127.0.0.1 /hello/index.php/Index/serchCircle
INFO: [ route_check ] --START--
INFO: CheckRoute Behavior ::run [ RunTime:0.002550s ]
INFO: [ route_check ] --END-- [ RunTime:0.002702s ]
INFO: [ app_begin ] --START--
INFO: ReadHtmlCache Behavior ::run [ RunTime:0.001535s ]
INFO: [ app_begin ] --END-- [ RunTime:0.001644s ]
SQL: SHOW COLUMNS FROM `hello_group` [ RunTime:0.006408s ]
SQL: SELECT * FROM `hello_group` WHERE ( (`name` LIKE '%创建%') OR (`id` LIKE '%创建%') ) LIMIT 7   [ RunTime:0.000763s ]
NOTIC: [8] Undefined variable: grModel E:\wamp\www\hello\Lib\Action\IndexAction.class.php 第 109 行.

[ 2013-10-11T22:10:43+08:00 ] 127.0.0.1 /hello/
INFO: [ app_begin ] --START--
INFO: ReadHtmlCache Behavior ::run [ RunTime:0.001237s ]
INFO: [ app_begin ] --END-- [ RunTime:0.001377s ]
SQL: SHOW COLUMNS FROM `hello_user` [ RunTime:0.006433s ]
SQL: SELECT * FROM `hello_user` WHERE ( `email` = '393867916@qq.com' ) LIMIT 1   [ RunTime:0.000795s ]
SQL: SHOW COLUMNS FROM `hello_friend` [ RunTime:0.006352s ]
SQL: SELECT `femail` FROM `hello_friend`  [ RunTime:0.000370s ]
NOTIC: [2] implode() [<a href='function.implode'>function.implode</a>]: Invalid arguments passed E:\wamp\www\hello\ThinkPHP\Lib\Core\Db.class.php 第 497 行.
SQL: SELECT * FROM `hello_user` WHERE ( `email` IN () )  [ RunTime:0.000300s ]
ERR: 1064:You have an error in your SQL syntax; check the manual that corresponds to your MySQL server version for the right syntax to use near ') )' at line 1
 [ SQL语句 ] : SELECT * FROM `hello_user` WHERE ( `email` IN () ) 
SQL: SHOW COLUMNS FROM `hello_group` [ RunTime:0.006222s ]
SQL: SHOW COLUMNS FROM `hello_grouprelationship` [ RunTime:0.005748s ]
SQL: SELECT * FROM `hello_group` ORDER BY id desc LIMIT 7   [ RunTime:0.000562s ]
SQL: SELECT * FROM `hello_grouprelationship` WHERE ( `circleid` = '3' ) AND ( `uemail` = '393867916@qq.com' ) LIMIT 1   [ RunTime:0.000561s ]
INFO: [ view_parse ] --START--
NOTIC: [8] Use of undefined constant content - assumed 'content' E:\wamp\www\hello\Runtime\Cache\b42df3d294fe8fb76fbe1db7ccd52452.php 第 511 行.
NOTIC: [8] Use of undefined constant isJo - assumed 'isJo' E:\wamp\www\hello\Runtime\Cache\b42df3d294fe8fb76fbe1db7ccd52452.php 第 511 行.
NOTIC: [8] Undefined variable: vo E:\wamp\www\hello\Runtime\Cache\b42df3d294fe8fb76fbe1db7ccd52452.php 第 511 行.
NOTIC: [8] Undefined variable: slide1 E:\wamp\www\hello\Runtime\Cache\b42df3d294fe8fb76fbe1db7ccd52452.php 第 562 行.
INFO: ParseTemplate Behavior ::run [ RunTime:0.035793s ]
INFO: [ view_parse ] --END-- [ RunTime:0.035945s ]
INFO: [ view_filter ] --START--
INFO: ContentReplace Behavior ::run [ RunTime:0.001478s ]
INFO: TokenBuild Behavior ::run [ RunTime:0.001480s ]
INFO: WriteHtmlCache Behavior ::run [ RunTime:0.001125s ]
INFO: ShowRuntime Behavior ::run [ RunTime:0.001442s ]
INFO: [ view_filter ] --END-- [ RunTime:0.006046s ]
INFO: [ view_end ] --START--
INFO: ShowPageTrace Behavior ::run [ RunTime:0.002376s ]
INFO: [ view_end ] --END-- [ RunTime:0.002489s ]

[ 2013-10-11T22:10:48+08:00 ] 127.0.0.1 /hello/index.php/Index/serchCircle
INFO: [ route_check ] --START--
INFO: CheckRoute Behavior ::run [ RunTime:0.002195s ]
INFO: [ route_check ] --END-- [ RunTime:0.002349s ]
INFO: [ app_begin ] --START--
INFO: ReadHtmlCache Behavior ::run [ RunTime:0.001846s ]
INFO: [ app_begin ] --END-- [ RunTime:0.001962s ]
SQL: SHOW COLUMNS FROM `hello_group` [ RunTime:0.006438s ]
SQL: SELECT * FROM `hello_group` WHERE ( (`name` LIKE '%创建%') OR (`id` LIKE '%创建%') ) LIMIT 7   [ RunTime:0.000749s ]
NOTIC: [8] Use of undefined constant grouprelationship - assumed 'grouprelationship' E:\wamp\www\hello\Lib\Action\IndexAction.class.php 第 105 行.
SQL: SHOW COLUMNS FROM `hello_grouprelationship` [ RunTime:0.006045s ]
SQL: SELECT * FROM `hello_grouprelationship` WHERE ( `circleid` = '3' ) AND ( `uemail` = '393867916@qq.com' ) LIMIT 1   [ RunTime:0.000965s ]

[ 2013-10-11T22:12:24+08:00 ] 127.0.0.1 /hello/index.php/Index/serchCircle
INFO: [ route_check ] --START--
INFO: CheckRoute Behavior ::run [ RunTime:0.002847s ]
INFO: [ route_check ] --END-- [ RunTime:0.003015s ]
INFO: [ app_begin ] --START--
INFO: ReadHtmlCache Behavior ::run [ RunTime:0.001535s ]
INFO: [ app_begin ] --END-- [ RunTime:0.001651s ]
SQL: SHOW COLUMNS FROM `hello_group` [ RunTime:0.007098s ]
SQL: SELECT * FROM `hello_group` WHERE ( (`name` LIKE '%创建%') OR (`id` LIKE '%创建%') ) LIMIT 7   [ RunTime:0.000819s ]
NOTIC: [2] Invalid argument supplied for foreach() E:\wamp\www\hello\Lib\Action\IndexAction.class.php 第 104 行.

[ 2013-10-11T22:14:13+08:00 ] 127.0.0.1 /hello/
INFO: [ app_begin ] --START--
INFO: ReadHtmlCache Behavior ::run [ RunTime:0.001458s ]
INFO: [ app_begin ] --END-- [ RunTime:0.001684s ]
SQL: SHOW COLUMNS FROM `hello_user` [ RunTime:0.006447s ]
SQL: SELECT * FROM `hello_user` WHERE ( `email` = '393867916@qq.com' ) LIMIT 1   [ RunTime:0.000781s ]
SQL: SHOW COLUMNS FROM `hello_friend` [ RunTime:0.006305s ]
SQL: SELECT `femail` FROM `hello_friend`  [ RunTime:0.000457s ]
NOTIC: [2] implode() [<a href='function.implode'>function.implode</a>]: Invalid arguments passed E:\wamp\www\hello\ThinkPHP\Lib\Core\Db.class.php 第 497 行.
SQL: SELECT * FROM `hello_user` WHERE ( `email` IN () )  [ RunTime:0.000357s ]
ERR: 1064:You have an error in your SQL syntax; check the manual that corresponds to your MySQL server version for the right syntax to use near ') )' at line 1
 [ SQL语句 ] : SELECT * FROM `hello_user` WHERE ( `email` IN () ) 
SQL: SHOW COLUMNS FROM `hello_group` [ RunTime:0.006304s ]
SQL: SHOW COLUMNS FROM `hello_grouprelationship` [ RunTime:0.006019s ]
SQL: SELECT * FROM `hello_group` ORDER BY id desc LIMIT 7   [ RunTime:0.000599s ]
NOTIC: [2] Invalid argument supplied for foreach() E:\wamp\www\hello\Lib\Action\IndexAction.class.php 第 36 行.
INFO: [ view_parse ] --START--
NOTIC: [8] Use of undefined constant content - assumed 'content' E:\wamp\www\hello\Runtime\Cache\b42df3d294fe8fb76fbe1db7ccd52452.php 第 511 行.
NOTIC: [8] Use of undefined constant isJo - assumed 'isJo' E:\wamp\www\hello\Runtime\Cache\b42df3d294fe8fb76fbe1db7ccd52452.php 第 511 行.
NOTIC: [8] Undefined variable: vo E:\wamp\www\hello\Runtime\Cache\b42df3d294fe8fb76fbe1db7ccd52452.php 第 511 行.
NOTIC: [8] Undefined variable: slide1 E:\wamp\www\hello\Runtime\Cache\b42df3d294fe8fb76fbe1db7ccd52452.php 第 562 行.
INFO: ParseTemplate Behavior ::run [ RunTime:0.038955s ]
INFO: [ view_parse ] --END-- [ RunTime:0.039088s ]
INFO: [ view_filter ] --START--
INFO: ContentReplace Behavior ::run [ RunTime:0.001638s ]
INFO: TokenBuild Behavior ::run [ RunTime:0.001883s ]
INFO: WriteHtmlCache Behavior ::run [ RunTime:0.001434s ]
INFO: ShowRuntime Behavior ::run [ RunTime:0.001429s ]
INFO: [ view_filter ] --END-- [ RunTime:0.006712s ]
INFO: [ view_end ] --START--
INFO: ShowPageTrace Behavior ::run [ RunTime:0.002348s ]
INFO: [ view_end ] --END-- [ RunTime:0.002461s ]

[ 2013-10-11T22:14:17+08:00 ] 127.0.0.1 /hello/index.php/Index/doCircle
INFO: [ route_check ] --START--
INFO: CheckRoute Behavior ::run [ RunTime:0.002346s ]
INFO: [ route_check ] --END-- [ RunTime:0.002505s ]
INFO: [ app_begin ] --START--
INFO: ReadHtmlCache Behavior ::run [ RunTime:0.001793s ]
INFO: [ app_begin ] --END-- [ RunTime:0.001915s ]
SQL: SHOW COLUMNS FROM `hello_group` [ RunTime:0.006393s ]
SQL: SELECT * FROM `hello_group` WHERE ( `name` = '111' ) LIMIT 1   [ RunTime:0.000728s ]
SQL: INSERT INTO `hello_group` (`name`,`count`,`type`,`createuser`,`location`,`fcircle`) VALUES ('111',1,0,'393867916@qq.com',null,0) [ RunTime:0.000613s ]
SQL: SHOW COLUMNS FROM `hello_grouprelationship` [ RunTime:0.006318s ]
SQL: INSERT INTO `hello_grouprelationship` (`circleid`,`uemail`,`time`,`isCreater`) VALUES (4,'393867916@qq.com',1381500857,'1') [ RunTime:0.000681s ]

[ 2013-10-11T22:14:22+08:00 ] 127.0.0.1 /hello/index.php/Index/serchCircle
INFO: [ route_check ] --START--
INFO: CheckRoute Behavior ::run [ RunTime:0.002191s ]
INFO: [ route_check ] --END-- [ RunTime:0.002349s ]
INFO: [ app_begin ] --START--
INFO: ReadHtmlCache Behavior ::run [ RunTime:0.002057s ]
INFO: [ app_begin ] --END-- [ RunTime:0.002177s ]
SQL: SHOW COLUMNS FROM `hello_group` [ RunTime:0.006258s ]
SQL: SELECT * FROM `hello_group` WHERE ( (`name` LIKE '%111%') OR (`id` LIKE '%111%') ) LIMIT 7   [ RunTime:0.000665s ]
NOTIC: [8] Use of undefined constant grouprelationship - assumed 'grouprelationship' E:\wamp\www\hello\Lib\Action\IndexAction.class.php 第 105 行.
SQL: SHOW COLUMNS FROM `hello_grouprelationship` [ RunTime:0.006584s ]
SQL: SELECT * FROM `hello_grouprelationship` WHERE ( `circleid` = '4' ) AND ( `uemail` = '393867916@qq.com' ) LIMIT 1   [ RunTime:0.000677s ]

[ 2013-10-11T22:15:46+08:00 ] 127.0.0.1 /hello/
INFO: [ app_begin ] --START--
INFO: ReadHtmlCache Behavior ::run [ RunTime:0.002157s ]
INFO: [ app_begin ] --END-- [ RunTime:0.002314s ]
SQL: SHOW COLUMNS FROM `hello_user` [ RunTime:0.006409s ]
SQL: SELECT * FROM `hello_user` WHERE ( `email` = '393867916@qq.com' ) LIMIT 1   [ RunTime:0.000724s ]
SQL: SHOW COLUMNS FROM `hello_friend` [ RunTime:0.006017s ]
SQL: SELECT `femail` FROM `hello_friend`  [ RunTime:0.000462s ]
NOTIC: [2] implode() [<a href='function.implode'>function.implode</a>]: Invalid arguments passed E:\wamp\www\hello\ThinkPHP\Lib\Core\Db.class.php 第 497 行.
SQL: SELECT * FROM `hello_user` WHERE ( `email` IN () )  [ RunTime:0.000442s ]
ERR: 1064:You have an error in your SQL syntax; check the manual that corresponds to your MySQL server version for the right syntax to use near ') )' at line 1
 [ SQL语句 ] : SELECT * FROM `hello_user` WHERE ( `email` IN () ) 
SQL: SHOW COLUMNS FROM `hello_group` [ RunTime:0.006372s ]
SQL: SHOW COLUMNS FROM `hello_grouprelationship` [ RunTime:0.006193s ]
SQL: SELECT * FROM `hello_group` ORDER BY id desc LIMIT 7   [ RunTime:0.000575s ]
SQL: SELECT * FROM `hello_grouprelationship` WHERE ( `circleid` = '4' ) AND ( `uemail` = '393867916@qq.com' ) LIMIT 1   [ RunTime:0.000603s ]
INFO: [ view_parse ] --START--
NOTIC: [8] Use of undefined constant content - assumed 'content' E:\wamp\www\hello\Runtime\Cache\b42df3d294fe8fb76fbe1db7ccd52452.php 第 511 行.
NOTIC: [8] Use of undefined constant isJo - assumed 'isJo' E:\wamp\www\hello\Runtime\Cache\b42df3d294fe8fb76fbe1db7ccd52452.php 第 511 行.
NOTIC: [8] Undefined variable: vo E:\wamp\www\hello\Runtime\Cache\b42df3d294fe8fb76fbe1db7ccd52452.php 第 511 行.
NOTIC: [8] Undefined variable: slide1 E:\wamp\www\hello\Runtime\Cache\b42df3d294fe8fb76fbe1db7ccd52452.php 第 562 行.
INFO: ParseTemplate Behavior ::run [ RunTime:0.081988s ]
INFO: [ view_parse ] --END-- [ RunTime:0.082128s ]
INFO: [ view_filter ] --START--
INFO: ContentReplace Behavior ::run [ RunTime:0.002005s ]
INFO: TokenBuild Behavior ::run [ RunTime:0.002389s ]
INFO: WriteHtmlCache Behavior ::run [ RunTime:0.001851s ]
INFO: ShowRuntime Behavior ::run [ RunTime:0.002230s ]
INFO: [ view_filter ] --END-- [ RunTime:0.008970s ]
INFO: [ view_end ] --START--
INFO: ShowPageTrace Behavior ::run [ RunTime:0.002617s ]
INFO: [ view_end ] --END-- [ RunTime:0.002748s ]

[ 2013-10-11T22:15:50+08:00 ] 127.0.0.1 /hello/index.php/Index/serchCircle
INFO: [ route_check ] --START--
INFO: CheckRoute Behavior ::run [ RunTime:0.001877s ]
INFO: [ route_check ] --END-- [ RunTime:0.002028s ]
INFO: [ app_begin ] --START--
INFO: ReadHtmlCache Behavior ::run [ RunTime:0.001731s ]
INFO: [ app_begin ] --END-- [ RunTime:0.001860s ]
SQL: SHOW COLUMNS FROM `hello_group` [ RunTime:0.006500s ]
SQL: SELECT * FROM `hello_group` WHERE ( (`name` LIKE '%111%') OR (`id` LIKE '%111%') ) LIMIT 7   [ RunTime:0.000674s ]
NOTIC: [8] Use of undefined constant grouprelationship - assumed 'grouprelationship' E:\wamp\www\hello\Lib\Action\IndexAction.class.php 第 105 行.
SQL: SHOW COLUMNS FROM `hello_grouprelationship` [ RunTime:0.006024s ]
SQL: SELECT * FROM `hello_grouprelationship` WHERE ( `circleid` = '4' ) AND ( `uemail` = '393867916@qq.com' ) LIMIT 1   [ RunTime:0.000644s ]

[ 2013-10-11T22:16:37+08:00 ] 127.0.0.1 /hello/
INFO: [ app_begin ] --START--
INFO: ReadHtmlCache Behavior ::run [ RunTime:0.002553s ]
INFO: [ app_begin ] --END-- [ RunTime:0.002700s ]
SQL: SHOW COLUMNS FROM `hello_user` [ RunTime:0.005844s ]
SQL: SELECT * FROM `hello_user` WHERE ( `email` = '393867916@qq.com' ) LIMIT 1   [ RunTime:0.000698s ]
SQL: SHOW COLUMNS FROM `hello_friend` [ RunTime:0.005861s ]
SQL: SELECT `femail` FROM `hello_friend`  [ RunTime:0.000432s ]
NOTIC: [2] implode() [<a href='function.implode'>function.implode</a>]: Invalid arguments passed E:\wamp\www\hello\ThinkPHP\Lib\Core\Db.class.php 第 497 行.
SQL: SELECT * FROM `hello_user` WHERE ( `email` IN () )  [ RunTime:0.000342s ]
ERR: 1064:You have an error in your SQL syntax; check the manual that corresponds to your MySQL server version for the right syntax to use near ') )' at line 1
 [ SQL语句 ] : SELECT * FROM `hello_user` WHERE ( `email` IN () ) 
SQL: SHOW COLUMNS FROM `hello_group` [ RunTime:0.005985s ]
SQL: SHOW COLUMNS FROM `hello_grouprelationship` [ RunTime:0.005852s ]
SQL: SELECT * FROM `hello_group` ORDER BY id desc LIMIT 7   [ RunTime:0.000548s ]
SQL: SELECT * FROM `hello_grouprelationship` WHERE ( `circleid` = '4' ) AND ( `uemail` = '393867916@qq.com' ) LIMIT 1   [ RunTime:0.000556s ]
INFO: [ view_parse ] --START--
NOTIC: [8] Undefined variable: vo E:\wamp\www\hello\Runtime\Cache\b42df3d294fe8fb76fbe1db7ccd52452.php 第 512 行.
NOTIC: [8] Undefined variable: slide1 E:\wamp\www\hello\Runtime\Cache\b42df3d294fe8fb76fbe1db7ccd52452.php 第 563 行.
INFO: ParseTemplate Behavior ::run [ RunTime:0.034262s ]
INFO: [ view_parse ] --END-- [ RunTime:0.034415s ]
INFO: [ view_filter ] --START--
INFO: ContentReplace Behavior ::run [ RunTime:0.001810s ]
INFO: TokenBuild Behavior ::run [ RunTime:0.001859s ]
INFO: WriteHtmlCache Behavior ::run [ RunTime:0.001608s ]
INFO: ShowRuntime Behavior ::run [ RunTime:0.001866s ]
INFO: [ view_filter ] --END-- [ RunTime:0.007731s ]
INFO: [ view_end ] --START--
INFO: ShowPageTrace Behavior ::run [ RunTime:0.002090s ]
INFO: [ view_end ] --END-- [ RunTime:0.002214s ]

[ 2013-10-11T22:16:41+08:00 ] 127.0.0.1 /hello/index.php/Index/serchCircle
INFO: [ route_check ] --START--
INFO: CheckRoute Behavior ::run [ RunTime:0.002942s ]
INFO: [ route_check ] --END-- [ RunTime:0.003098s ]
INFO: [ app_begin ] --START--
INFO: ReadHtmlCache Behavior ::run [ RunTime:0.002173s ]
INFO: [ app_begin ] --END-- [ RunTime:0.002283s ]
SQL: SHOW COLUMNS FROM `hello_group` [ RunTime:0.006623s ]
SQL: SELECT * FROM `hello_group` WHERE ( (`name` LIKE '%111%') OR (`id` LIKE '%111%') ) LIMIT 7   [ RunTime:0.000729s ]
NOTIC: [8] Use of undefined constant grouprelationship - assumed 'grouprelationship' E:\wamp\www\hello\Lib\Action\IndexAction.class.php 第 105 行.
SQL: SHOW COLUMNS FROM `hello_grouprelationship` [ RunTime:0.006070s ]
SQL: SELECT * FROM `hello_grouprelationship` WHERE ( `circleid` = '4' ) AND ( `uemail` = '393867916@qq.com' ) LIMIT 1   [ RunTime:0.000721s ]

[ 2013-10-11T22:17:13+08:00 ] 127.0.0.1 /hello/
INFO: [ app_begin ] --START--
INFO: ReadHtmlCache Behavior ::run [ RunTime:0.001661s ]
INFO: [ app_begin ] --END-- [ RunTime:0.001909s ]
SQL: SHOW COLUMNS FROM `hello_user` [ RunTime:0.006018s ]
SQL: SELECT * FROM `hello_user` WHERE ( `email` = '393867916@qq.com' ) LIMIT 1   [ RunTime:0.000643s ]
SQL: SHOW COLUMNS FROM `hello_friend` [ RunTime:0.006975s ]
SQL: SELECT `femail` FROM `hello_friend`  [ RunTime:0.000403s ]
NOTIC: [2] implode() [<a href='function.implode'>function.implode</a>]: Invalid arguments passed E:\wamp\www\hello\ThinkPHP\Lib\Core\Db.class.php 第 497 行.
SQL: SELECT * FROM `hello_user` WHERE ( `email` IN () )  [ RunTime:0.000450s ]
ERR: 1064:You have an error in your SQL syntax; check the manual that corresponds to your MySQL server version for the right syntax to use near ') )' at line 1
 [ SQL语句 ] : SELECT * FROM `hello_user` WHERE ( `email` IN () ) 
SQL: SHOW COLUMNS FROM `hello_group` [ RunTime:0.006247s ]
SQL: SHOW COLUMNS FROM `hello_grouprelationship` [ RunTime:0.010952s ]
SQL: SELECT * FROM `hello_group` ORDER BY id desc LIMIT 7   [ RunTime:0.000601s ]
SQL: SELECT * FROM `hello_grouprelationship` WHERE ( `circleid` = '4' ) AND ( `uemail` = '393867916@qq.com' ) LIMIT 1   [ RunTime:0.000602s ]
INFO: [ view_parse ] --START--
NOTIC: [8] Undefined variable: vo E:\wamp\www\hello\Runtime\Cache\b42df3d294fe8fb76fbe1db7ccd52452.php 第 511 行.
NOTIC: [8] Undefined variable: slide1 E:\wamp\www\hello\Runtime\Cache\b42df3d294fe8fb76fbe1db7ccd52452.php 第 562 行.
INFO: ParseTemplate Behavior ::run [ RunTime:0.047737s ]
INFO: [ view_parse ] --END-- [ RunTime:0.047869s ]
INFO: [ view_filter ] --START--
INFO: ContentReplace Behavior ::run [ RunTime:0.001625s ]
INFO: TokenBuild Behavior ::run [ RunTime:0.002075s ]
INFO: WriteHtmlCache Behavior ::run [ RunTime:0.001344s ]
INFO: ShowRuntime Behavior ::run [ RunTime:0.001758s ]
INFO: [ view_filter ] --END-- [ RunTime:0.007148s ]
INFO: [ view_end ] --START--
INFO: ShowPageTrace Behavior ::run [ RunTime:0.001832s ]
INFO: [ view_end ] --END-- [ RunTime:0.001939s ]

[ 2013-10-11T22:17:16+08:00 ] 127.0.0.1 /hello/index.php/Index/serchCircle
INFO: [ route_check ] --START--
INFO: CheckRoute Behavior ::run [ RunTime:0.002544s ]
INFO: [ route_check ] --END-- [ RunTime:0.002700s ]
INFO: [ app_begin ] --START--
INFO: ReadHtmlCache Behavior ::run [ RunTime:0.001861s ]
INFO: [ app_begin ] --END-- [ RunTime:0.001983s ]
SQL: SHOW COLUMNS FROM `hello_group` [ RunTime:0.006429s ]
SQL: SELECT * FROM `hello_group` WHERE ( (`name` LIKE '%111%') OR (`id` LIKE '%111%') ) LIMIT 7   [ RunTime:0.000839s ]
NOTIC: [8] Use of undefined constant grouprelationship - assumed 'grouprelationship' E:\wamp\www\hello\Lib\Action\IndexAction.class.php 第 105 行.
SQL: SHOW COLUMNS FROM `hello_grouprelationship` [ RunTime:0.006490s ]
SQL: SELECT * FROM `hello_grouprelationship` WHERE ( `circleid` = '4' ) AND ( `uemail` = '393867916@qq.com' ) LIMIT 1   [ RunTime:0.000791s ]

[ 2013-10-11T22:17:24+08:00 ] 127.0.0.1 /hello/index.php/Index/serchCircle
INFO: [ route_check ] --START--
INFO: CheckRoute Behavior ::run [ RunTime:0.002317s ]
INFO: [ route_check ] --END-- [ RunTime:0.002477s ]
INFO: [ app_begin ] --START--
INFO: ReadHtmlCache Behavior ::run [ RunTime:0.001353s ]
INFO: [ app_begin ] --END-- [ RunTime:0.001482s ]
SQL: SHOW COLUMNS FROM `hello_group` [ RunTime:0.006783s ]
SQL: SELECT * FROM `hello_group` WHERE ( (`name` LIKE '%111%') OR (`id` LIKE '%111%') ) LIMIT 7   [ RunTime:0.000718s ]
NOTIC: [8] Use of undefined constant grouprelationship - assumed 'grouprelationship' E:\wamp\www\hello\Lib\Action\IndexAction.class.php 第 105 行.
SQL: SHOW COLUMNS FROM `hello_grouprelationship` [ RunTime:0.006496s ]
SQL: SELECT * FROM `hello_grouprelationship` WHERE ( `circleid` = '4' ) AND ( `uemail` = '393867916@qq.com' ) LIMIT 1   [ RunTime:0.000732s ]

[ 2013-10-11T22:32:50+08:00 ] 127.0.0.1 /hello/
INFO: [ app_begin ] --START--
INFO: ReadHtmlCache Behavior ::run [ RunTime:0.001751s ]
INFO: [ app_begin ] --END-- [ RunTime:0.001893s ]
SQL: SHOW COLUMNS FROM `hello_user` [ RunTime:0.006175s ]
SQL: SELECT * FROM `hello_user` WHERE ( `email` = '393867916@qq.com' ) LIMIT 1   [ RunTime:0.000675s ]
SQL: SHOW COLUMNS FROM `hello_friend` [ RunTime:0.005746s ]
SQL: SELECT `femail` FROM `hello_friend`  [ RunTime:0.000470s ]
NOTIC: [2] implode() [<a href='function.implode'>function.implode</a>]: Invalid arguments passed E:\wamp\www\hello\ThinkPHP\Lib\Core\Db.class.php 第 497 行.
SQL: SELECT * FROM `hello_user` WHERE ( `email` IN () )  [ RunTime:0.000296s ]
ERR: 1064:You have an error in your SQL syntax; check the manual that corresponds to your MySQL server version for the right syntax to use near ') )' at line 1
 [ SQL语句 ] : SELECT * FROM `hello_user` WHERE ( `email` IN () ) 
SQL: SHOW COLUMNS FROM `hello_group` [ RunTime:0.005997s ]
SQL: SHOW COLUMNS FROM `hello_grouprelationship` [ RunTime:0.005777s ]
SQL: SELECT * FROM `hello_group` ORDER BY id desc LIMIT 7   [ RunTime:0.000574s ]
SQL: SELECT * FROM `hello_grouprelationship` WHERE ( `circleid` = '4' ) AND ( `uemail` = '393867916@qq.com' ) LIMIT 1   [ RunTime:0.000583s ]
INFO: [ view_parse ] --START--
NOTIC: [8] Undefined variable: vo E:\wamp\www\hello\Runtime\Cache\b42df3d294fe8fb76fbe1db7ccd52452.php 第 515 行.
NOTIC: [8] Undefined variable: slide1 E:\wamp\www\hello\Runtime\Cache\b42df3d294fe8fb76fbe1db7ccd52452.php 第 568 行.
INFO: ParseTemplate Behavior ::run [ RunTime:0.032253s ]
INFO: [ view_parse ] --END-- [ RunTime:0.032384s ]
INFO: [ view_filter ] --START--
INFO: ContentReplace Behavior ::run [ RunTime:0.001555s ]
INFO: TokenBuild Behavior ::run [ RunTime:0.001345s ]
INFO: WriteHtmlCache Behavior ::run [ RunTime:0.001141s ]
INFO: ShowRuntime Behavior ::run [ RunTime:0.001464s ]
INFO: [ view_filter ] --END-- [ RunTime:0.005790s ]
INFO: [ view_end ] --START--
INFO: ShowPageTrace Behavior ::run [ RunTime:0.001817s ]
INFO: [ view_end ] --END-- [ RunTime:0.001921s ]

[ 2013-10-11T22:32:55+08:00 ] 127.0.0.1 /hello/index.php/Index/serchCircle
INFO: [ route_check ] --START--
INFO: CheckRoute Behavior ::run [ RunTime:0.002461s ]
INFO: [ route_check ] --END-- [ RunTime:0.002615s ]
INFO: [ app_begin ] --START--
INFO: ReadHtmlCache Behavior ::run [ RunTime:0.001331s ]
INFO: [ app_begin ] --END-- [ RunTime:0.001437s ]
SQL: SHOW COLUMNS FROM `hello_group` [ RunTime:0.006261s ]
SQL: SELECT * FROM `hello_group` WHERE ( (`name` LIKE '%111%') OR (`id` LIKE '%111%') ) LIMIT 7   [ RunTime:0.000720s ]
NOTIC: [8] Use of undefined constant grouprelationship - assumed 'grouprelationship' E:\wamp\www\hello\Lib\Action\IndexAction.class.php 第 105 行.
SQL: SHOW COLUMNS FROM `hello_grouprelationship` [ RunTime:0.006172s ]
SQL: SELECT * FROM `hello_grouprelationship` WHERE ( `circleid` = '4' ) AND ( `uemail` = '393867916@qq.com' ) LIMIT 1   [ RunTime:0.000667s ]

[ 2013-10-11T22:33:07+08:00 ] 127.0.0.1 /hello/
INFO: [ app_begin ] --START--
INFO: ReadHtmlCache Behavior ::run [ RunTime:0.001303s ]
INFO: [ app_begin ] --END-- [ RunTime:0.001438s ]
SQL: SHOW COLUMNS FROM `hello_user` [ RunTime:0.005954s ]
SQL: SELECT * FROM `hello_user` WHERE ( `email` = '393867916@qq.com' ) LIMIT 1   [ RunTime:0.000758s ]
SQL: SHOW COLUMNS FROM `hello_friend` [ RunTime:0.005627s ]
SQL: SELECT `femail` FROM `hello_friend`  [ RunTime:0.000406s ]
NOTIC: [2] implode() [<a href='function.implode'>function.implode</a>]: Invalid arguments passed E:\wamp\www\hello\ThinkPHP\Lib\Core\Db.class.php 第 497 行.
SQL: SELECT * FROM `hello_user` WHERE ( `email` IN () )  [ RunTime:0.000300s ]
ERR: 1064:You have an error in your SQL syntax; check the manual that corresponds to your MySQL server version for the right syntax to use near ') )' at line 1
 [ SQL语句 ] : SELECT * FROM `hello_user` WHERE ( `email` IN () ) 
SQL: SHOW COLUMNS FROM `hello_group` [ RunTime:0.006137s ]
SQL: SHOW COLUMNS FROM `hello_grouprelationship` [ RunTime:0.005592s ]
SQL: SELECT * FROM `hello_group` ORDER BY id desc LIMIT 7   [ RunTime:0.000542s ]
SQL: SELECT * FROM `hello_grouprelationship` WHERE ( `circleid` = '4' ) AND ( `uemail` = '393867916@qq.com' ) LIMIT 1   [ RunTime:0.000538s ]
INFO: [ view_parse ] --START--
NOTIC: [8] Undefined variable: vo E:\wamp\www\hello\Runtime\Cache\b42df3d294fe8fb76fbe1db7ccd52452.php 第 515 行.
NOTIC: [8] Undefined variable: slide1 E:\wamp\www\hello\Runtime\Cache\b42df3d294fe8fb76fbe1db7ccd52452.php 第 568 行.
INFO: ParseTemplate Behavior ::run [ RunTime:0.031747s ]
INFO: [ view_parse ] --END-- [ RunTime:0.031870s ]
INFO: [ view_filter ] --START--
INFO: ContentReplace Behavior ::run [ RunTime:0.001500s ]
INFO: TokenBuild Behavior ::run [ RunTime:0.000972s ]
INFO: WriteHtmlCache Behavior ::run [ RunTime:0.001101s ]
INFO: ShowRuntime Behavior ::run [ RunTime:0.001510s ]
INFO: [ view_filter ] --END-- [ RunTime:0.005364s ]
INFO: [ view_end ] --START--
INFO: ShowPageTrace Behavior ::run [ RunTime:0.001689s ]
INFO: [ view_end ] --END-- [ RunTime:0.001800s ]

[ 2013-10-11T22:33:19+08:00 ] 127.0.0.1 /hello/index.php/Index/serchCircle
INFO: [ route_check ] --START--
INFO: CheckRoute Behavior ::run [ RunTime:0.002771s ]
INFO: [ route_check ] --END-- [ RunTime:0.002931s ]
INFO: [ app_begin ] --START--
INFO: ReadHtmlCache Behavior ::run [ RunTime:0.001888s ]
INFO: [ app_begin ] --END-- [ RunTime:0.002008s ]
SQL: SHOW COLUMNS FROM `hello_group` [ RunTime:0.006524s ]
SQL: SELECT * FROM `hello_group` WHERE ( (`name` LIKE '%1%') OR (`id` LIKE '%1%') ) LIMIT 7   [ RunTime:0.000750s ]
NOTIC: [8] Use of undefined constant grouprelationship - assumed 'grouprelationship' E:\wamp\www\hello\Lib\Action\IndexAction.class.php 第 105 行.
SQL: SHOW COLUMNS FROM `hello_grouprelationship` [ RunTime:0.006307s ]
SQL: SELECT * FROM `hello_grouprelationship` WHERE ( `circleid` = '4' ) AND ( `uemail` = '393867916@qq.com' ) LIMIT 1   [ RunTime:0.000730s ]

[ 2013-10-11T22:33:21+08:00 ] 127.0.0.1 /hello/index.php/Index/serchCircle
INFO: [ route_check ] --START--
INFO: CheckRoute Behavior ::run [ RunTime:0.003034s ]
INFO: [ route_check ] --END-- [ RunTime:0.003202s ]
INFO: [ app_begin ] --START--
INFO: ReadHtmlCache Behavior ::run [ RunTime:0.001957s ]
INFO: [ app_begin ] --END-- [ RunTime:0.002086s ]
SQL: SHOW COLUMNS FROM `hello_group` [ RunTime:0.012843s ]
SQL: SELECT * FROM `hello_group` WHERE ( (`name` LIKE '%2%') OR (`id` LIKE '%2%') ) LIMIT 7   [ RunTime:0.000825s ]
NOTIC: [2] Invalid argument supplied for foreach() E:\wamp\www\hello\Lib\Action\IndexAction.class.php 第 104 行.

[ 2013-10-11T22:33:58+08:00 ] 127.0.0.1 /hello/
INFO: [ app_begin ] --START--
INFO: ReadHtmlCache Behavior ::run [ RunTime:0.001650s ]
INFO: [ app_begin ] --END-- [ RunTime:0.001810s ]
SQL: SHOW COLUMNS FROM `hello_user` [ RunTime:0.005944s ]
SQL: SELECT * FROM `hello_user` WHERE ( `email` = '393867916@qq.com' ) LIMIT 1   [ RunTime:0.000613s ]
SQL: SHOW COLUMNS FROM `hello_friend` [ RunTime:0.005264s ]
SQL: SELECT `femail` FROM `hello_friend`  [ RunTime:0.000371s ]
NOTIC: [2] implode() [<a href='function.implode'>function.implode</a>]: Invalid arguments passed E:\wamp\www\hello\ThinkPHP\Lib\Core\Db.class.php 第 497 行.
SQL: SELECT * FROM `hello_user` WHERE ( `email` IN () )  [ RunTime:0.000276s ]
ERR: 1064:You have an error in your SQL syntax; check the manual that corresponds to your MySQL server version for the right syntax to use near ') )' at line 1
 [ SQL语句 ] : SELECT * FROM `hello_user` WHERE ( `email` IN () ) 
SQL: SHOW COLUMNS FROM `hello_group` [ RunTime:0.006080s ]
SQL: SHOW COLUMNS FROM `hello_grouprelationship` [ RunTime:0.005389s ]
SQL: SELECT * FROM `hello_group` ORDER BY id desc LIMIT 7   [ RunTime:0.000525s ]
SQL: SELECT * FROM `hello_grouprelationship` WHERE ( `circleid` = '4' ) AND ( `uemail` = '393867916@qq.com' ) LIMIT 1   [ RunTime:0.000488s ]
INFO: [ view_parse ] --START--
NOTIC: [8] Undefined variable: vo E:\wamp\www\hello\Runtime\Cache\b42df3d294fe8fb76fbe1db7ccd52452.php 第 518 行.
NOTIC: [8] Undefined variable: slide1 E:\wamp\www\hello\Runtime\Cache\b42df3d294fe8fb76fbe1db7ccd52452.php 第 571 行.
INFO: ParseTemplate Behavior ::run [ RunTime:0.038129s ]
INFO: [ view_parse ] --END-- [ RunTime:0.038257s ]
INFO: [ view_filter ] --START--
INFO: ContentReplace Behavior ::run [ RunTime:0.001596s ]
INFO: TokenBuild Behavior ::run [ RunTime:0.001699s ]
INFO: WriteHtmlCache Behavior ::run [ RunTime:0.002044s ]
INFO: ShowRuntime Behavior ::run [ RunTime:0.001668s ]
INFO: [ view_filter ] --END-- [ RunTime:0.007341s ]
INFO: [ view_end ] --START--
INFO: ShowPageTrace Behavior ::run [ RunTime:0.001862s ]
INFO: [ view_end ] --END-- [ RunTime:0.001965s ]

[ 2013-10-11T22:34:03+08:00 ] 127.0.0.1 /hello/index.php/Index/serchCircle
INFO: [ route_check ] --START--
INFO: CheckRoute Behavior ::run [ RunTime:0.002851s ]
INFO: [ route_check ] --END-- [ RunTime:0.003016s ]
INFO: [ app_begin ] --START--
INFO: ReadHtmlCache Behavior ::run [ RunTime:0.002287s ]
INFO: [ app_begin ] --END-- [ RunTime:0.002503s ]
SQL: SHOW COLUMNS FROM `hello_group` [ RunTime:0.006414s ]
SQL: SELECT * FROM `hello_group` WHERE ( (`name` LIKE '%33%') OR (`id` LIKE '%33%') ) LIMIT 7   [ RunTime:0.000660s ]
NOTIC: [2] Invalid argument supplied for foreach() E:\wamp\www\hello\Lib\Action\IndexAction.class.php 第 104 行.

[ 2013-10-11T22:34:05+08:00 ] 127.0.0.1 /hello/index.php/Index/serchCircle
INFO: [ route_check ] --START--
INFO: CheckRoute Behavior ::run [ RunTime:0.002688s ]
INFO: [ route_check ] --END-- [ RunTime:0.002840s ]
INFO: [ app_begin ] --START--
INFO: ReadHtmlCache Behavior ::run [ RunTime:0.002016s ]
INFO: [ app_begin ] --END-- [ RunTime:0.002124s ]
SQL: SHOW COLUMNS FROM `hello_group` [ RunTime:0.007499s ]
SQL: SELECT * FROM `hello_group` WHERE ( (`name` LIKE '%33%') OR (`id` LIKE '%33%') ) LIMIT 7   [ RunTime:0.000742s ]
NOTIC: [2] Invalid argument supplied for foreach() E:\wamp\www\hello\Lib\Action\IndexAction.class.php 第 104 行.

[ 2013-10-11T22:34:06+08:00 ] 127.0.0.1 /hello/index.php/Index/serchCircle
INFO: [ route_check ] --START--
INFO: CheckRoute Behavior ::run [ RunTime:0.003200s ]
INFO: [ route_check ] --END-- [ RunTime:0.003455s ]
INFO: [ app_begin ] --START--
INFO: ReadHtmlCache Behavior ::run [ RunTime:0.002084s ]
INFO: [ app_begin ] --END-- [ RunTime:0.002204s ]
SQL: SHOW COLUMNS FROM `hello_group` [ RunTime:0.006578s ]
SQL: SELECT * FROM `hello_group` WHERE ( (`name` LIKE '%33%') OR (`id` LIKE '%33%') ) LIMIT 7   [ RunTime:0.000706s ]
NOTIC: [2] Invalid argument supplied for foreach() E:\wamp\www\hello\Lib\Action\IndexAction.class.php 第 104 行.

[ 2013-10-11T22:34:08+08:00 ] 127.0.0.1 /hello/index.php/Index/serchCircle
INFO: [ route_check ] --START--
INFO: CheckRoute Behavior ::run [ RunTime:0.002883s ]
INFO: [ route_check ] --END-- [ RunTime:0.003051s ]
INFO: [ app_begin ] --START--
INFO: ReadHtmlCache Behavior ::run [ RunTime:0.002610s ]
INFO: [ app_begin ] --END-- [ RunTime:0.002734s ]
SQL: SHOW COLUMNS FROM `hello_group` [ RunTime:0.006434s ]
SQL: SELECT * FROM `hello_group` WHERE ( (`name` LIKE '%22%') OR (`id` LIKE '%22%') ) LIMIT 7   [ RunTime:0.001131s ]
NOTIC: [2] Invalid argument supplied for foreach() E:\wamp\www\hello\Lib\Action\IndexAction.class.php 第 104 行.

[ 2013-10-11T22:34:11+08:00 ] 127.0.0.1 /hello/index.php/Index/serchCircle
INFO: [ route_check ] --START--
INFO: CheckRoute Behavior ::run [ RunTime:0.002921s ]
INFO: [ route_check ] --END-- [ RunTime:0.003142s ]
INFO: [ app_begin ] --START--
INFO: ReadHtmlCache Behavior ::run [ RunTime:0.002232s ]
INFO: [ app_begin ] --END-- [ RunTime:0.002364s ]
SQL: SHOW COLUMNS FROM `hello_group` [ RunTime:0.007709s ]
SQL: SELECT * FROM `hello_group` WHERE ( (`name` LIKE '%1%') OR (`id` LIKE '%1%') ) LIMIT 7   [ RunTime:0.000673s ]
NOTIC: [8] Use of undefined constant grouprelationship - assumed 'grouprelationship' E:\wamp\www\hello\Lib\Action\IndexAction.class.php 第 105 行.
SQL: SHOW COLUMNS FROM `hello_grouprelationship` [ RunTime:0.006450s ]
SQL: SELECT * FROM `hello_grouprelationship` WHERE ( `circleid` = '4' ) AND ( `uemail` = '393867916@qq.com' ) LIMIT 1   [ RunTime:0.000696s ]

[ 2013-10-11T22:34:40+08:00 ] 127.0.0.1 /hello/index.php/Index/serchCircle
INFO: [ route_check ] --START--
INFO: CheckRoute Behavior ::run [ RunTime:0.002935s ]
INFO: [ route_check ] --END-- [ RunTime:0.003099s ]
INFO: [ app_begin ] --START--
INFO: ReadHtmlCache Behavior ::run [ RunTime:0.002446s ]
INFO: [ app_begin ] --END-- [ RunTime:0.002744s ]
SQL: SHOW COLUMNS FROM `hello_group` [ RunTime:0.006892s ]
SQL: SELECT * FROM `hello_group` WHERE ( (`name` LIKE '%1%') OR (`id` LIKE '%1%') ) LIMIT 7   [ RunTime:0.000690s ]
NOTIC: [8] Use of undefined constant grouprelationship - assumed 'grouprelationship' E:\wamp\www\hello\Lib\Action\IndexAction.class.php 第 105 行.
SQL: SHOW COLUMNS FROM `hello_grouprelationship` [ RunTime:0.006386s ]
SQL: SELECT * FROM `hello_grouprelationship` WHERE ( `circleid` = '4' ) AND ( `uemail` = '393867916@qq.com' ) LIMIT 1   [ RunTime:0.000731s ]

[ 2013-10-11T22:34:47+08:00 ] 127.0.0.1 /hello/index.php/Index/serchCircle
INFO: [ route_check ] --START--
INFO: CheckRoute Behavior ::run [ RunTime:0.002606s ]
INFO: [ route_check ] --END-- [ RunTime:0.002784s ]
INFO: [ app_begin ] --START--
INFO: ReadHtmlCache Behavior ::run [ RunTime:0.002325s ]
INFO: [ app_begin ] --END-- [ RunTime:0.002439s ]
SQL: SHOW COLUMNS FROM `hello_group` [ RunTime:0.007127s ]
SQL: SELECT * FROM `hello_group` WHERE ( (`name` LIKE '%1%') OR (`id` LIKE '%1%') ) LIMIT 7   [ RunTime:0.000683s ]
NOTIC: [8] Use of undefined constant grouprelationship - assumed 'grouprelationship' E:\wamp\www\hello\Lib\Action\IndexAction.class.php 第 105 行.
SQL: SHOW COLUMNS FROM `hello_grouprelationship` [ RunTime:0.006292s ]
SQL: SELECT * FROM `hello_grouprelationship` WHERE ( `circleid` = '4' ) AND ( `uemail` = '393867916@qq.com' ) LIMIT 1   [ RunTime:0.000758s ]

[ 2013-10-11T22:34:48+08:00 ] 127.0.0.1 /hello/index.php/Index/serchCircle
INFO: [ route_check ] --START--
INFO: CheckRoute Behavior ::run [ RunTime:0.002736s ]
INFO: [ route_check ] --END-- [ RunTime:0.002895s ]
INFO: [ app_begin ] --START--
INFO: ReadHtmlCache Behavior ::run [ RunTime:0.002238s ]
INFO: [ app_begin ] --END-- [ RunTime:0.002396s ]
SQL: SHOW COLUMNS FROM `hello_group` [ RunTime:0.006806s ]
SQL: SELECT * FROM `hello_group` WHERE ( (`name` LIKE '%1%') OR (`id` LIKE '%1%') ) LIMIT 7   [ RunTime:0.000861s ]
NOTIC: [8] Use of undefined constant grouprelationship - assumed 'grouprelationship' E:\wamp\www\hello\Lib\Action\IndexAction.class.php 第 105 行.
SQL: SHOW COLUMNS FROM `hello_grouprelationship` [ RunTime:0.007530s ]
SQL: SELECT * FROM `hello_grouprelationship` WHERE ( `circleid` = '4' ) AND ( `uemail` = '393867916@qq.com' ) LIMIT 1   [ RunTime:0.000680s ]

