[ 2013-10-12T00:30:47+08:00 ] 127.0.0.1 /hello/
INFO: [ app_begin ] --START--
INFO: ReadHtmlCache Behavior ::run [ RunTime:0.029830s ]
INFO: [ app_begin ] --END-- [ RunTime:0.030048s ]
SQL: SHOW COLUMNS FROM `hello_user` [ RunTime:1.422803s ]
SQL: SELECT * FROM `hello_user` WHERE ( `email` = '393867916@qq.com' ) LIMIT 1   [ RunTime:0.052013s ]
SQL: SHOW COLUMNS FROM `hello_friend` [ RunTime:0.136504s ]
SQL: SELECT `femail` FROM `hello_friend`  [ RunTime:0.000467s ]
NOTIC: [2] implode() [<a href='function.implode'>function.implode</a>]: Invalid arguments passed E:\wamp\www\hello\ThinkPHP\Lib\Core\Db.class.php 第 497 行.
SQL: SELECT * FROM `hello_user` WHERE ( `email` IN () )  [ RunTime:0.008184s ]
ERR: 1064:You have an error in your SQL syntax; check the manual that corresponds to your MySQL server version for the right syntax to use near ') )' at line 1
 [ SQL语句 ] : SELECT * FROM `hello_user` WHERE ( `email` IN () ) 
SQL: SHOW COLUMNS FROM `hello_group` [ RunTime:0.050007s ]
SQL: SHOW COLUMNS FROM `hello_grouprelationship` [ RunTime:0.054759s ]
SQL: SELECT * FROM `hello_group` ORDER BY id desc LIMIT 7   [ RunTime:0.000748s ]
SQL: SELECT * FROM `hello_grouprelationship` WHERE ( `circleid` = '4' ) AND ( `uemail` = '393867916@qq.com' ) LIMIT 1   [ RunTime:0.000687s ]
INFO: [ view_parse ] --START--
NOTIC: [8] Undefined variable: vo E:\wamp\www\hello\Runtime\Cache\b42df3d294fe8fb76fbe1db7ccd52452.php 第 518 行.
NOTIC: [8] Undefined variable: slide1 E:\wamp\www\hello\Runtime\Cache\b42df3d294fe8fb76fbe1db7ccd52452.php 第 571 行.
INFO: ParseTemplate Behavior ::run [ RunTime:0.377217s ]
INFO: [ view_parse ] --END-- [ RunTime:0.377475s ]
INFO: [ view_filter ] --START--
INFO: ContentReplace Behavior ::run [ RunTime:0.014284s ]
INFO: TokenBuild Behavior ::run [ RunTime:0.010286s ]
INFO: WriteHtmlCache Behavior ::run [ RunTime:0.010208s ]
INFO: ShowRuntime Behavior ::run [ RunTime:0.014938s ]
INFO: [ view_filter ] --END-- [ RunTime:0.050136s ]
INFO: [ view_end ] --START--
INFO: ShowPageTrace Behavior ::run [ RunTime:0.011406s ]
INFO: [ view_end ] --END-- [ RunTime:0.011673s ]

