[ 2014-05-14T01:20:50+08:00 ] 127.0.0.1 /
INFO: [ app_begin ] --START--
INFO: ReadHtmlCache Behavior ::run [ RunTime:0.001326s ]
INFO: [ app_begin ] --END-- [ RunTime:0.001430s ]

[ 2014-05-14T01:21:19+08:00 ] 127.0.0.1 /index.php/Public/login
INFO: [ route_check ] --START--
INFO: CheckRoute Behavior ::run [ RunTime:0.001025s ]
INFO: [ route_check ] --END-- [ RunTime:0.001106s ]
INFO: [ app_begin ] --START--
INFO: ReadHtmlCache Behavior ::run [ RunTime:0.000979s ]
INFO: [ app_begin ] --END-- [ RunTime:0.001076s ]
INFO: [ view_parse ] --START--
INFO: ParseTemplate Behavior ::run [ RunTime:0.041170s ]
INFO: [ view_parse ] --END-- [ RunTime:0.041298s ]
INFO: [ view_filter ] --START--
INFO: ContentReplace Behavior ::run [ RunTime:0.000669s ]
INFO: TokenBuild Behavior ::run [ RunTime:0.000631s ]
INFO: WriteHtmlCache Behavior ::run [ RunTime:0.000489s ]
INFO: ShowRuntime Behavior ::run [ RunTime:0.000683s ]
INFO: [ view_filter ] --END-- [ RunTime:0.002631s ]
INFO: [ view_end ] --START--
INFO: ShowPageTrace Behavior ::run [ RunTime:0.000799s ]
INFO: [ view_end ] --END-- [ RunTime:0.000856s ]

[ 2014-05-14T01:21:28+08:00 ] 127.0.0.1 /index.php/Public/register
INFO: [ route_check ] --START--
INFO: CheckRoute Behavior ::run [ RunTime:0.000938s ]
INFO: [ route_check ] --END-- [ RunTime:0.001024s ]
INFO: [ app_begin ] --START--
INFO: ReadHtmlCache Behavior ::run [ RunTime:0.000637s ]
INFO: [ app_begin ] --END-- [ RunTime:0.000691s ]
NOTIC: [2] mysql_connect() [<a href='function.mysql-connect'>function.mysql-connect</a>]: Access denied for user 'root'@'localhost' (using password: YES) E:\wamp\www\helloOnline\ThinkPHP\Lib\Driver\Db\DbMysql.class.php 第 55 行.
ERR: Access denied for user 'root'@'localhost' (using password: YES)

[ 2014-05-14T01:21:42+08:00 ] 127.0.0.1 /index.php/Public/register
INFO: [ route_check ] --START--
INFO: CheckRoute Behavior ::run [ RunTime:0.000889s ]
INFO: [ route_check ] --END-- [ RunTime:0.000972s ]
INFO: [ app_begin ] --START--
INFO: ReadHtmlCache Behavior ::run [ RunTime:0.000664s ]
INFO: [ app_begin ] --END-- [ RunTime:0.000718s ]
NOTIC: [2] mysql_connect() [<a href='function.mysql-connect'>function.mysql-connect</a>]: Access denied for user 'root'@'localhost' (using password: YES) E:\wamp\www\helloOnline\ThinkPHP\Lib\Driver\Db\DbMysql.class.php 第 55 行.
ERR: Access denied for user 'root'@'localhost' (using password: YES)

[ 2014-05-14T01:21:59+08:00 ] 127.0.0.1 /index.php/Public/register
INFO: [ route_check ] --START--
INFO: CheckRoute Behavior ::run [ RunTime:0.000974s ]
INFO: [ route_check ] --END-- [ RunTime:0.001067s ]
INFO: [ app_begin ] --START--
INFO: ReadHtmlCache Behavior ::run [ RunTime:0.000732s ]
INFO: [ app_begin ] --END-- [ RunTime:0.000795s ]
NOTIC: [2] mysql_connect() [<a href='function.mysql-connect'>function.mysql-connect</a>]: Access denied for user 'root'@'localhost' (using password: YES) E:\wamp\www\helloOnline\ThinkPHP\Lib\Driver\Db\DbMysql.class.php 第 55 行.
ERR: Access denied for user 'root'@'localhost' (using password: YES)

[ 2014-05-14T01:24:05+08:00 ] 127.0.0.1 /index.php/Public/register
INFO: [ route_check ] --START--
INFO: CheckRoute Behavior ::run [ RunTime:0.001224s ]
INFO: [ route_check ] --END-- [ RunTime:0.001308s ]
INFO: [ app_begin ] --START--
INFO: ReadHtmlCache Behavior ::run [ RunTime:0.000922s ]
INFO: [ app_begin ] --END-- [ RunTime:0.000993s ]
NOTIC: [2] mysql_connect() [<a href='function.mysql-connect'>function.mysql-connect</a>]: Access denied for user 'root'@'localhost' (using password: YES) E:\wamp\www\helloOnline\ThinkPHP\Lib\Driver\Db\DbMysql.class.php 第 55 行.
ERR: Access denied for user 'root'@'localhost' (using password: YES)

[ 2014-05-14T01:25:35+08:00 ] 127.0.0.1 /index.php/Public/register
INFO: [ route_check ] --START--
INFO: CheckRoute Behavior ::run [ RunTime:0.001153s ]
INFO: [ route_check ] --END-- [ RunTime:0.001245s ]
INFO: [ app_begin ] --START--
INFO: ReadHtmlCache Behavior ::run [ RunTime:0.001028s ]
INFO: [ app_begin ] --END-- [ RunTime:0.001102s ]
SQL: SHOW COLUMNS FROM `hello_user` [ RunTime:0.034447s ]
NOTIC: [8] Undefined index: password E:\wamp\www\helloOnline\Lib\Action\PublicAction.class.php 第 19 行.

[ 2014-05-14T01:25:42+08:00 ] 127.0.0.1 /index.php/Public/register
INFO: [ route_check ] --START--
INFO: CheckRoute Behavior ::run [ RunTime:0.000866s ]
INFO: [ route_check ] --END-- [ RunTime:0.000944s ]
INFO: [ app_begin ] --START--
INFO: ReadHtmlCache Behavior ::run [ RunTime:0.000615s ]
INFO: [ app_begin ] --END-- [ RunTime:0.000667s ]
SQL: SHOW COLUMNS FROM `hello_user` [ RunTime:0.004014s ]
NOTIC: [8] Undefined index: password E:\wamp\www\helloOnline\Lib\Action\PublicAction.class.php 第 19 行.
SQL: SELECT `uname` FROM `hello_user` WHERE ( `email` = '393867916@qq.com' ) LIMIT 1   [ RunTime:0.000446s ]

[ 2014-05-14T01:25:47+08:00 ] 393867916@qq.com: =============
[ 2014-05-14T01:25:47+08:00 ] wang5815355: =============
[ 2014-05-14T01:25:47+08:00 ] 127.0.0.1 /index.php/Public/register
INFO: [ route_check ] --START--
INFO: CheckRoute Behavior ::run [ RunTime:0.000911s ]
INFO: [ route_check ] --END-- [ RunTime:0.000993s ]
INFO: [ app_begin ] --START--
INFO: ReadHtmlCache Behavior ::run [ RunTime:0.001154s ]
INFO: [ app_begin ] --END-- [ RunTime:0.001225s ]
SQL: SHOW COLUMNS FROM `hello_user` [ RunTime:0.005252s ]
SQL: SELECT * FROM `hello_user` WHERE ( `email` = '393867916@qq.com' ) AND ( `password` = 0 )  [ RunTime:0.000457s ]
SQL: UPDATE `hello_user` SET `ip`='127.0.0.1' WHERE ( `email` = '393867916@qq.com' ) AND ( `password` = 0 ) [ RunTime:0.000546s ]

[ 2014-05-14T01:25:58+08:00 ] 127.0.0.1 /
INFO: [ app_begin ] --START--
INFO: ReadHtmlCache Behavior ::run [ RunTime:0.000671s ]
INFO: [ app_begin ] --END-- [ RunTime:0.000751s ]
SQL: SHOW COLUMNS FROM `hello_user` [ RunTime:0.004403s ]
SQL: SELECT * FROM `hello_user` WHERE ( `email` = '393867916@qq.com' ) LIMIT 1   [ RunTime:0.000564s ]
SQL: SHOW COLUMNS FROM `hello_friend` [ RunTime:0.003266s ]
ERR: 1146:Table 'hello_db.hello_friend' doesn't exist
 [ SQL语句 ] : SHOW COLUMNS FROM `hello_friend`
SQL: SELECT `femail` FROM `hello_friend` WHERE ( `email` = '393867916@qq.com' )  [ RunTime:0.000318s ]
ERR: 1146:Table 'hello_db.hello_friend' doesn't exist
 [ SQL语句 ] : SELECT `femail` FROM `hello_friend` WHERE ( `email` = '393867916@qq.com' ) 
NOTIC: [2] implode() [<a href='function.implode'>function.implode</a>]: Invalid arguments passed E:\wamp\www\helloOnline\ThinkPHP\Lib\Core\Db.class.php 第 497 行.
SQL: SELECT * FROM `hello_user` WHERE ( `email` IN () )  [ RunTime:0.000175s ]
ERR: 1064:You have an error in your SQL syntax; check the manual that corresponds to your MySQL server version for the right syntax to use near ') )' at line 1
 [ SQL语句 ] : SELECT * FROM `hello_user` WHERE ( `email` IN () ) 
SQL: SHOW COLUMNS FROM `hello_group` [ RunTime:0.026763s ]
SQL: SHOW COLUMNS FROM `hello_grouprelationship` [ RunTime:0.006175s ]
SQL: SELECT * FROM `hello_group` ORDER BY id desc LIMIT 7   [ RunTime:0.031562s ]
SQL: SELECT * FROM `hello_grouprelationship` WHERE ( `circleid` = '79' ) AND ( `uemail` = '393867916@qq.com' ) LIMIT 1   [ RunTime:0.000621s ]
SQL: SELECT * FROM `hello_grouprelationship` WHERE ( `circleid` = '78' ) AND ( `uemail` = '393867916@qq.com' ) LIMIT 1   [ RunTime:0.000296s ]
INFO: [ view_parse ] --START--
NOTIC: [8] Undefined variable: slide1 E:\wamp\www\helloOnline\Runtime\Cache\b8f659f8c48154d6ea08effd1e11fbe3.php 第 1324 行.
INFO: ParseTemplate Behavior ::run [ RunTime:0.055960s ]
INFO: [ view_parse ] --END-- [ RunTime:0.056031s ]
INFO: [ view_filter ] --START--
INFO: ContentReplace Behavior ::run [ RunTime:0.000996s ]
INFO: TokenBuild Behavior ::run [ RunTime:0.000674s ]
INFO: WriteHtmlCache Behavior ::run [ RunTime:0.000514s ]
INFO: ShowRuntime Behavior ::run [ RunTime:0.000731s ]
INFO: [ view_filter ] --END-- [ RunTime:0.003099s ]
INFO: [ view_end ] --START--
INFO: ShowPageTrace Behavior ::run [ RunTime:0.000806s ]
INFO: [ view_end ] --END-- [ RunTime:0.000858s ]

[ 2014-05-14T01:30:56+08:00 ] 127.0.0.1 /
INFO: [ app_begin ] --START--
INFO: ReadHtmlCache Behavior ::run [ RunTime:0.000863s ]
INFO: [ app_begin ] --END-- [ RunTime:0.000944s ]
SQL: SHOW COLUMNS FROM `hello_user` [ RunTime:0.004015s ]
SQL: SELECT * FROM `hello_user` WHERE ( `email` = '393867916@qq.com' ) LIMIT 1   [ RunTime:0.000368s ]
SQL: SHOW COLUMNS FROM `hello_friend` [ RunTime:0.003085s ]
ERR: 1146:Table 'hello_db.hello_friend' doesn't exist
 [ SQL语句 ] : SHOW COLUMNS FROM `hello_friend`
SQL: SELECT `femail` FROM `hello_friend` WHERE ( `email` = '393867916@qq.com' )  [ RunTime:0.000312s ]
ERR: 1146:Table 'hello_db.hello_friend' doesn't exist
 [ SQL语句 ] : SELECT `femail` FROM `hello_friend` WHERE ( `email` = '393867916@qq.com' ) 
NOTIC: [2] implode() [<a href='function.implode'>function.implode</a>]: Invalid arguments passed E:\wamp\www\helloOnline\ThinkPHP\Lib\Core\Db.class.php 第 497 行.
SQL: SELECT * FROM `hello_user` WHERE ( `email` IN () )  [ RunTime:0.000163s ]
ERR: 1064:You have an error in your SQL syntax; check the manual that corresponds to your MySQL server version for the right syntax to use near ') )' at line 1
 [ SQL语句 ] : SELECT * FROM `hello_user` WHERE ( `email` IN () ) 
SQL: SHOW COLUMNS FROM `hello_group` [ RunTime:0.003621s ]
SQL: SHOW COLUMNS FROM `hello_grouprelationship` [ RunTime:0.004172s ]
SQL: SELECT * FROM `hello_group` ORDER BY id desc LIMIT 7   [ RunTime:0.000358s ]
SQL: SELECT * FROM `hello_grouprelationship` WHERE ( `circleid` = '90' ) AND ( `uemail` = '393867916@qq.com' ) LIMIT 1   [ RunTime:0.000294s ]
SQL: SELECT * FROM `hello_grouprelationship` WHERE ( `circleid` = '88' ) AND ( `uemail` = '393867916@qq.com' ) LIMIT 1   [ RunTime:0.000279s ]
INFO: [ view_parse ] --START--
NOTIC: [8] Undefined variable: slide1 E:\wamp\www\helloOnline\Runtime\Cache\b8f659f8c48154d6ea08effd1e11fbe3.php 第 1324 行.
INFO: ParseTemplate Behavior ::run [ RunTime:0.023267s ]
INFO: [ view_parse ] --END-- [ RunTime:0.023340s ]
INFO: [ view_filter ] --START--
INFO: ContentReplace Behavior ::run [ RunTime:0.000859s ]
INFO: TokenBuild Behavior ::run [ RunTime:0.000629s ]
INFO: WriteHtmlCache Behavior ::run [ RunTime:0.000465s ]
INFO: ShowRuntime Behavior ::run [ RunTime:0.000853s ]
INFO: [ view_filter ] --END-- [ RunTime:0.002964s ]
INFO: [ view_end ] --START--
INFO: ShowPageTrace Behavior ::run [ RunTime:0.000803s ]
INFO: [ view_end ] --END-- [ RunTime:0.000855s ]

[ 2014-05-14T01:31:17+08:00 ] 127.0.0.1 /index.php/Public/login
INFO: [ route_check ] --START--
INFO: CheckRoute Behavior ::run [ RunTime:0.001436s ]
INFO: [ route_check ] --END-- [ RunTime:0.001674s ]
INFO: [ app_begin ] --START--
INFO: ReadHtmlCache Behavior ::run [ RunTime:0.001004s ]
INFO: [ app_begin ] --END-- [ RunTime:0.001100s ]
INFO: [ view_parse ] --START--
INFO: ParseTemplate Behavior ::run [ RunTime:0.011225s ]
INFO: [ view_parse ] --END-- [ RunTime:0.011375s ]
INFO: [ view_filter ] --START--
INFO: ContentReplace Behavior ::run [ RunTime:0.000625s ]
INFO: TokenBuild Behavior ::run [ RunTime:0.000694s ]
INFO: WriteHtmlCache Behavior ::run [ RunTime:0.000413s ]
INFO: ShowRuntime Behavior ::run [ RunTime:0.000576s ]
INFO: [ view_filter ] --END-- [ RunTime:0.002482s ]
INFO: [ view_end ] --START--
INFO: ShowPageTrace Behavior ::run [ RunTime:0.000676s ]
INFO: [ view_end ] --END-- [ RunTime:0.000732s ]

[ 2014-05-14T01:31:24+08:00 ] 127.0.0.1 /index.php/Public/register
INFO: [ route_check ] --START--
INFO: CheckRoute Behavior ::run [ RunTime:0.000938s ]
INFO: [ route_check ] --END-- [ RunTime:0.001021s ]
INFO: [ app_begin ] --START--
INFO: ReadHtmlCache Behavior ::run [ RunTime:0.000762s ]
INFO: [ app_begin ] --END-- [ RunTime:0.000834s ]
SQL: SHOW COLUMNS FROM `hello_user` [ RunTime:0.004370s ]
NOTIC: [8] Undefined index: password E:\wamp\www\helloOnline\Lib\Action\PublicAction.class.php 第 19 行.
SQL: SELECT `uname` FROM `hello_user` WHERE ( `email` = '393867916@qq.com' ) LIMIT 1   [ RunTime:0.000364s ]

[ 2014-05-14T01:31:28+08:00 ] 393867916@qq.com: =============
[ 2014-05-14T01:31:28+08:00 ] wang5815355: =============
[ 2014-05-14T01:31:28+08:00 ] 127.0.0.1 /index.php/Public/register
INFO: [ route_check ] --START--
INFO: CheckRoute Behavior ::run [ RunTime:0.001027s ]
INFO: [ route_check ] --END-- [ RunTime:0.001125s ]
INFO: [ app_begin ] --START--
INFO: ReadHtmlCache Behavior ::run [ RunTime:0.000711s ]
INFO: [ app_begin ] --END-- [ RunTime:0.000771s ]
SQL: SHOW COLUMNS FROM `hello_user` [ RunTime:0.004412s ]
SQL: SELECT * FROM `hello_user` WHERE ( `email` = '393867916@qq.com' ) AND ( `password` = 0 )  [ RunTime:0.000428s ]
SQL: UPDATE `hello_user` SET `ip`='127.0.0.1' WHERE ( `email` = '393867916@qq.com' ) AND ( `password` = 0 ) [ RunTime:0.000454s ]

[ 2014-05-14T01:31:36+08:00 ] 127.0.0.1 /index.php
INFO: [ app_begin ] --START--
INFO: ReadHtmlCache Behavior ::run [ RunTime:0.000804s ]
INFO: [ app_begin ] --END-- [ RunTime:0.000897s ]
SQL: SHOW COLUMNS FROM `hello_user` [ RunTime:0.020066s ]
SQL: SELECT * FROM `hello_user` WHERE ( `email` = '393867916@qq.com' ) LIMIT 1   [ RunTime:0.000383s ]
SQL: SHOW COLUMNS FROM `hello_friend` [ RunTime:0.003191s ]
ERR: 1146:Table 'hello_db.hello_friend' doesn't exist
 [ SQL语句 ] : SHOW COLUMNS FROM `hello_friend`
SQL: SELECT `femail` FROM `hello_friend` WHERE ( `email` = '393867916@qq.com' )  [ RunTime:0.000731s ]
ERR: 1146:Table 'hello_db.hello_friend' doesn't exist
 [ SQL语句 ] : SELECT `femail` FROM `hello_friend` WHERE ( `email` = '393867916@qq.com' ) 
NOTIC: [2] implode() [<a href='function.implode'>function.implode</a>]: Invalid arguments passed E:\wamp\www\helloOnline\ThinkPHP\Lib\Core\Db.class.php 第 497 行.
SQL: SELECT * FROM `hello_user` WHERE ( `email` IN () )  [ RunTime:0.000192s ]
ERR: 1064:You have an error in your SQL syntax; check the manual that corresponds to your MySQL server version for the right syntax to use near ') )' at line 1
 [ SQL语句 ] : SELECT * FROM `hello_user` WHERE ( `email` IN () ) 
SQL: SHOW COLUMNS FROM `hello_group` [ RunTime:0.004327s ]
SQL: SHOW COLUMNS FROM `hello_grouprelationship` [ RunTime:0.003626s ]
SQL: SELECT * FROM `hello_group` ORDER BY id desc LIMIT 7   [ RunTime:0.000338s ]
SQL: SELECT * FROM `hello_grouprelationship` WHERE ( `circleid` = '90' ) AND ( `uemail` = '393867916@qq.com' ) LIMIT 1   [ RunTime:0.000319s ]
SQL: SELECT * FROM `hello_grouprelationship` WHERE ( `circleid` = '88' ) AND ( `uemail` = '393867916@qq.com' ) LIMIT 1   [ RunTime:0.000309s ]
INFO: [ view_parse ] --START--
NOTIC: [8] Undefined variable: slide1 E:\wamp\www\helloOnline\Runtime\Cache\b8f659f8c48154d6ea08effd1e11fbe3.php 第 1324 行.
INFO: ParseTemplate Behavior ::run [ RunTime:0.024943s ]
INFO: [ view_parse ] --END-- [ RunTime:0.025028s ]
INFO: [ view_filter ] --START--
INFO: ContentReplace Behavior ::run [ RunTime:0.001131s ]
INFO: TokenBuild Behavior ::run [ RunTime:0.000770s ]
INFO: WriteHtmlCache Behavior ::run [ RunTime:0.000521s ]
INFO: ShowRuntime Behavior ::run [ RunTime:0.000904s ]
INFO: [ view_filter ] --END-- [ RunTime:0.003555s ]
INFO: [ view_end ] --START--
INFO: ShowPageTrace Behavior ::run [ RunTime:0.000918s ]
INFO: [ view_end ] --END-- [ RunTime:0.001049s ]

[ 2014-05-14T01:33:01+08:00 ] 127.0.0.1 /helloOnline/
INFO: [ app_begin ] --START--
INFO: ReadHtmlCache Behavior ::run [ RunTime:0.001058s ]
INFO: [ app_begin ] --END-- [ RunTime:0.001140s ]
SQL: SHOW COLUMNS FROM `hello_user` [ RunTime:0.006210s ]
SQL: SELECT * FROM `hello_user` WHERE ( `email` = '393867916@qq.com' ) LIMIT 1   [ RunTime:0.000613s ]
SQL: SHOW COLUMNS FROM `hello_friend` [ RunTime:0.003442s ]
ERR: 1146:Table 'hello_db.hello_friend' doesn't exist
 [ SQL语句 ] : SHOW COLUMNS FROM `hello_friend`
SQL: SELECT `femail` FROM `hello_friend` WHERE ( `email` = '393867916@qq.com' )  [ RunTime:0.000405s ]
ERR: 1146:Table 'hello_db.hello_friend' doesn't exist
 [ SQL语句 ] : SELECT `femail` FROM `hello_friend` WHERE ( `email` = '393867916@qq.com' ) 
NOTIC: [2] implode() [<a href='function.implode'>function.implode</a>]: Invalid arguments passed E:\wamp\www\helloOnline\ThinkPHP\Lib\Core\Db.class.php 第 497 行.
SQL: SELECT * FROM `hello_user` WHERE ( `email` IN () )  [ RunTime:0.000176s ]
ERR: 1064:You have an error in your SQL syntax; check the manual that corresponds to your MySQL server version for the right syntax to use near ') )' at line 1
 [ SQL语句 ] : SELECT * FROM `hello_user` WHERE ( `email` IN () ) 
SQL: SHOW COLUMNS FROM `hello_group` [ RunTime:0.004314s ]
SQL: SHOW COLUMNS FROM `hello_grouprelationship` [ RunTime:0.004339s ]
SQL: SELECT * FROM `hello_group` ORDER BY id desc LIMIT 7   [ RunTime:0.000464s ]
SQL: SELECT * FROM `hello_grouprelationship` WHERE ( `circleid` = '90' ) AND ( `uemail` = '393867916@qq.com' ) LIMIT 1   [ RunTime:0.000386s ]
SQL: SELECT * FROM `hello_grouprelationship` WHERE ( `circleid` = '88' ) AND ( `uemail` = '393867916@qq.com' ) LIMIT 1   [ RunTime:0.000311s ]
INFO: [ view_parse ] --START--
NOTIC: [8] Undefined variable: slide1 E:\wamp\www\helloOnline\Runtime\Cache\b8f659f8c48154d6ea08effd1e11fbe3.php 第 1324 行.
INFO: ParseTemplate Behavior ::run [ RunTime:0.043062s ]
INFO: [ view_parse ] --END-- [ RunTime:0.043137s ]
INFO: [ view_filter ] --START--
INFO: ContentReplace Behavior ::run [ RunTime:0.000900s ]
INFO: TokenBuild Behavior ::run [ RunTime:0.000655s ]
INFO: WriteHtmlCache Behavior ::run [ RunTime:0.000483s ]
INFO: ShowRuntime Behavior ::run [ RunTime:0.000767s ]
INFO: [ view_filter ] --END-- [ RunTime:0.002974s ]
INFO: [ view_end ] --START--
INFO: ShowPageTrace Behavior ::run [ RunTime:0.000915s ]
INFO: [ view_end ] --END-- [ RunTime:0.000974s ]

